{"C:\\Users\\EC Santxsz\\Desktop\\Flexi Lease Auto - API\\jest.config.ts": {"path":"C:\\Users\\EC Santxsz\\Desktop\\Flexi Lease Auto - API\\jest.config.ts","statementMap":{"0":{"start":{"line":7,"column":0},"end":{"line":7,"column":47}},"1":{"start":{"line":8,"column":0},"end":{"line":8,"column":47}},"2":{"start":{"line":10,"column":23},"end":{"line":201,"column":2}},"3":{"start":{"line":203,"column":0},"end":{"line":203,"column":22}}},"fnMap":{},"branchMap":{},"s":{"0":0,"1":0,"2":0,"3":0},"f":{},"b":{}}
,"C:\\Users\\EC Santxsz\\Desktop\\Flexi Lease Auto - API\\src\\index.ts": {"path":"C:\\Users\\EC Santxsz\\Desktop\\Flexi Lease Auto - API\\src\\index.ts","statementMap":{"0":{"start":{"line":1,"column":0},"end":{"line":1,"column":26}},"1":{"start":{"line":2,"column":0},"end":{"line":2,"column":30}},"2":{"start":{"line":3,"column":0},"end":{"line":3,"column":24}},"3":{"start":{"line":4,"column":0},"end":{"line":4,"column":null}},"4":{"start":{"line":9,"column":0},"end":{"line":9,"column":23}},"5":{"start":{"line":10,"column":0},"end":{"line":10,"column":35}},"6":{"start":{"line":11,"column":0},"end":{"line":11,"column":43}},"7":{"start":{"line":12,"column":0},"end":{"line":12,"column":51}},"8":{"start":{"line":14,"column":0},"end":{"line":14,"column":25}},"9":{"start":{"line":15,"column":0},"end":{"line":15,"column":49}},"10":{"start":{"line":17,"column":0},"end":{"line":17,"column":47}},"11":{"start":{"line":18,"column":0},"end":{"line":18,"column":44}},"12":{"start":{"line":19,"column":0},"end":{"line":19,"column":51}},"13":{"start":{"line":21,"column":12},"end":{"line":21,"column":21}},"14":{"start":{"line":23,"column":0},"end":{"line":23,"column":16}},"15":{"start":{"line":24,"column":0},"end":{"line":24,"column":24}},"16":{"start":{"line":25,"column":0},"end":{"line":25,"column":48}},"17":{"start":{"line":27,"column":0},"end":{"line":27,"column":27}},"18":{"start":{"line":28,"column":0},"end":{"line":28,"column":26}},"19":{"start":{"line":29,"column":0},"end":{"line":29,"column":null}},"20":{"start":{"line":30,"column":0},"end":{"line":30,"column":79}},"21":{"start":{"line":32,"column":0},"end":{"line":32,"column":18}},"22":{"start":{"line":35,"column":0},"end":{"line":51,"column":2}},"23":{"start":{"line":37,"column":2},"end":{"line":43,"column":3}},"24":{"start":{"line":38,"column":3},"end":{"line":42,"column":6}},"25":{"start":{"line":45,"column":2},"end":{"line":49,"column":5}},"26":{"start":{"line":53,"column":0},"end":{"line":53,"column":21}}},"fnMap":{"0":{"name":"(anonymous_1)","decl":{"start":{"line":36,"column":1},"end":{"line":36,"column":2}},"loc":{"start":{"line":36,"column":76},"end":{"line":50,"column":2}}}},"branchMap":{"0":{"loc":{"start":{"line":37,"column":2},"end":{"line":43,"column":3}},"type":"if","locations":[{"start":{"line":37,"column":2},"end":{"line":43,"column":3}}]}},"s":{"0":13,"1":13,"2":13,"3":13,"4":13,"5":13,"6":13,"7":13,"8":13,"9":13,"10":13,"11":13,"12":13,"13":13,"14":13,"15":13,"16":13,"17":13,"18":13,"19":13,"20":13,"21":13,"22":13,"23":23,"24":23,"25":0,"26":13},"f":{"0":23},"b":{"0":[23]}}
,"C:\\Users\\EC Santxsz\\Desktop\\Flexi Lease Auto - API\\src\\server.ts": {"path":"C:\\Users\\EC Santxsz\\Desktop\\Flexi Lease Auto - API\\src\\server.ts","statementMap":{"0":{"start":{"line":1,"column":12},"end":{"line":1,"column":35}},"1":{"start":{"line":3,"column":13},"end":{"line":3,"column":44}},"2":{"start":{"line":4,"column":0},"end":{"line":6,"column":3}},"3":{"start":{"line":5,"column":4},"end":{"line":5,"column":72}}},"fnMap":{"0":{"name":"(anonymous_0)","decl":{"start":{"line":4,"column":17},"end":{"line":4,"column":20}},"loc":{"start":{"line":4,"column":22},"end":{"line":6,"column":1}}}},"branchMap":{"0":{"loc":{"start":{"line":3,"column":13},"end":{"line":3,"column":44}},"type":"binary-expr","locations":[{"start":{"line":3,"column":13},"end":{"line":3,"column":36}},{"start":{"line":3,"column":40},"end":{"line":3,"column":44}}]}},"s":{"0":0,"1":0,"2":0,"3":0},"f":{"0":0},"b":{"0":[0,0]}}
,"C:\\Users\\EC Santxsz\\Desktop\\Flexi Lease Auto - API\\src\\api\\controllers\\CarController.ts": {"path":"C:\\Users\\EC Santxsz\\Desktop\\Flexi Lease Auto - API\\src\\api\\controllers\\CarController.ts","statementMap":{"0":{"start":{"line":2,"column":0},"end":{"line":2,"column":55}},"1":{"start":{"line":4,"column":0},"end":{"line":4,"column":67}},"2":{"start":{"line":5,"column":0},"end":{"line":5,"column":69}},"3":{"start":{"line":6,"column":0},"end":{"line":6,"column":67}},"4":{"start":{"line":7,"column":0},"end":{"line":7,"column":67}},"5":{"start":{"line":8,"column":0},"end":{"line":8,"column":63}},"6":{"start":{"line":9,"column":0},"end":{"line":9,"column":67}},"7":{"start":{"line":14,"column":3},"end":{"line":14,"column":11}},"8":{"start":{"line":15,"column":20},"end":{"line":15,"column":53}},"9":{"start":{"line":17,"column":21},"end":{"line":17,"column":43}},"10":{"start":{"line":19,"column":20},"end":{"line":27,"column":4}},"11":{"start":{"line":28,"column":2},"end":{"line":28,"column":41}},"12":{"start":{"line":32,"column":15},"end":{"line":32,"column":37}},"13":{"start":{"line":33,"column":16},"end":{"line":33,"column":39}},"14":{"start":{"line":35,"column":20},"end":{"line":35,"column":53}},"15":{"start":{"line":38,"column":3},"end":{"line":38,"column":12}},"16":{"start":{"line":40,"column":2},"end":{"line":42,"column":3}},"17":{"start":{"line":41,"column":3},"end":{"line":41,"column":28}},"18":{"start":{"line":43,"column":2},"end":{"line":45,"column":3}},"19":{"start":{"line":44,"column":3},"end":{"line":44,"column":35}},"20":{"start":{"line":46,"column":2},"end":{"line":48,"column":3}},"21":{"start":{"line":47,"column":3},"end":{"line":47,"column":28}},"22":{"start":{"line":49,"column":2},"end":{"line":51,"column":3}},"23":{"start":{"line":50,"column":3},"end":{"line":50,"column":42}},"24":{"start":{"line":52,"column":2},"end":{"line":54,"column":3}},"25":{"start":{"line":53,"column":3},"end":{"line":53,"column":35}},"26":{"start":{"line":55,"column":2},"end":{"line":57,"column":3}},"27":{"start":{"line":56,"column":3},"end":{"line":56,"column":52}},"28":{"start":{"line":59,"column":21},"end":{"line":59,"column":44}},"29":{"start":{"line":61,"column":15},"end":{"line":61,"column":20}},"30":{"start":{"line":62,"column":15},"end":{"line":62,"column":48}},"31":{"start":{"line":63,"column":15},"end":{"line":68,"column":null}},"32":{"start":{"line":71,"column":2},"end":{"line":71,"column":56}},"33":{"start":{"line":75,"column":13},"end":{"line":75,"column":43}},"34":{"start":{"line":76,"column":20},"end":{"line":76,"column":53}},"35":{"start":{"line":78,"column":21},"end":{"line":78,"column":43}},"36":{"start":{"line":79,"column":2},"end":{"line":79,"column":46}},"37":{"start":{"line":80,"column":2},"end":{"line":80,"column":32}},"38":{"start":{"line":85,"column":3},"end":{"line":85,"column":11}},"39":{"start":{"line":86,"column":13},"end":{"line":86,"column":34}},"40":{"start":{"line":87,"column":20},"end":{"line":87,"column":53}},"41":{"start":{"line":89,"column":21},"end":{"line":89,"column":43}},"42":{"start":{"line":90,"column":20},"end":{"line":99,"column":4}},"43":{"start":{"line":100,"column":2},"end":{"line":100,"column":41}},"44":{"start":{"line":104,"column":13},"end":{"line":104,"column":34}},"45":{"start":{"line":105,"column":21},"end":{"line":105,"column":41}},"46":{"start":{"line":106,"column":18},"end":{"line":106,"column":46}},"47":{"start":{"line":107,"column":2},"end":{"line":107,"column":39}},"48":{"start":{"line":111,"column":13},"end":{"line":111,"column":43}},"49":{"start":{"line":113,"column":3},"end":{"line":113,"column":11}},"50":{"start":{"line":114,"column":20},"end":{"line":114,"column":53}},"51":{"start":{"line":116,"column":21},"end":{"line":116,"column":43}},"52":{"start":{"line":117,"column":20},"end":{"line":126,"column":4}},"53":{"start":{"line":128,"column":2},"end":{"line":128,"column":41}},"54":{"start":{"line":11,"column":0},"end":{"line":11,"column":21}}},"fnMap":{"0":{"name":"(anonymous_8)","decl":{"start":{"line":12,"column":14},"end":{"line":12,"column":20}},"loc":{"start":{"line":12,"column":48},"end":{"line":29,"column":null}}},"1":{"name":"(anonymous_10)","decl":{"start":{"line":31,"column":14},"end":{"line":31,"column":21}},"loc":{"start":{"line":31,"column":49},"end":{"line":72,"column":null}}},"2":{"name":"(anonymous_12)","decl":{"start":{"line":74,"column":14},"end":{"line":74,"column":20}},"loc":{"start":{"line":74,"column":48},"end":{"line":81,"column":null}}},"3":{"name":"(anonymous_14)","decl":{"start":{"line":83,"column":14},"end":{"line":83,"column":20}},"loc":{"start":{"line":83,"column":48},"end":{"line":101,"column":null}}},"4":{"name":"(anonymous_16)","decl":{"start":{"line":103,"column":14},"end":{"line":103,"column":18}},"loc":{"start":{"line":103,"column":46},"end":{"line":108,"column":null}}},"5":{"name":"(anonymous_18)","decl":{"start":{"line":110,"column":14},"end":{"line":110,"column":20}},"loc":{"start":{"line":110,"column":48},"end":{"line":129,"column":null}}}},"branchMap":{"0":{"loc":{"start":{"line":40,"column":2},"end":{"line":42,"column":3}},"type":"if","locations":[{"start":{"line":40,"column":2},"end":{"line":42,"column":3}}]},"1":{"loc":{"start":{"line":43,"column":2},"end":{"line":45,"column":3}},"type":"if","locations":[{"start":{"line":43,"column":2},"end":{"line":45,"column":3}}]},"2":{"loc":{"start":{"line":46,"column":2},"end":{"line":48,"column":3}},"type":"if","locations":[{"start":{"line":46,"column":2},"end":{"line":48,"column":3}}]},"3":{"loc":{"start":{"line":49,"column":2},"end":{"line":51,"column":3}},"type":"if","locations":[{"start":{"line":49,"column":2},"end":{"line":51,"column":3}}]},"4":{"loc":{"start":{"line":52,"column":2},"end":{"line":54,"column":3}},"type":"if","locations":[{"start":{"line":52,"column":2},"end":{"line":54,"column":3}}]},"5":{"loc":{"start":{"line":55,"column":2},"end":{"line":57,"column":3}},"type":"if","locations":[{"start":{"line":55,"column":2},"end":{"line":57,"column":3}}]}},"s":{"0":13,"1":13,"2":13,"3":13,"4":13,"5":13,"6":13,"7":4,"8":4,"9":4,"10":4,"11":1,"12":3,"13":3,"14":3,"15":3,"16":3,"17":0,"18":3,"19":0,"20":3,"21":0,"22":3,"23":0,"24":3,"25":0,"26":3,"27":0,"28":3,"29":3,"30":3,"31":3,"32":3,"33":2,"34":2,"35":2,"36":2,"37":1,"38":3,"39":3,"40":3,"41":3,"42":3,"43":1,"44":1,"45":1,"46":1,"47":1,"48":3,"49":3,"50":3,"51":3,"52":3,"53":1,"54":13},"f":{"0":4,"1":3,"2":2,"3":3,"4":1,"5":3},"b":{"0":[0],"1":[0],"2":[0],"3":[0],"4":[0],"5":[0]}}
,"C:\\Users\\EC Santxsz\\Desktop\\Flexi Lease Auto - API\\src\\api\\controllers\\ReserveController.ts": {"path":"C:\\Users\\EC Santxsz\\Desktop\\Flexi Lease Auto - API\\src\\api\\controllers\\ReserveController.ts","statementMap":{"0":{"start":{"line":2,"column":0},"end":{"line":2,"column":55}},"1":{"start":{"line":4,"column":0},"end":{"line":4,"column":79}},"2":{"start":{"line":5,"column":0},"end":{"line":5,"column":75}},"3":{"start":{"line":6,"column":0},"end":{"line":6,"column":75}},"4":{"start":{"line":7,"column":0},"end":{"line":7,"column":79}},"5":{"start":{"line":8,"column":0},"end":{"line":8,"column":79}},"6":{"start":{"line":12,"column":40},"end":{"line":12,"column":48}},"7":{"start":{"line":13,"column":20},"end":{"line":13,"column":53}},"8":{"start":{"line":15,"column":24},"end":{"line":15,"column":50}},"9":{"start":{"line":16,"column":17},"end":{"line":21,"column":4}},"10":{"start":{"line":22,"column":2},"end":{"line":22,"column":38}},"11":{"start":{"line":26,"column":15},"end":{"line":26,"column":37}},"12":{"start":{"line":27,"column":16},"end":{"line":27,"column":39}},"13":{"start":{"line":28,"column":20},"end":{"line":28,"column":53}},"14":{"start":{"line":30,"column":52},"end":{"line":30,"column":61}},"15":{"start":{"line":32,"column":2},"end":{"line":34,"column":3}},"16":{"start":{"line":33,"column":3},"end":{"line":33,"column":32}},"17":{"start":{"line":35,"column":2},"end":{"line":37,"column":3}},"18":{"start":{"line":36,"column":3},"end":{"line":36,"column":30}},"19":{"start":{"line":38,"column":2},"end":{"line":40,"column":3}},"20":{"start":{"line":39,"column":3},"end":{"line":39,"column":41}},"21":{"start":{"line":41,"column":2},"end":{"line":43,"column":3}},"22":{"start":{"line":42,"column":3},"end":{"line":42,"column":36}},"23":{"start":{"line":45,"column":21},"end":{"line":45,"column":45}},"24":{"start":{"line":47,"column":15},"end":{"line":47,"column":20}},"25":{"start":{"line":48,"column":15},"end":{"line":48,"column":48}},"26":{"start":{"line":49,"column":15},"end":{"line":54,"column":null}},"27":{"start":{"line":57,"column":2},"end":{"line":57,"column":56}},"28":{"start":{"line":61,"column":20},"end":{"line":61,"column":53}},"29":{"start":{"line":62,"column":13},"end":{"line":62,"column":34}},"30":{"start":{"line":64,"column":22},"end":{"line":64,"column":46}},"31":{"start":{"line":65,"column":15},"end":{"line":65,"column":55}},"32":{"start":{"line":67,"column":2},"end":{"line":67,"column":36}},"33":{"start":{"line":71,"column":20},"end":{"line":71,"column":53}},"34":{"start":{"line":72,"column":13},"end":{"line":72,"column":34}},"35":{"start":{"line":74,"column":40},"end":{"line":74,"column":48}},"36":{"start":{"line":76,"column":24},"end":{"line":76,"column":50}},"37":{"start":{"line":77,"column":17},"end":{"line":83,"column":4}},"38":{"start":{"line":85,"column":2},"end":{"line":85,"column":38}},"39":{"start":{"line":89,"column":20},"end":{"line":89,"column":53}},"40":{"start":{"line":90,"column":13},"end":{"line":90,"column":34}},"41":{"start":{"line":92,"column":24},"end":{"line":92,"column":50}},"42":{"start":{"line":93,"column":2},"end":{"line":93,"column":49}},"43":{"start":{"line":94,"column":2},"end":{"line":94,"column":32}},"44":{"start":{"line":10,"column":0},"end":{"line":10,"column":21}}},"fnMap":{"0":{"name":"(anonymous_8)","decl":{"start":{"line":11,"column":14},"end":{"line":11,"column":20}},"loc":{"start":{"line":11,"column":48},"end":{"line":23,"column":null}}},"1":{"name":"(anonymous_10)","decl":{"start":{"line":25,"column":14},"end":{"line":25,"column":21}},"loc":{"start":{"line":25,"column":49},"end":{"line":58,"column":null}}},"2":{"name":"(anonymous_12)","decl":{"start":{"line":60,"column":14},"end":{"line":60,"column":18}},"loc":{"start":{"line":60,"column":46},"end":{"line":68,"column":null}}},"3":{"name":"(anonymous_14)","decl":{"start":{"line":70,"column":14},"end":{"line":70,"column":20}},"loc":{"start":{"line":70,"column":48},"end":{"line":86,"column":null}}},"4":{"name":"(anonymous_16)","decl":{"start":{"line":88,"column":14},"end":{"line":88,"column":20}},"loc":{"start":{"line":88,"column":48},"end":{"line":95,"column":null}}}},"branchMap":{"0":{"loc":{"start":{"line":32,"column":2},"end":{"line":34,"column":3}},"type":"if","locations":[{"start":{"line":32,"column":2},"end":{"line":34,"column":3}}]},"1":{"loc":{"start":{"line":35,"column":2},"end":{"line":37,"column":3}},"type":"if","locations":[{"start":{"line":35,"column":2},"end":{"line":37,"column":3}}]},"2":{"loc":{"start":{"line":38,"column":2},"end":{"line":40,"column":3}},"type":"if","locations":[{"start":{"line":38,"column":2},"end":{"line":40,"column":3}}]},"3":{"loc":{"start":{"line":41,"column":2},"end":{"line":43,"column":3}},"type":"if","locations":[{"start":{"line":41,"column":2},"end":{"line":43,"column":3}}]}},"s":{"0":13,"1":13,"2":13,"3":13,"4":13,"5":13,"6":4,"7":4,"8":4,"9":4,"10":1,"11":2,"12":2,"13":2,"14":2,"15":2,"16":0,"17":2,"18":0,"19":2,"20":0,"21":2,"22":0,"23":2,"24":2,"25":2,"26":2,"27":1,"28":0,"29":0,"30":0,"31":0,"32":0,"33":0,"34":0,"35":0,"36":0,"37":0,"38":0,"39":0,"40":0,"41":0,"42":0,"43":0,"44":13},"f":{"0":4,"1":2,"2":0,"3":0,"4":0},"b":{"0":[0],"1":[0],"2":[0],"3":[0]}}
,"C:\\Users\\EC Santxsz\\Desktop\\Flexi Lease Auto - API\\src\\api\\controllers\\UserController.ts": {"path":"C:\\Users\\EC Santxsz\\Desktop\\Flexi Lease Auto - API\\src\\api\\controllers\\UserController.ts","statementMap":{"0":{"start":{"line":2,"column":0},"end":{"line":2,"column":55}},"1":{"start":{"line":4,"column":0},"end":{"line":4,"column":70}},"2":{"start":{"line":5,"column":0},"end":{"line":5,"column":66}},"3":{"start":{"line":6,"column":0},"end":{"line":6,"column":70}},"4":{"start":{"line":7,"column":0},"end":{"line":7,"column":70}},"5":{"start":{"line":8,"column":0},"end":{"line":8,"column":74}},"6":{"start":{"line":12,"column":53},"end":{"line":12,"column":61}},"7":{"start":{"line":14,"column":22},"end":{"line":14,"column":45}},"8":{"start":{"line":16,"column":15},"end":{"line":23,"column":4}},"9":{"start":{"line":25,"column":2},"end":{"line":25,"column":56}},"10":{"start":{"line":29,"column":30},"end":{"line":29,"column":38}},"11":{"start":{"line":30,"column":22},"end":{"line":30,"column":43}},"12":{"start":{"line":32,"column":21},"end":{"line":32,"column":67}},"13":{"start":{"line":33,"column":2},"end":{"line":33,"column":58}},"14":{"start":{"line":37,"column":53},"end":{"line":37,"column":61}},"15":{"start":{"line":38,"column":13},"end":{"line":38,"column":34}},"16":{"start":{"line":39,"column":20},"end":{"line":39,"column":53}},"17":{"start":{"line":41,"column":22},"end":{"line":41,"column":45}},"18":{"start":{"line":42,"column":22},"end":{"line":51,"column":4}},"19":{"start":{"line":53,"column":2},"end":{"line":53,"column":43}},"20":{"start":{"line":57,"column":13},"end":{"line":57,"column":34}},"21":{"start":{"line":59,"column":22},"end":{"line":59,"column":45}},"22":{"start":{"line":60,"column":2},"end":{"line":60,"column":36}},"23":{"start":{"line":61,"column":2},"end":{"line":61,"column":32}},"24":{"start":{"line":65,"column":19},"end":{"line":65,"column":40}},"25":{"start":{"line":66,"column":22},"end":{"line":66,"column":47}},"26":{"start":{"line":67,"column":19},"end":{"line":67,"column":52}},"27":{"start":{"line":68,"column":2},"end":{"line":68,"column":60}},"28":{"start":{"line":10,"column":0},"end":{"line":10,"column":21}}},"fnMap":{"0":{"name":"(anonymous_8)","decl":{"start":{"line":11,"column":14},"end":{"line":11,"column":20}},"loc":{"start":{"line":11,"column":48},"end":{"line":26,"column":null}}},"1":{"name":"(anonymous_10)","decl":{"start":{"line":28,"column":14},"end":{"line":28,"column":18}},"loc":{"start":{"line":28,"column":46},"end":{"line":34,"column":null}}},"2":{"name":"(anonymous_12)","decl":{"start":{"line":36,"column":14},"end":{"line":36,"column":20}},"loc":{"start":{"line":36,"column":48},"end":{"line":54,"column":null}}},"3":{"name":"(anonymous_14)","decl":{"start":{"line":56,"column":14},"end":{"line":56,"column":20}},"loc":{"start":{"line":56,"column":48},"end":{"line":62,"column":null}}},"4":{"name":"(anonymous_16)","decl":{"start":{"line":64,"column":14},"end":{"line":64,"column":18}},"loc":{"start":{"line":64,"column":46},"end":{"line":69,"column":null}}}},"branchMap":{},"s":{"0":13,"1":13,"2":13,"3":13,"4":13,"5":13,"6":6,"7":6,"8":6,"9":1,"10":1,"11":1,"12":1,"13":1,"14":4,"15":4,"16":4,"17":4,"18":4,"19":1,"20":1,"21":1,"22":1,"23":1,"24":1,"25":1,"26":1,"27":1,"28":13},"f":{"0":6,"1":1,"2":4,"3":1,"4":1},"b":{}}
,"C:\\Users\\EC Santxsz\\Desktop\\Flexi Lease Auto - API\\src\\api\\middlewares\\AppError.ts": {"path":"C:\\Users\\EC Santxsz\\Desktop\\Flexi Lease Auto - API\\src\\api\\middlewares\\AppError.ts","statementMap":{"0":{"start":{"line":7,"column":2},"end":{"line":7,"column":25}},"1":{"start":{"line":8,"column":2},"end":{"line":8,"column":31}},"2":{"start":{"line":9,"column":2},"end":{"line":9,"column":37}},"3":{"start":{"line":10,"column":2},"end":{"line":19,"column":3}},"4":{"start":{"line":12,"column":4},"end":{"line":12,"column":38}},"5":{"start":{"line":13,"column":4},"end":{"line":13,"column":10}},"6":{"start":{"line":15,"column":4},"end":{"line":15,"column":40}},"7":{"start":{"line":16,"column":4},"end":{"line":16,"column":10}},"8":{"start":{"line":18,"column":4},"end":{"line":18,"column":40}},"9":{"start":{"line":23,"column":0},"end":{"line":23,"column":24}}},"fnMap":{"0":{"name":"(anonymous_0)","decl":{"start":{"line":6,"column":1},"end":{"line":6,"column":13}},"loc":{"start":{"line":6,"column":76},"end":{"line":20,"column":2}}}},"branchMap":{"0":{"loc":{"start":{"line":6,"column":30},"end":{"line":6,"column":46}},"type":"default-arg","locations":[{"start":{"line":6,"column":43},"end":{"line":6,"column":46}}]},"1":{"loc":{"start":{"line":6,"column":48},"end":{"line":6,"column":76}},"type":"default-arg","locations":[{"start":{"line":6,"column":64},"end":{"line":6,"column":76}}]},"2":{"loc":{"start":{"line":10,"column":2},"end":{"line":19,"column":3}},"type":"switch","locations":[{"start":{"line":11,"column":3},"end":{"line":13,"column":10}},{"start":{"line":14,"column":3},"end":{"line":16,"column":10}},{"start":{"line":17,"column":3},"end":{"line":18,"column":40}}]}},"s":{"0":23,"1":23,"2":23,"3":23,"4":3,"5":3,"6":17,"7":17,"8":2,"9":13},"f":{"0":23},"b":{"0":[3],"1":[23],"2":[3,17,2]}}
,"C:\\Users\\EC Santxsz\\Desktop\\Flexi Lease Auto - API\\src\\api\\middlewares\\Authenticated.ts": {"path":"C:\\Users\\EC Santxsz\\Desktop\\Flexi Lease Auto - API\\src\\api\\middlewares\\Authenticated.ts","statementMap":{"0":{"start":{"line":6,"column":0},"end":{"line":6,"column":30}},"1":{"start":{"line":3,"column":0},"end":{"line":3,"column":36}},"2":{"start":{"line":4,"column":0},"end":{"line":4,"column":49}},"3":{"start":{"line":11,"column":13},"end":{"line":11,"column":38}},"4":{"start":{"line":12,"column":21},"end":{"line":12,"column":39}},"5":{"start":{"line":13,"column":1},"end":{"line":15,"column":2}},"6":{"start":{"line":14,"column":2},"end":{"line":14,"column":49}},"7":{"start":{"line":16,"column":1},"end":{"line":25,"column":3}},"8":{"start":{"line":20,"column":3},"end":{"line":22,"column":4}},"9":{"start":{"line":21,"column":4},"end":{"line":21,"column":58}},"10":{"start":{"line":23,"column":3},"end":{"line":23,"column":10}}},"fnMap":{"0":{"name":"authenticateToken","decl":{"start":{"line":6,"column":30},"end":{"line":6,"column":47}},"loc":{"start":{"line":9,"column":19},"end":{"line":26,"column":null}}},"1":{"name":"(anonymous_10)","decl":{"start":{"line":19,"column":2},"end":{"line":19,"column":3}},"loc":{"start":{"line":19,"column":10},"end":{"line":24,"column":3}}}},"branchMap":{"0":{"loc":{"start":{"line":12,"column":21},"end":{"line":12,"column":39}},"type":"cond-expr","locations":[{"start":{"line":12,"column":24},"end":{"line":12,"column":26}},{"start":{"line":12,"column":21},"end":{"line":12,"column":39}}]},"1":{"loc":{"start":{"line":12,"column":21},"end":{"line":12,"column":26}},"type":"binary-expr","locations":[{"start":{"line":12,"column":21},"end":{"line":12,"column":26}},{"start":{"line":12,"column":21},"end":{"line":12,"column":26}}]},"2":{"loc":{"start":{"line":13,"column":1},"end":{"line":15,"column":2}},"type":"if","locations":[{"start":{"line":13,"column":1},"end":{"line":15,"column":2}}]},"3":{"loc":{"start":{"line":20,"column":3},"end":{"line":22,"column":4}},"type":"if","locations":[{"start":{"line":20,"column":3},"end":{"line":22,"column":4}}]}},"s":{"0":13,"1":13,"2":13,"3":31,"4":31,"5":31,"6":0,"7":31,"8":31,"9":1,"10":30},"f":{"0":31,"1":31},"b":{"0":[0,31],"1":[31,31],"2":[0],"3":[1]}}
,"C:\\Users\\EC Santxsz\\Desktop\\Flexi Lease Auto - API\\src\\api\\middlewares\\CheckUserAuth.ts": {"path":"C:\\Users\\EC Santxsz\\Desktop\\Flexi Lease Auto - API\\src\\api\\middlewares\\CheckUserAuth.ts","statementMap":{"0":{"start":{"line":8,"column":0},"end":{"line":8,"column":30}},"1":{"start":{"line":2,"column":0},"end":{"line":2,"column":31}},"2":{"start":{"line":4,"column":0},"end":{"line":4,"column":34}},"3":{"start":{"line":13,"column":19},"end":{"line":13,"column":44}},"4":{"start":{"line":14,"column":21},"end":{"line":14,"column":45}},"5":{"start":{"line":15,"column":16},"end":{"line":15,"column":64}},"6":{"start":{"line":17,"column":1},"end":{"line":29,"column":3}},"7":{"start":{"line":21,"column":3},"end":{"line":23,"column":4}},"8":{"start":{"line":22,"column":4},"end":{"line":22,"column":48}},"9":{"start":{"line":24,"column":24},"end":{"line":24,"column":46}},"10":{"start":{"line":25,"column":3},"end":{"line":27,"column":4}},"11":{"start":{"line":26,"column":4},"end":{"line":26,"column":47}},"12":{"start":{"line":30,"column":1},"end":{"line":30,"column":8}}},"fnMap":{"0":{"name":"checkUserAuth","decl":{"start":{"line":8,"column":30},"end":{"line":8,"column":43}},"loc":{"start":{"line":11,"column":19},"end":{"line":31,"column":null}}},"1":{"name":"(anonymous_10)","decl":{"start":{"line":20,"column":2},"end":{"line":20,"column":3}},"loc":{"start":{"line":20,"column":20},"end":{"line":28,"column":3}}}},"branchMap":{"0":{"loc":{"start":{"line":14,"column":21},"end":{"line":14,"column":45}},"type":"cond-expr","locations":[{"start":{"line":14,"column":30},"end":{"line":14,"column":32}},{"start":{"line":14,"column":21},"end":{"line":14,"column":45}}]},"1":{"loc":{"start":{"line":14,"column":21},"end":{"line":14,"column":32}},"type":"binary-expr","locations":[{"start":{"line":14,"column":21},"end":{"line":14,"column":32}},{"start":{"line":14,"column":21},"end":{"line":14,"column":32}}]},"2":{"loc":{"start":{"line":15,"column":16},"end":{"line":15,"column":64}},"type":"binary-expr","locations":[{"start":{"line":15,"column":16},"end":{"line":15,"column":39}},{"start":{"line":15,"column":43},"end":{"line":15,"column":64}}]},"3":{"loc":{"start":{"line":21,"column":3},"end":{"line":23,"column":4}},"type":"if","locations":[{"start":{"line":21,"column":3},"end":{"line":23,"column":4}}]},"4":{"loc":{"start":{"line":25,"column":3},"end":{"line":27,"column":4}},"type":"if","locations":[{"start":{"line":25,"column":3},"end":{"line":27,"column":4}}]}},"s":{"0":13,"1":13,"2":13,"3":8,"4":8,"5":8,"6":8,"7":8,"8":0,"9":8,"10":8,"11":2,"12":6},"f":{"0":8,"1":8},"b":{"0":[0,8],"1":[8,8],"2":[8,8],"3":[0],"4":[2]}}
,"C:\\Users\\EC Santxsz\\Desktop\\Flexi Lease Auto - API\\src\\api\\services\\Cars\\CreateCarService.ts": {"path":"C:\\Users\\EC Santxsz\\Desktop\\Flexi Lease Auto - API\\src\\api\\services\\Cars\\CreateCarService.ts","statementMap":{"0":{"start":{"line":1,"column":0},"end":{"line":1,"column":48}},"1":{"start":{"line":2,"column":0},"end":{"line":2,"column":49}},"2":{"start":{"line":3,"column":0},"end":{"line":3,"column":41}},"3":{"start":{"line":6,"column":0},"end":{"line":6,"column":55}},"4":{"start":{"line":7,"column":0},"end":{"line":7,"column":43}},"5":{"start":{"line":10,"column":22},"end":{"line":80,"column":null}},"6":{"start":{"line":19,"column":21},"end":{"line":19,"column":42}},"7":{"start":{"line":20,"column":24},"end":{"line":20,"column":53}},"8":{"start":{"line":21,"column":25},"end":{"line":21,"column":55}},"9":{"start":{"line":24,"column":3},"end":{"line":26,"column":5}},"10":{"start":{"line":28,"column":21},"end":{"line":30,"column":4}},"11":{"start":{"line":32,"column":2},"end":{"line":34,"column":3}},"12":{"start":{"line":33,"column":3},"end":{"line":33,"column":48}},"13":{"start":{"line":36,"column":33},"end":{"line":36,"column":35}},"14":{"start":{"line":37,"column":2},"end":{"line":46,"column":5}},"15":{"start":{"line":38,"column":3},"end":{"line":43,"column":4}},"16":{"start":{"line":39,"column":4},"end":{"line":42,"column":6}},"17":{"start":{"line":45,"column":3},"end":{"line":45,"column":35}},"18":{"start":{"line":48,"column":2},"end":{"line":52,"column":3}},"19":{"start":{"line":49,"column":3},"end":{"line":51,"column":5}},"20":{"start":{"line":54,"column":2},"end":{"line":56,"column":3}},"21":{"start":{"line":55,"column":3},"end":{"line":55,"column":63}},"22":{"start":{"line":58,"column":20},"end":{"line":65,"column":4}},"23":{"start":{"line":67,"column":2},"end":{"line":67,"column":38}},"24":{"start":{"line":69,"column":26},"end":{"line":77,"column":4}},"25":{"start":{"line":79,"column":2},"end":{"line":79,"column":25}},"26":{"start":{"line":9,"column":0},"end":{"line":9,"column":21}}},"fnMap":{"0":{"name":"(anonymous_8)","decl":{"start":{"line":10,"column":14},"end":{"line":10,"column":21}},"loc":{"start":{"line":10,"column":21},"end":{"line":80,"column":null}}},"1":{"name":"(anonymous_9)","decl":{"start":{"line":10,"column":22},"end":{"line":10,"column":null}},"loc":{"start":{"line":18,"column":29},"end":{"line":80,"column":2}}},"2":{"name":"(anonymous_10)","decl":{"start":{"line":37,"column":17},"end":{"line":37,"column":18}},"loc":{"start":{"line":37,"column":31},"end":{"line":46,"column":3}}}},"branchMap":{"0":{"loc":{"start":{"line":32,"column":2},"end":{"line":34,"column":3}},"type":"if","locations":[{"start":{"line":32,"column":2},"end":{"line":34,"column":3}}]},"1":{"loc":{"start":{"line":38,"column":3},"end":{"line":43,"column":4}},"type":"if","locations":[{"start":{"line":38,"column":3},"end":{"line":43,"column":4}}]},"2":{"loc":{"start":{"line":48,"column":2},"end":{"line":52,"column":3}},"type":"if","locations":[{"start":{"line":48,"column":2},"end":{"line":52,"column":3}}]},"3":{"loc":{"start":{"line":48,"column":6},"end":{"line":48,"column":32}},"type":"binary-expr","locations":[{"start":{"line":48,"column":6},"end":{"line":48,"column":17}},{"start":{"line":48,"column":21},"end":{"line":48,"column":32}}]},"4":{"loc":{"start":{"line":54,"column":2},"end":{"line":56,"column":3}},"type":"if","locations":[{"start":{"line":54,"column":2},"end":{"line":56,"column":3}}]}},"s":{"0":13,"1":13,"2":13,"3":13,"4":13,"5":12,"6":12,"7":12,"8":12,"9":12,"10":12,"11":12,"12":0,"13":12,"14":12,"15":15,"16":1,"17":14,"18":11,"19":1,"20":10,"21":1,"22":9,"23":9,"24":9,"25":9,"26":13},"f":{"0":12,"1":12,"2":15},"b":{"0":[0],"1":[1],"2":[1],"3":[11,10],"4":[1]}}
,"C:\\Users\\EC Santxsz\\Desktop\\Flexi Lease Auto - API\\src\\api\\services\\Cars\\DeleteCarService.ts": {"path":"C:\\Users\\EC Santxsz\\Desktop\\Flexi Lease Auto - API\\src\\api\\services\\Cars\\DeleteCarService.ts","statementMap":{"0":{"start":{"line":1,"column":0},"end":{"line":1,"column":48}},"1":{"start":{"line":3,"column":0},"end":{"line":3,"column":49}},"2":{"start":{"line":4,"column":0},"end":{"line":4,"column":41}},"3":{"start":{"line":5,"column":0},"end":{"line":5,"column":55}},"4":{"start":{"line":6,"column":0},"end":{"line":6,"column":43}},"5":{"start":{"line":14,"column":22},"end":{"line":41,"column":null}},"6":{"start":{"line":15,"column":21},"end":{"line":15,"column":42}},"7":{"start":{"line":16,"column":24},"end":{"line":16,"column":53}},"8":{"start":{"line":17,"column":25},"end":{"line":17,"column":55}},"9":{"start":{"line":20,"column":3},"end":{"line":22,"column":5}},"10":{"start":{"line":24,"column":21},"end":{"line":26,"column":4}},"11":{"start":{"line":28,"column":2},"end":{"line":30,"column":3}},"12":{"start":{"line":29,"column":3},"end":{"line":29,"column":48}},"13":{"start":{"line":32,"column":20},"end":{"line":34,"column":4}},"14":{"start":{"line":36,"column":2},"end":{"line":38,"column":3}},"15":{"start":{"line":37,"column":3},"end":{"line":37,"column":48}},"16":{"start":{"line":40,"column":2},"end":{"line":40,"column":40}},"17":{"start":{"line":13,"column":0},"end":{"line":13,"column":21}}},"fnMap":{"0":{"name":"(anonymous_8)","decl":{"start":{"line":14,"column":14},"end":{"line":14,"column":21}},"loc":{"start":{"line":14,"column":21},"end":{"line":41,"column":null}}},"1":{"name":"(anonymous_9)","decl":{"start":{"line":14,"column":22},"end":{"line":14,"column":24}},"loc":{"start":{"line":14,"column":49},"end":{"line":41,"column":2}}}},"branchMap":{"0":{"loc":{"start":{"line":28,"column":2},"end":{"line":30,"column":3}},"type":"if","locations":[{"start":{"line":28,"column":2},"end":{"line":30,"column":3}}]},"1":{"loc":{"start":{"line":36,"column":2},"end":{"line":38,"column":3}},"type":"if","locations":[{"start":{"line":36,"column":2},"end":{"line":38,"column":3}}]}},"s":{"0":13,"1":13,"2":13,"3":13,"4":13,"5":2,"6":2,"7":2,"8":2,"9":2,"10":2,"11":2,"12":0,"13":2,"14":2,"15":1,"16":1,"17":13},"f":{"0":2,"1":2},"b":{"0":[0],"1":[1]}}
,"C:\\Users\\EC Santxsz\\Desktop\\Flexi Lease Auto - API\\src\\api\\services\\Cars\\ListAllCarService.ts": {"path":"C:\\Users\\EC Santxsz\\Desktop\\Flexi Lease Auto - API\\src\\api\\services\\Cars\\ListAllCarService.ts","statementMap":{"0":{"start":{"line":1,"column":0},"end":{"line":1,"column":31}},"1":{"start":{"line":3,"column":0},"end":{"line":3,"column":48}},"2":{"start":{"line":4,"column":0},"end":{"line":4,"column":41}},"3":{"start":{"line":5,"column":0},"end":{"line":5,"column":55}},"4":{"start":{"line":6,"column":0},"end":{"line":6,"column":49}},"5":{"start":{"line":7,"column":0},"end":{"line":7,"column":43}},"6":{"start":{"line":17,"column":21},"end":{"line":17,"column":42}},"7":{"start":{"line":18,"column":24},"end":{"line":18,"column":53}},"8":{"start":{"line":19,"column":25},"end":{"line":19,"column":55}},"9":{"start":{"line":22,"column":3},"end":{"line":24,"column":5}},"10":{"start":{"line":26,"column":21},"end":{"line":28,"column":4}},"11":{"start":{"line":30,"column":2},"end":{"line":32,"column":3}},"12":{"start":{"line":31,"column":3},"end":{"line":31,"column":48}},"13":{"start":{"line":34,"column":2},"end":{"line":75,"column":3}},"14":{"start":{"line":35,"column":25},"end":{"line":45,"column":22}},"15":{"start":{"line":47,"column":34},"end":{"line":47,"column":36}},"16":{"start":{"line":48,"column":3},"end":{"line":64,"column":6}},"17":{"start":{"line":49,"column":29},"end":{"line":49,"column":31}},"18":{"start":{"line":50,"column":4},"end":{"line":52,"column":7}},"19":{"start":{"line":51,"column":5},"end":{"line":51,"column":37}},"20":{"start":{"line":54,"column":23},"end":{"line":62,"column":6}},"21":{"start":{"line":63,"column":4},"end":{"line":63,"column":36}},"22":{"start":{"line":66,"column":18},"end":{"line":72,"column":5}},"23":{"start":{"line":74,"column":3},"end":{"line":74,"column":17}},"24":{"start":{"line":77,"column":2},"end":{"line":118,"column":3}},"25":{"start":{"line":78,"column":25},"end":{"line":88,"column":22}},"26":{"start":{"line":90,"column":34},"end":{"line":90,"column":36}},"27":{"start":{"line":91,"column":3},"end":{"line":107,"column":6}},"28":{"start":{"line":92,"column":29},"end":{"line":92,"column":31}},"29":{"start":{"line":93,"column":4},"end":{"line":95,"column":7}},"30":{"start":{"line":94,"column":5},"end":{"line":94,"column":37}},"31":{"start":{"line":97,"column":23},"end":{"line":105,"column":6}},"32":{"start":{"line":106,"column":4},"end":{"line":106,"column":36}},"33":{"start":{"line":109,"column":18},"end":{"line":115,"column":5}},"34":{"start":{"line":117,"column":3},"end":{"line":117,"column":17}},"35":{"start":{"line":120,"column":24},"end":{"line":124,"column":21}},"36":{"start":{"line":126,"column":33},"end":{"line":126,"column":35}},"37":{"start":{"line":127,"column":2},"end":{"line":143,"column":5}},"38":{"start":{"line":128,"column":28},"end":{"line":128,"column":30}},"39":{"start":{"line":129,"column":3},"end":{"line":131,"column":6}},"40":{"start":{"line":130,"column":4},"end":{"line":130,"column":36}},"41":{"start":{"line":133,"column":22},"end":{"line":141,"column":5}},"42":{"start":{"line":142,"column":3},"end":{"line":142,"column":35}},"43":{"start":{"line":145,"column":17},"end":{"line":151,"column":4}},"44":{"start":{"line":153,"column":2},"end":{"line":153,"column":16}},"45":{"start":{"line":9,"column":0},"end":{"line":9,"column":21}}},"fnMap":{"0":{"name":"(anonymous_8)","decl":{"start":{"line":10,"column":14},"end":{"line":10,"column":21}},"loc":{"start":{"line":15,"column":19},"end":{"line":154,"column":null}}},"1":{"name":"(anonymous_10)","decl":{"start":{"line":48,"column":12},"end":{"line":48,"column":13}},"loc":{"start":{"line":48,"column":21},"end":{"line":64,"column":4}}},"2":{"name":"(anonymous_11)","decl":{"start":{"line":50,"column":24},"end":{"line":50,"column":25}},"loc":{"start":{"line":50,"column":30},"end":{"line":52,"column":5}}},"3":{"name":"(anonymous_12)","decl":{"start":{"line":91,"column":12},"end":{"line":91,"column":13}},"loc":{"start":{"line":91,"column":21},"end":{"line":107,"column":4}}},"4":{"name":"(anonymous_13)","decl":{"start":{"line":93,"column":24},"end":{"line":93,"column":25}},"loc":{"start":{"line":93,"column":30},"end":{"line":95,"column":5}}},"5":{"name":"(anonymous_14)","decl":{"start":{"line":127,"column":11},"end":{"line":127,"column":12}},"loc":{"start":{"line":127,"column":20},"end":{"line":143,"column":3}}},"6":{"name":"(anonymous_15)","decl":{"start":{"line":129,"column":23},"end":{"line":129,"column":24}},"loc":{"start":{"line":129,"column":29},"end":{"line":131,"column":4}}}},"branchMap":{"0":{"loc":{"start":{"line":30,"column":2},"end":{"line":32,"column":3}},"type":"if","locations":[{"start":{"line":30,"column":2},"end":{"line":32,"column":3}}]},"1":{"loc":{"start":{"line":34,"column":2},"end":{"line":75,"column":3}},"type":"if","locations":[{"start":{"line":34,"column":2},"end":{"line":75,"column":3}}]},"2":{"loc":{"start":{"line":34,"column":6},"end":{"line":34,"column":30}},"type":"binary-expr","locations":[{"start":{"line":34,"column":6},"end":{"line":34,"column":11}},{"start":{"line":34,"column":15},"end":{"line":34,"column":20}},{"start":{"line":34,"column":24},"end":{"line":34,"column":30}}]},"3":{"loc":{"start":{"line":77,"column":2},"end":{"line":118,"column":3}},"type":"if","locations":[{"start":{"line":77,"column":2},"end":{"line":118,"column":3}}]},"4":{"loc":{"start":{"line":122,"column":9},"end":{"line":122,"column":24}},"type":"cond-expr","locations":[{"start":{"line":122,"column":16},"end":{"line":122,"column":20}},{"start":{"line":122,"column":23},"end":{"line":122,"column":24}}]},"5":{"loc":{"start":{"line":123,"column":9},"end":{"line":123,"column":25}},"type":"cond-expr","locations":[{"start":{"line":123,"column":16},"end":{"line":123,"column":20}},{"start":{"line":123,"column":23},"end":{"line":123,"column":25}}]},"6":{"loc":{"start":{"line":148,"column":10},"end":{"line":148,"column":26}},"type":"cond-expr","locations":[{"start":{"line":148,"column":17},"end":{"line":148,"column":21}},{"start":{"line":148,"column":24},"end":{"line":148,"column":26}}]},"7":{"loc":{"start":{"line":149,"column":11},"end":{"line":149,"column":26}},"type":"cond-expr","locations":[{"start":{"line":149,"column":18},"end":{"line":149,"column":22}},{"start":{"line":149,"column":25},"end":{"line":149,"column":26}}]},"8":{"loc":{"start":{"line":150,"column":12},"end":{"line":150,"column":66}},"type":"cond-expr","locations":[{"start":{"line":150,"column":19},"end":{"line":150,"column":42}},{"start":{"line":150,"column":45},"end":{"line":150,"column":66}}]}},"s":{"0":13,"1":13,"2":13,"3":13,"4":13,"5":13,"6":3,"7":3,"8":3,"9":3,"10":3,"11":3,"12":0,"13":3,"14":0,"15":0,"16":0,"17":0,"18":0,"19":0,"20":0,"21":0,"22":0,"23":0,"24":3,"25":0,"26":0,"27":0,"28":0,"29":0,"30":0,"31":0,"32":0,"33":0,"34":0,"35":3,"36":3,"37":3,"38":21,"39":21,"40":30,"41":21,"42":21,"43":3,"44":3,"45":13},"f":{"0":3,"1":0,"2":0,"3":0,"4":0,"5":21,"6":30},"b":{"0":[0],"1":[0],"2":[3,3,3],"3":[0],"4":[0,3],"5":[0,3],"6":[0,3],"7":[0,3],"8":[0,3]}}
,"C:\\Users\\EC Santxsz\\Desktop\\Flexi Lease Auto - API\\src\\api\\services\\Cars\\ModifyCarService.ts": {"path":"C:\\Users\\EC Santxsz\\Desktop\\Flexi Lease Auto - API\\src\\api\\services\\Cars\\ModifyCarService.ts","statementMap":{"0":{"start":{"line":1,"column":0},"end":{"line":1,"column":48}},"1":{"start":{"line":2,"column":0},"end":{"line":2,"column":49}},"2":{"start":{"line":3,"column":0},"end":{"line":3,"column":41}},"3":{"start":{"line":5,"column":0},"end":{"line":5,"column":55}},"4":{"start":{"line":6,"column":0},"end":{"line":6,"column":43}},"5":{"start":{"line":9,"column":22},"end":{"line":85,"column":null}},"6":{"start":{"line":19,"column":21},"end":{"line":19,"column":42}},"7":{"start":{"line":20,"column":24},"end":{"line":20,"column":53}},"8":{"start":{"line":21,"column":25},"end":{"line":21,"column":55}},"9":{"start":{"line":24,"column":3},"end":{"line":26,"column":5}},"10":{"start":{"line":28,"column":21},"end":{"line":30,"column":4}},"11":{"start":{"line":32,"column":2},"end":{"line":34,"column":3}},"12":{"start":{"line":33,"column":3},"end":{"line":33,"column":48}},"13":{"start":{"line":36,"column":20},"end":{"line":36,"column":66}},"14":{"start":{"line":37,"column":2},"end":{"line":39,"column":3}},"15":{"start":{"line":38,"column":3},"end":{"line":38,"column":44}},"16":{"start":{"line":41,"column":33},"end":{"line":41,"column":35}},"17":{"start":{"line":42,"column":2},"end":{"line":51,"column":5}},"18":{"start":{"line":43,"column":3},"end":{"line":48,"column":4}},"19":{"start":{"line":44,"column":4},"end":{"line":47,"column":6}},"20":{"start":{"line":50,"column":3},"end":{"line":50,"column":35}},"21":{"start":{"line":53,"column":2},"end":{"line":57,"column":3}},"22":{"start":{"line":54,"column":3},"end":{"line":56,"column":5}},"23":{"start":{"line":59,"column":2},"end":{"line":61,"column":3}},"24":{"start":{"line":60,"column":3},"end":{"line":60,"column":63}},"25":{"start":{"line":63,"column":2},"end":{"line":63,"column":52}},"26":{"start":{"line":64,"column":2},"end":{"line":64,"column":52}},"27":{"start":{"line":65,"column":2},"end":{"line":65,"column":48}},"28":{"start":{"line":66,"column":2},"end":{"line":66,"column":76}},"29":{"start":{"line":67,"column":2},"end":{"line":67,"column":77}},"30":{"start":{"line":68,"column":2},"end":{"line":70,"column":34}},"31":{"start":{"line":72,"column":2},"end":{"line":72,"column":38}},"32":{"start":{"line":74,"column":26},"end":{"line":82,"column":4}},"33":{"start":{"line":84,"column":2},"end":{"line":84,"column":25}},"34":{"start":{"line":8,"column":0},"end":{"line":8,"column":21}}},"fnMap":{"0":{"name":"(anonymous_8)","decl":{"start":{"line":9,"column":14},"end":{"line":9,"column":21}},"loc":{"start":{"line":9,"column":21},"end":{"line":85,"column":null}}},"1":{"name":"(anonymous_9)","decl":{"start":{"line":9,"column":22},"end":{"line":9,"column":null}},"loc":{"start":{"line":18,"column":29},"end":{"line":85,"column":2}}},"2":{"name":"(anonymous_10)","decl":{"start":{"line":42,"column":18},"end":{"line":42,"column":19}},"loc":{"start":{"line":42,"column":32},"end":{"line":51,"column":3}}}},"branchMap":{"0":{"loc":{"start":{"line":32,"column":2},"end":{"line":34,"column":3}},"type":"if","locations":[{"start":{"line":32,"column":2},"end":{"line":34,"column":3}}]},"1":{"loc":{"start":{"line":37,"column":2},"end":{"line":39,"column":3}},"type":"if","locations":[{"start":{"line":37,"column":2},"end":{"line":39,"column":3}}]},"2":{"loc":{"start":{"line":42,"column":2},"end":{"line":51,"column":4}},"type":"cond-expr","locations":[{"start":{"line":42,"column":12},"end":{"line":42,"column":14}},{"start":{"line":42,"column":2},"end":{"line":51,"column":4}}]},"3":{"loc":{"start":{"line":42,"column":2},"end":{"line":42,"column":14}},"type":"binary-expr","locations":[{"start":{"line":42,"column":2},"end":{"line":42,"column":14}},{"start":{"line":42,"column":2},"end":{"line":42,"column":14}}]},"4":{"loc":{"start":{"line":43,"column":3},"end":{"line":48,"column":4}},"type":"if","locations":[{"start":{"line":43,"column":3},"end":{"line":48,"column":4}}]},"5":{"loc":{"start":{"line":53,"column":2},"end":{"line":57,"column":3}},"type":"if","locations":[{"start":{"line":53,"column":2},"end":{"line":57,"column":3}}]},"6":{"loc":{"start":{"line":53,"column":6},"end":{"line":53,"column":48}},"type":"binary-expr","locations":[{"start":{"line":53,"column":6},"end":{"line":53,"column":25}},{"start":{"line":53,"column":29},"end":{"line":53,"column":48}}]},"7":{"loc":{"start":{"line":59,"column":2},"end":{"line":61,"column":3}},"type":"if","locations":[{"start":{"line":59,"column":2},"end":{"line":61,"column":3}}]},"8":{"loc":{"start":{"line":63,"column":20},"end":{"line":63,"column":51}},"type":"cond-expr","locations":[{"start":{"line":63,"column":28},"end":{"line":63,"column":33}},{"start":{"line":63,"column":36},"end":{"line":63,"column":51}}]},"9":{"loc":{"start":{"line":64,"column":20},"end":{"line":64,"column":51}},"type":"cond-expr","locations":[{"start":{"line":64,"column":28},"end":{"line":64,"column":33}},{"start":{"line":64,"column":36},"end":{"line":64,"column":51}}]},"10":{"loc":{"start":{"line":65,"column":19},"end":{"line":65,"column":47}},"type":"cond-expr","locations":[{"start":{"line":65,"column":26},"end":{"line":65,"column":30}},{"start":{"line":65,"column":33},"end":{"line":65,"column":47}}]},"11":{"loc":{"start":{"line":66,"column":26},"end":{"line":66,"column":75}},"type":"cond-expr","locations":[{"start":{"line":66,"column":40},"end":{"line":66,"column":51}},{"start":{"line":66,"column":54},"end":{"line":66,"column":75}}]},"12":{"loc":{"start":{"line":67,"column":25},"end":{"line":67,"column":76}},"type":"cond-expr","locations":[{"start":{"line":67,"column":38},"end":{"line":67,"column":53}},{"start":{"line":67,"column":56},"end":{"line":67,"column":76}}]},"13":{"loc":{"start":{"line":68,"column":33},"end":{"line":70,"column":33}},"type":"cond-expr","locations":[{"start":{"line":69,"column":5},"end":{"line":69,"column":23}},{"start":{"line":70,"column":5},"end":{"line":70,"column":33}}]}},"s":{"0":13,"1":13,"2":13,"3":13,"4":13,"5":3,"6":3,"7":3,"8":3,"9":3,"10":3,"11":3,"12":0,"13":3,"14":3,"15":0,"16":3,"17":3,"18":4,"19":1,"20":3,"21":2,"22":1,"23":1,"24":0,"25":1,"26":1,"27":1,"28":1,"29":1,"30":1,"31":1,"32":1,"33":1,"34":13},"f":{"0":3,"1":3,"2":4},"b":{"0":[0],"1":[0],"2":[0,3],"3":[3,3],"4":[1],"5":[1],"6":[2,1],"7":[0],"8":[1,0],"9":[0,1],"10":[0,1],"11":[0,1],"12":[1,0],"13":[0,1]}}
,"C:\\Users\\EC Santxsz\\Desktop\\Flexi Lease Auto - API\\src\\api\\services\\Cars\\ShowCarService.ts": {"path":"C:\\Users\\EC Santxsz\\Desktop\\Flexi Lease Auto - API\\src\\api\\services\\Cars\\ShowCarService.ts","statementMap":{"0":{"start":{"line":1,"column":0},"end":{"line":1,"column":48}},"1":{"start":{"line":2,"column":0},"end":{"line":2,"column":49}},"2":{"start":{"line":3,"column":0},"end":{"line":3,"column":41}},"3":{"start":{"line":7,"column":24},"end":{"line":7,"column":56}},"4":{"start":{"line":8,"column":18},"end":{"line":8,"column":64}},"5":{"start":{"line":9,"column":2},"end":{"line":11,"column":3}},"6":{"start":{"line":10,"column":3},"end":{"line":10,"column":44}},"7":{"start":{"line":13,"column":45},"end":{"line":13,"column":47}},"8":{"start":{"line":14,"column":2},"end":{"line":16,"column":5}},"9":{"start":{"line":15,"column":3},"end":{"line":15,"column":39}},"10":{"start":{"line":18,"column":26},"end":{"line":26,"column":4}},"11":{"start":{"line":28,"column":2},"end":{"line":28,"column":25}},"12":{"start":{"line":5,"column":0},"end":{"line":5,"column":21}}},"fnMap":{"0":{"name":"(anonymous_8)","decl":{"start":{"line":6,"column":14},"end":{"line":6,"column":21}},"loc":{"start":{"line":6,"column":32},"end":{"line":29,"column":null}}},"1":{"name":"(anonymous_10)","decl":{"start":{"line":14,"column":25},"end":{"line":14,"column":26}},"loc":{"start":{"line":14,"column":34},"end":{"line":16,"column":3}}}},"branchMap":{"0":{"loc":{"start":{"line":9,"column":2},"end":{"line":11,"column":3}},"type":"if","locations":[{"start":{"line":9,"column":2},"end":{"line":11,"column":3}}]}},"s":{"0":13,"1":13,"2":13,"3":1,"4":1,"5":1,"6":0,"7":1,"8":1,"9":1,"10":1,"11":1,"12":13},"f":{"0":1,"1":1},"b":{"0":[0]}}
,"C:\\Users\\EC Santxsz\\Desktop\\Flexi Lease Auto - API\\src\\api\\services\\Cars\\UpdateCarService.ts": {"path":"C:\\Users\\EC Santxsz\\Desktop\\Flexi Lease Auto - API\\src\\api\\services\\Cars\\UpdateCarService.ts","statementMap":{"0":{"start":{"line":1,"column":0},"end":{"line":1,"column":48}},"1":{"start":{"line":2,"column":0},"end":{"line":2,"column":49}},"2":{"start":{"line":3,"column":0},"end":{"line":3,"column":41}},"3":{"start":{"line":7,"column":22},"end":{"line":63,"column":null}},"4":{"start":{"line":16,"column":21},"end":{"line":16,"column":42}},"5":{"start":{"line":17,"column":24},"end":{"line":17,"column":53}},"6":{"start":{"line":19,"column":20},"end":{"line":19,"column":66}},"7":{"start":{"line":20,"column":2},"end":{"line":22,"column":3}},"8":{"start":{"line":21,"column":3},"end":{"line":21,"column":44}},"9":{"start":{"line":24,"column":33},"end":{"line":24,"column":35}},"10":{"start":{"line":25,"column":2},"end":{"line":33,"column":5}},"11":{"start":{"line":26,"column":3},"end":{"line":31,"column":4}},"12":{"start":{"line":27,"column":4},"end":{"line":30,"column":6}},"13":{"start":{"line":32,"column":3},"end":{"line":32,"column":35}},"14":{"start":{"line":35,"column":2},"end":{"line":39,"column":3}},"15":{"start":{"line":36,"column":3},"end":{"line":38,"column":5}},"16":{"start":{"line":41,"column":2},"end":{"line":41,"column":52}},"17":{"start":{"line":42,"column":2},"end":{"line":42,"column":52}},"18":{"start":{"line":43,"column":2},"end":{"line":43,"column":48}},"19":{"start":{"line":44,"column":2},"end":{"line":44,"column":76}},"20":{"start":{"line":45,"column":2},"end":{"line":45,"column":77}},"21":{"start":{"line":46,"column":2},"end":{"line":48,"column":34}},"22":{"start":{"line":50,"column":2},"end":{"line":50,"column":38}},"23":{"start":{"line":52,"column":26},"end":{"line":60,"column":4}},"24":{"start":{"line":62,"column":2},"end":{"line":62,"column":25}},"25":{"start":{"line":6,"column":0},"end":{"line":6,"column":21}}},"fnMap":{"0":{"name":"(anonymous_8)","decl":{"start":{"line":7,"column":14},"end":{"line":7,"column":21}},"loc":{"start":{"line":7,"column":21},"end":{"line":63,"column":null}}},"1":{"name":"(anonymous_9)","decl":{"start":{"line":7,"column":22},"end":{"line":7,"column":null}},"loc":{"start":{"line":15,"column":29},"end":{"line":63,"column":2}}},"2":{"name":"(anonymous_10)","decl":{"start":{"line":25,"column":18},"end":{"line":25,"column":19}},"loc":{"start":{"line":25,"column":32},"end":{"line":33,"column":3}}}},"branchMap":{"0":{"loc":{"start":{"line":20,"column":2},"end":{"line":22,"column":3}},"type":"if","locations":[{"start":{"line":20,"column":2},"end":{"line":22,"column":3}}]},"1":{"loc":{"start":{"line":25,"column":2},"end":{"line":33,"column":4}},"type":"cond-expr","locations":[{"start":{"line":25,"column":12},"end":{"line":25,"column":14}},{"start":{"line":25,"column":2},"end":{"line":33,"column":4}}]},"2":{"loc":{"start":{"line":25,"column":2},"end":{"line":25,"column":14}},"type":"binary-expr","locations":[{"start":{"line":25,"column":2},"end":{"line":25,"column":14}},{"start":{"line":25,"column":2},"end":{"line":25,"column":14}}]},"3":{"loc":{"start":{"line":26,"column":3},"end":{"line":31,"column":4}},"type":"if","locations":[{"start":{"line":26,"column":3},"end":{"line":31,"column":4}}]},"4":{"loc":{"start":{"line":35,"column":2},"end":{"line":39,"column":3}},"type":"if","locations":[{"start":{"line":35,"column":2},"end":{"line":39,"column":3}}]},"5":{"loc":{"start":{"line":35,"column":6},"end":{"line":35,"column":48}},"type":"binary-expr","locations":[{"start":{"line":35,"column":6},"end":{"line":35,"column":25}},{"start":{"line":35,"column":29},"end":{"line":35,"column":48}}]},"6":{"loc":{"start":{"line":41,"column":20},"end":{"line":41,"column":51}},"type":"cond-expr","locations":[{"start":{"line":41,"column":28},"end":{"line":41,"column":33}},{"start":{"line":41,"column":36},"end":{"line":41,"column":51}}]},"7":{"loc":{"start":{"line":42,"column":20},"end":{"line":42,"column":51}},"type":"cond-expr","locations":[{"start":{"line":42,"column":28},"end":{"line":42,"column":33}},{"start":{"line":42,"column":36},"end":{"line":42,"column":51}}]},"8":{"loc":{"start":{"line":43,"column":19},"end":{"line":43,"column":47}},"type":"cond-expr","locations":[{"start":{"line":43,"column":26},"end":{"line":43,"column":30}},{"start":{"line":43,"column":33},"end":{"line":43,"column":47}}]},"9":{"loc":{"start":{"line":44,"column":26},"end":{"line":44,"column":75}},"type":"cond-expr","locations":[{"start":{"line":44,"column":40},"end":{"line":44,"column":51}},{"start":{"line":44,"column":54},"end":{"line":44,"column":75}}]},"10":{"loc":{"start":{"line":45,"column":25},"end":{"line":45,"column":76}},"type":"cond-expr","locations":[{"start":{"line":45,"column":38},"end":{"line":45,"column":53}},{"start":{"line":45,"column":56},"end":{"line":45,"column":76}}]},"11":{"loc":{"start":{"line":46,"column":33},"end":{"line":48,"column":33}},"type":"cond-expr","locations":[{"start":{"line":47,"column":5},"end":{"line":47,"column":23}},{"start":{"line":48,"column":5},"end":{"line":48,"column":33}}]}},"s":{"0":13,"1":13,"2":13,"3":3,"4":3,"5":3,"6":3,"7":3,"8":0,"9":3,"10":3,"11":2,"12":1,"13":1,"14":2,"15":1,"16":1,"17":1,"18":1,"19":1,"20":1,"21":1,"22":1,"23":1,"24":1,"25":13},"f":{"0":3,"1":3,"2":2},"b":{"0":[0],"1":[2,1],"2":[3,3],"3":[1],"4":[1],"5":[2,1],"6":[1,0],"7":[0,1],"8":[0,1],"9":[0,1],"10":[0,1],"11":[0,1]}}
,"C:\\Users\\EC Santxsz\\Desktop\\Flexi Lease Auto - API\\src\\api\\services\\Reserves\\CreateReserveService.ts": {"path":"C:\\Users\\EC Santxsz\\Desktop\\Flexi Lease Auto - API\\src\\api\\services\\Reserves\\CreateReserveService.ts","statementMap":{"0":{"start":{"line":1,"column":0},"end":{"line":1,"column":34}},"1":{"start":{"line":3,"column":0},"end":{"line":3,"column":48}},"2":{"start":{"line":4,"column":0},"end":{"line":4,"column":49}},"3":{"start":{"line":5,"column":0},"end":{"line":5,"column":41}},"4":{"start":{"line":8,"column":0},"end":{"line":8,"column":49}},"5":{"start":{"line":9,"column":0},"end":{"line":9,"column":43}},"6":{"start":{"line":10,"column":0},"end":{"line":10,"column":26}},"7":{"start":{"line":11,"column":0},"end":{"line":11,"column":47}},"8":{"start":{"line":12,"column":0},"end":{"line":12,"column":55}},"9":{"start":{"line":13,"column":0},"end":{"line":13,"column":24}},"10":{"start":{"line":16,"column":22},"end":{"line":112,"column":null}},"11":{"start":{"line":22,"column":21},"end":{"line":22,"column":42}},"12":{"start":{"line":23,"column":28},"end":{"line":23,"column":61}},"13":{"start":{"line":24,"column":24},"end":{"line":24,"column":53}},"14":{"start":{"line":25,"column":25},"end":{"line":25,"column":55}},"15":{"start":{"line":28,"column":3},"end":{"line":30,"column":5}},"16":{"start":{"line":32,"column":21},"end":{"line":34,"column":4}},"17":{"start":{"line":35,"column":2},"end":{"line":37,"column":3}},"18":{"start":{"line":36,"column":3},"end":{"line":36,"column":53}},"19":{"start":{"line":38,"column":2},"end":{"line":40,"column":3}},"20":{"start":{"line":39,"column":3},"end":{"line":39,"column":55}},"21":{"start":{"line":42,"column":18},"end":{"line":44,"column":4}},"22":{"start":{"line":45,"column":2},"end":{"line":47,"column":3}},"23":{"start":{"line":46,"column":3},"end":{"line":46,"column":48}},"24":{"start":{"line":49,"column":24},"end":{"line":57,"column":4}},"25":{"start":{"line":59,"column":2},"end":{"line":64,"column":3}},"26":{"start":{"line":60,"column":3},"end":{"line":63,"column":5}},"27":{"start":{"line":66,"column":27},"end":{"line":74,"column":4}},"28":{"start":{"line":76,"column":2},"end":{"line":81,"column":3}},"29":{"start":{"line":77,"column":3},"end":{"line":80,"column":5}},"30":{"start":{"line":83,"column":22},"end":{"line":83,"column":38}},"31":{"start":{"line":84,"column":20},"end":{"line":84,"column":34}},"32":{"start":{"line":86,"column":3},"end":{"line":86,"column":66}},"33":{"start":{"line":88,"column":2},"end":{"line":90,"column":3}},"34":{"start":{"line":89,"column":3},"end":{"line":89,"column":75}},"35":{"start":{"line":92,"column":24},"end":{"line":98,"column":4}},"36":{"start":{"line":100,"column":2},"end":{"line":100,"column":46}},"37":{"start":{"line":102,"column":24},"end":{"line":109,"column":4}},"38":{"start":{"line":111,"column":2},"end":{"line":111,"column":23}},"39":{"start":{"line":15,"column":0},"end":{"line":15,"column":21}}},"fnMap":{"0":{"name":"(anonymous_8)","decl":{"start":{"line":16,"column":14},"end":{"line":16,"column":21}},"loc":{"start":{"line":16,"column":21},"end":{"line":112,"column":null}}},"1":{"name":"(anonymous_9)","decl":{"start":{"line":16,"column":22},"end":{"line":16,"column":null}},"loc":{"start":{"line":21,"column":18},"end":{"line":112,"column":2}}}},"branchMap":{"0":{"loc":{"start":{"line":35,"column":2},"end":{"line":37,"column":3}},"type":"if","locations":[{"start":{"line":35,"column":2},"end":{"line":37,"column":3}}]},"1":{"loc":{"start":{"line":38,"column":2},"end":{"line":40,"column":3}},"type":"if","locations":[{"start":{"line":38,"column":2},"end":{"line":40,"column":3}}]},"2":{"loc":{"start":{"line":38,"column":6},"end":{"line":38,"column":49}},"type":"binary-expr","locations":[{"start":{"line":38,"column":6},"end":{"line":38,"column":16}},{"start":{"line":38,"column":20},"end":{"line":38,"column":49}}]},"3":{"loc":{"start":{"line":45,"column":2},"end":{"line":47,"column":3}},"type":"if","locations":[{"start":{"line":45,"column":2},"end":{"line":47,"column":3}}]},"4":{"loc":{"start":{"line":59,"column":2},"end":{"line":64,"column":3}},"type":"if","locations":[{"start":{"line":59,"column":2},"end":{"line":64,"column":3}}]},"5":{"loc":{"start":{"line":76,"column":2},"end":{"line":81,"column":3}},"type":"if","locations":[{"start":{"line":76,"column":2},"end":{"line":81,"column":3}}]},"6":{"loc":{"start":{"line":88,"column":2},"end":{"line":90,"column":3}},"type":"if","locations":[{"start":{"line":88,"column":2},"end":{"line":90,"column":3}}]}},"s":{"0":13,"1":13,"2":13,"3":13,"4":13,"5":13,"6":13,"7":13,"8":13,"9":13,"10":4,"11":4,"12":4,"13":4,"14":4,"15":4,"16":4,"17":4,"18":0,"19":4,"20":1,"21":3,"22":3,"23":1,"24":2,"25":2,"26":1,"27":1,"28":1,"29":0,"30":1,"31":1,"32":1,"33":1,"34":0,"35":1,"36":1,"37":1,"38":1,"39":13},"f":{"0":4,"1":4},"b":{"0":[0],"1":[1],"2":[4,4],"3":[1],"4":[1],"5":[0],"6":[0]}}
,"C:\\Users\\EC Santxsz\\Desktop\\Flexi Lease Auto - API\\src\\api\\services\\Reserves\\DeleteReserveService.ts": {"path":"C:\\Users\\EC Santxsz\\Desktop\\Flexi Lease Auto - API\\src\\api\\services\\Reserves\\DeleteReserveService.ts","statementMap":{"0":{"start":{"line":1,"column":0},"end":{"line":1,"column":48}},"1":{"start":{"line":2,"column":0},"end":{"line":2,"column":49}},"2":{"start":{"line":4,"column":0},"end":{"line":4,"column":49}},"3":{"start":{"line":5,"column":0},"end":{"line":5,"column":55}},"4":{"start":{"line":6,"column":0},"end":{"line":6,"column":43}},"5":{"start":{"line":14,"column":22},"end":{"line":54,"column":null}},"6":{"start":{"line":15,"column":21},"end":{"line":15,"column":42}},"7":{"start":{"line":16,"column":28},"end":{"line":16,"column":61}},"8":{"start":{"line":17,"column":25},"end":{"line":17,"column":55}},"9":{"start":{"line":20,"column":3},"end":{"line":22,"column":5}},"10":{"start":{"line":24,"column":21},"end":{"line":26,"column":4}},"11":{"start":{"line":28,"column":2},"end":{"line":30,"column":3}},"12":{"start":{"line":29,"column":3},"end":{"line":29,"column":46}},"13":{"start":{"line":32,"column":24},"end":{"line":34,"column":4}},"14":{"start":{"line":36,"column":2},"end":{"line":38,"column":3}},"15":{"start":{"line":37,"column":3},"end":{"line":37,"column":49}},"16":{"start":{"line":40,"column":27},"end":{"line":43,"column":4}},"17":{"start":{"line":45,"column":2},"end":{"line":47,"column":3}},"18":{"start":{"line":46,"column":3},"end":{"line":46,"column":45}},"19":{"start":{"line":49,"column":2},"end":{"line":51,"column":3}},"20":{"start":{"line":50,"column":3},"end":{"line":50,"column":45}},"21":{"start":{"line":53,"column":2},"end":{"line":53,"column":48}},"22":{"start":{"line":13,"column":0},"end":{"line":13,"column":21}}},"fnMap":{"0":{"name":"(anonymous_8)","decl":{"start":{"line":14,"column":14},"end":{"line":14,"column":21}},"loc":{"start":{"line":14,"column":21},"end":{"line":54,"column":null}}},"1":{"name":"(anonymous_9)","decl":{"start":{"line":14,"column":22},"end":{"line":14,"column":24}},"loc":{"start":{"line":14,"column":49},"end":{"line":54,"column":2}}}},"branchMap":{"0":{"loc":{"start":{"line":28,"column":2},"end":{"line":30,"column":3}},"type":"if","locations":[{"start":{"line":28,"column":2},"end":{"line":30,"column":3}}]},"1":{"loc":{"start":{"line":36,"column":2},"end":{"line":38,"column":3}},"type":"if","locations":[{"start":{"line":36,"column":2},"end":{"line":38,"column":3}}]},"2":{"loc":{"start":{"line":45,"column":2},"end":{"line":47,"column":3}},"type":"if","locations":[{"start":{"line":45,"column":2},"end":{"line":47,"column":3}}]},"3":{"loc":{"start":{"line":45,"column":6},"end":{"line":45,"column":31}},"type":"cond-expr","locations":[{"start":{"line":45,"column":22},"end":{"line":45,"column":24}},{"start":{"line":45,"column":6},"end":{"line":45,"column":31}}]},"4":{"loc":{"start":{"line":45,"column":6},"end":{"line":45,"column":24}},"type":"binary-expr","locations":[{"start":{"line":45,"column":6},"end":{"line":45,"column":24}},{"start":{"line":45,"column":6},"end":{"line":45,"column":24}}]},"5":{"loc":{"start":{"line":49,"column":2},"end":{"line":51,"column":3}},"type":"if","locations":[{"start":{"line":49,"column":2},"end":{"line":51,"column":3}}]}},"s":{"0":13,"1":13,"2":13,"3":13,"4":13,"5":0,"6":0,"7":0,"8":0,"9":0,"10":0,"11":0,"12":0,"13":0,"14":0,"15":0,"16":0,"17":0,"18":0,"19":0,"20":0,"21":0,"22":13},"f":{"0":0,"1":0},"b":{"0":[0],"1":[0],"2":[0],"3":[0,0],"4":[0,0],"5":[0]}}
,"C:\\Users\\EC Santxsz\\Desktop\\Flexi Lease Auto - API\\src\\api\\services\\Reserves\\ListReserveService.ts": {"path":"C:\\Users\\EC Santxsz\\Desktop\\Flexi Lease Auto - API\\src\\api\\services\\Reserves\\ListReserveService.ts","statementMap":{"0":{"start":{"line":1,"column":0},"end":{"line":1,"column":26}},"1":{"start":{"line":2,"column":0},"end":{"line":2,"column":32}},"2":{"start":{"line":4,"column":0},"end":{"line":4,"column":48}},"3":{"start":{"line":5,"column":0},"end":{"line":5,"column":49}},"4":{"start":{"line":6,"column":0},"end":{"line":6,"column":55}},"5":{"start":{"line":7,"column":0},"end":{"line":7,"column":43}},"6":{"start":{"line":8,"column":0},"end":{"line":8,"column":49}},"7":{"start":{"line":18,"column":21},"end":{"line":18,"column":42}},"8":{"start":{"line":19,"column":28},"end":{"line":19,"column":61}},"9":{"start":{"line":20,"column":25},"end":{"line":20,"column":55}},"10":{"start":{"line":23,"column":3},"end":{"line":25,"column":5}},"11":{"start":{"line":27,"column":21},"end":{"line":29,"column":4}},"12":{"start":{"line":31,"column":2},"end":{"line":33,"column":3}},"13":{"start":{"line":32,"column":3},"end":{"line":32,"column":46}},"14":{"start":{"line":35,"column":2},"end":{"line":71,"column":3}},"15":{"start":{"line":36,"column":29},"end":{"line":44,"column":22}},"16":{"start":{"line":46,"column":33},"end":{"line":46,"column":35}},"17":{"start":{"line":47,"column":3},"end":{"line":60,"column":6}},"18":{"start":{"line":48,"column":27},"end":{"line":58,"column":6}},"19":{"start":{"line":59,"column":4},"end":{"line":59,"column":39}},"20":{"start":{"line":62,"column":18},"end":{"line":68,"column":5}},"21":{"start":{"line":70,"column":3},"end":{"line":70,"column":17}},"22":{"start":{"line":73,"column":28},"end":{"line":80,"column":21}},"23":{"start":{"line":82,"column":32},"end":{"line":82,"column":34}},"24":{"start":{"line":83,"column":2},"end":{"line":96,"column":5}},"25":{"start":{"line":84,"column":26},"end":{"line":94,"column":5}},"26":{"start":{"line":95,"column":3},"end":{"line":95,"column":38}},"27":{"start":{"line":98,"column":17},"end":{"line":104,"column":4}},"28":{"start":{"line":106,"column":2},"end":{"line":106,"column":16}},"29":{"start":{"line":10,"column":0},"end":{"line":10,"column":21}}},"fnMap":{"0":{"name":"(anonymous_8)","decl":{"start":{"line":11,"column":14},"end":{"line":11,"column":21}},"loc":{"start":{"line":16,"column":19},"end":{"line":107,"column":null}}},"1":{"name":"(anonymous_10)","decl":{"start":{"line":47,"column":16},"end":{"line":47,"column":17}},"loc":{"start":{"line":47,"column":25},"end":{"line":60,"column":4}}},"2":{"name":"(anonymous_11)","decl":{"start":{"line":83,"column":15},"end":{"line":83,"column":16}},"loc":{"start":{"line":83,"column":24},"end":{"line":96,"column":3}}}},"branchMap":{"0":{"loc":{"start":{"line":31,"column":2},"end":{"line":33,"column":3}},"type":"if","locations":[{"start":{"line":31,"column":2},"end":{"line":33,"column":3}}]},"1":{"loc":{"start":{"line":35,"column":2},"end":{"line":71,"column":3}},"type":"if","locations":[{"start":{"line":35,"column":2},"end":{"line":71,"column":3}}]},"2":{"loc":{"start":{"line":42,"column":10},"end":{"line":42,"column":25}},"type":"cond-expr","locations":[{"start":{"line":42,"column":17},"end":{"line":42,"column":21}},{"start":{"line":42,"column":24},"end":{"line":42,"column":25}}]},"3":{"loc":{"start":{"line":43,"column":10},"end":{"line":43,"column":26}},"type":"cond-expr","locations":[{"start":{"line":43,"column":17},"end":{"line":43,"column":21}},{"start":{"line":43,"column":24},"end":{"line":43,"column":26}}]},"4":{"loc":{"start":{"line":65,"column":11},"end":{"line":65,"column":27}},"type":"cond-expr","locations":[{"start":{"line":65,"column":18},"end":{"line":65,"column":22}},{"start":{"line":65,"column":25},"end":{"line":65,"column":27}}]},"5":{"loc":{"start":{"line":66,"column":12},"end":{"line":66,"column":27}},"type":"cond-expr","locations":[{"start":{"line":66,"column":19},"end":{"line":66,"column":23}},{"start":{"line":66,"column":26},"end":{"line":66,"column":27}}]},"6":{"loc":{"start":{"line":67,"column":13},"end":{"line":67,"column":67}},"type":"cond-expr","locations":[{"start":{"line":67,"column":20},"end":{"line":67,"column":43}},{"start":{"line":67,"column":46},"end":{"line":67,"column":67}}]},"7":{"loc":{"start":{"line":78,"column":9},"end":{"line":78,"column":24}},"type":"cond-expr","locations":[{"start":{"line":78,"column":16},"end":{"line":78,"column":20}},{"start":{"line":78,"column":23},"end":{"line":78,"column":24}}]},"8":{"loc":{"start":{"line":79,"column":9},"end":{"line":79,"column":25}},"type":"cond-expr","locations":[{"start":{"line":79,"column":16},"end":{"line":79,"column":20}},{"start":{"line":79,"column":23},"end":{"line":79,"column":25}}]},"9":{"loc":{"start":{"line":101,"column":10},"end":{"line":101,"column":26}},"type":"cond-expr","locations":[{"start":{"line":101,"column":17},"end":{"line":101,"column":21}},{"start":{"line":101,"column":24},"end":{"line":101,"column":26}}]},"10":{"loc":{"start":{"line":102,"column":11},"end":{"line":102,"column":26}},"type":"cond-expr","locations":[{"start":{"line":102,"column":18},"end":{"line":102,"column":22}},{"start":{"line":102,"column":25},"end":{"line":102,"column":26}}]},"11":{"loc":{"start":{"line":103,"column":12},"end":{"line":103,"column":66}},"type":"cond-expr","locations":[{"start":{"line":103,"column":19},"end":{"line":103,"column":42}},{"start":{"line":103,"column":45},"end":{"line":103,"column":66}}]}},"s":{"0":13,"1":13,"2":13,"3":13,"4":13,"5":13,"6":13,"7":2,"8":2,"9":2,"10":2,"11":2,"12":2,"13":1,"14":1,"15":0,"16":0,"17":0,"18":0,"19":0,"20":0,"21":0,"22":1,"23":1,"24":1,"25":0,"26":0,"27":1,"28":1,"29":13},"f":{"0":2,"1":0,"2":0},"b":{"0":[1],"1":[0],"2":[0,0],"3":[0,0],"4":[0,0],"5":[0,0],"6":[0,0],"7":[0,1],"8":[0,1],"9":[0,1],"10":[0,1],"11":[0,1]}}
,"C:\\Users\\EC Santxsz\\Desktop\\Flexi Lease Auto - API\\src\\api\\services\\Reserves\\ShowReserveService.ts": {"path":"C:\\Users\\EC Santxsz\\Desktop\\Flexi Lease Auto - API\\src\\api\\services\\Reserves\\ShowReserveService.ts","statementMap":{"0":{"start":{"line":1,"column":0},"end":{"line":1,"column":48}},"1":{"start":{"line":2,"column":0},"end":{"line":2,"column":49}},"2":{"start":{"line":3,"column":0},"end":{"line":3,"column":49}},"3":{"start":{"line":4,"column":0},"end":{"line":4,"column":55}},"4":{"start":{"line":5,"column":0},"end":{"line":5,"column":26}},"5":{"start":{"line":9,"column":21},"end":{"line":9,"column":42}},"6":{"start":{"line":10,"column":28},"end":{"line":10,"column":61}},"7":{"start":{"line":13,"column":3},"end":{"line":15,"column":5}},"8":{"start":{"line":17,"column":22},"end":{"line":20,"column":4}},"9":{"start":{"line":21,"column":2},"end":{"line":23,"column":3}},"10":{"start":{"line":22,"column":3},"end":{"line":22,"column":48}},"11":{"start":{"line":25,"column":2},"end":{"line":27,"column":3}},"12":{"start":{"line":26,"column":3},"end":{"line":26,"column":45}},"13":{"start":{"line":29,"column":23},"end":{"line":39,"column":4}},"14":{"start":{"line":41,"column":2},"end":{"line":41,"column":22}},"15":{"start":{"line":7,"column":0},"end":{"line":7,"column":21}}},"fnMap":{"0":{"name":"(anonymous_8)","decl":{"start":{"line":8,"column":14},"end":{"line":8,"column":21}},"loc":{"start":{"line":8,"column":51},"end":{"line":42,"column":null}}}},"branchMap":{"0":{"loc":{"start":{"line":21,"column":2},"end":{"line":23,"column":3}},"type":"if","locations":[{"start":{"line":21,"column":2},"end":{"line":23,"column":3}}]},"1":{"loc":{"start":{"line":25,"column":2},"end":{"line":27,"column":3}},"type":"if","locations":[{"start":{"line":25,"column":2},"end":{"line":27,"column":3}}]}},"s":{"0":13,"1":13,"2":13,"3":13,"4":13,"5":0,"6":0,"7":0,"8":0,"9":0,"10":0,"11":0,"12":0,"13":0,"14":0,"15":13},"f":{"0":0},"b":{"0":[0],"1":[0]}}
,"C:\\Users\\EC Santxsz\\Desktop\\Flexi Lease Auto - API\\src\\api\\services\\Reserves\\UpdateReserveService.ts": {"path":"C:\\Users\\EC Santxsz\\Desktop\\Flexi Lease Auto - API\\src\\api\\services\\Reserves\\UpdateReserveService.ts","statementMap":{"0":{"start":{"line":1,"column":0},"end":{"line":1,"column":48}},"1":{"start":{"line":2,"column":0},"end":{"line":2,"column":49}},"2":{"start":{"line":3,"column":0},"end":{"line":3,"column":49}},"3":{"start":{"line":4,"column":0},"end":{"line":4,"column":55}},"4":{"start":{"line":5,"column":0},"end":{"line":5,"column":41}},"5":{"start":{"line":6,"column":0},"end":{"line":6,"column":34}},"6":{"start":{"line":17,"column":22},"end":{"line":80,"column":null}},"7":{"start":{"line":18,"column":21},"end":{"line":18,"column":42}},"8":{"start":{"line":19,"column":28},"end":{"line":19,"column":61}},"9":{"start":{"line":20,"column":24},"end":{"line":20,"column":53}},"10":{"start":{"line":23,"column":3},"end":{"line":25,"column":5}},"11":{"start":{"line":27,"column":24},"end":{"line":30,"column":4}},"12":{"start":{"line":31,"column":2},"end":{"line":33,"column":3}},"13":{"start":{"line":32,"column":3},"end":{"line":32,"column":48}},"14":{"start":{"line":39,"column":20},"end":{"line":39,"column":73}},"15":{"start":{"line":40,"column":2},"end":{"line":42,"column":3}},"16":{"start":{"line":41,"column":3},"end":{"line":41,"column":47}},"17":{"start":{"line":59,"column":8},"end":{"line":59,"column":null}},"18":{"start":{"line":60,"column":8},"end":{"line":60,"column":null}},"19":{"start":{"line":62,"column":8},"end":{"line":62,"column":null}},"20":{"start":{"line":64,"column":34},"end":{"line":69,"column":10}},"21":{"start":{"line":70,"column":8},"end":{"line":70,"column":null}},"22":{"start":{"line":16,"column":0},"end":{"line":16,"column":21}}},"fnMap":{"0":{"name":"(anonymous_8)","decl":{"start":{"line":17,"column":14},"end":{"line":17,"column":21}},"loc":{"start":{"line":17,"column":21},"end":{"line":80,"column":null}}},"1":{"name":"(anonymous_9)","decl":{"start":{"line":17,"column":22},"end":{"line":17,"column":24}},"loc":{"start":{"line":17,"column":75},"end":{"line":80,"column":2}}}},"branchMap":{"0":{"loc":{"start":{"line":31,"column":2},"end":{"line":33,"column":3}},"type":"if","locations":[{"start":{"line":31,"column":2},"end":{"line":33,"column":3}}]},"1":{"loc":{"start":{"line":40,"column":2},"end":{"line":42,"column":3}},"type":"if","locations":[{"start":{"line":40,"column":2},"end":{"line":42,"column":3}}]},"2":{"loc":{"start":{"line":59,"column":8},"end":{"line":59,"column":55}},"type":"cond-expr","locations":[{"start":{"line":59,"column":20},"end":{"line":59,"column":29}},{"start":{"line":59,"column":32},"end":{"line":59,"column":55}}]},"3":{"loc":{"start":{"line":60,"column":8},"end":{"line":60,"column":49}},"type":"cond-expr","locations":[{"start":{"line":60,"column":18},"end":{"line":60,"column":25}},{"start":{"line":60,"column":28},"end":{"line":60,"column":49}}]}},"s":{"0":13,"1":13,"2":13,"3":13,"4":13,"5":13,"6":0,"7":0,"8":0,"9":0,"10":0,"11":0,"12":0,"13":0,"14":0,"15":0,"16":0,"17":0,"18":0,"19":0,"20":0,"21":0,"22":13},"f":{"0":0,"1":0},"b":{"0":[0],"1":[0],"2":[0,0],"3":[0,0]}}
,"C:\\Users\\EC Santxsz\\Desktop\\Flexi Lease Auto - API\\src\\api\\services\\Users\\CreateUserService.ts": {"path":"C:\\Users\\EC Santxsz\\Desktop\\Flexi Lease Auto - API\\src\\api\\services\\Users\\CreateUserService.ts","statementMap":{"0":{"start":{"line":1,"column":0},"end":{"line":1,"column":28}},"1":{"start":{"line":2,"column":0},"end":{"line":2,"column":26}},"2":{"start":{"line":3,"column":0},"end":{"line":3,"column":26}},"3":{"start":{"line":5,"column":0},"end":{"line":5,"column":48}},"4":{"start":{"line":6,"column":0},"end":{"line":6,"column":43}},"5":{"start":{"line":10,"column":0},"end":{"line":10,"column":49}},"6":{"start":{"line":11,"column":0},"end":{"line":11,"column":55}},"7":{"start":{"line":12,"column":0},"end":{"line":12,"column":61}},"8":{"start":{"line":13,"column":0},"end":{"line":13,"column":50}},"9":{"start":{"line":16,"column":22},"end":{"line":95,"column":null}},"10":{"start":{"line":24,"column":21},"end":{"line":24,"column":42}},"11":{"start":{"line":25,"column":25},"end":{"line":25,"column":55}},"12":{"start":{"line":27,"column":2},"end":{"line":29,"column":3}},"13":{"start":{"line":28,"column":3},"end":{"line":28,"column":77}},"14":{"start":{"line":31,"column":22},"end":{"line":31,"column":44}},"15":{"start":{"line":33,"column":20},"end":{"line":35,"column":4}},"16":{"start":{"line":36,"column":22},"end":{"line":36,"column":72}},"17":{"start":{"line":37,"column":2},"end":{"line":39,"column":3}},"18":{"start":{"line":38,"column":3},"end":{"line":38,"column":63}},"19":{"start":{"line":41,"column":2},"end":{"line":43,"column":3}},"20":{"start":{"line":42,"column":3},"end":{"line":42,"column":66}},"21":{"start":{"line":45,"column":20},"end":{"line":51,"column":4}},"22":{"start":{"line":49,"column":4},"end":{"line":49,"column":41}},"23":{"start":{"line":53,"column":23},"end":{"line":53,"column":57}},"24":{"start":{"line":54,"column":2},"end":{"line":56,"column":3}},"25":{"start":{"line":55,"column":3},"end":{"line":55,"column":46}},"26":{"start":{"line":58,"column":25},"end":{"line":58,"column":55}},"27":{"start":{"line":60,"column":22},"end":{"line":60,"column":48}},"28":{"start":{"line":62,"column":22},"end":{"line":75,"column":4}},"29":{"start":{"line":77,"column":2},"end":{"line":77,"column":41}},"30":{"start":{"line":79,"column":29},"end":{"line":92,"column":4}},"31":{"start":{"line":94,"column":2},"end":{"line":94,"column":28}},"32":{"start":{"line":15,"column":0},"end":{"line":15,"column":21}}},"fnMap":{"0":{"name":"(anonymous_8)","decl":{"start":{"line":16,"column":14},"end":{"line":16,"column":21}},"loc":{"start":{"line":16,"column":21},"end":{"line":95,"column":null}}},"1":{"name":"(anonymous_9)","decl":{"start":{"line":16,"column":22},"end":{"line":16,"column":null}},"loc":{"start":{"line":23,"column":30},"end":{"line":95,"column":2}}},"2":{"name":"(anonymous_10)","decl":{"start":{"line":48,"column":19},"end":{"line":48,"column":20}},"loc":{"start":{"line":48,"column":30},"end":{"line":50,"column":4}}}},"branchMap":{"0":{"loc":{"start":{"line":27,"column":2},"end":{"line":29,"column":3}},"type":"if","locations":[{"start":{"line":27,"column":2},"end":{"line":29,"column":3}}]},"1":{"loc":{"start":{"line":37,"column":2},"end":{"line":39,"column":3}},"type":"if","locations":[{"start":{"line":37,"column":2},"end":{"line":39,"column":3}}]},"2":{"loc":{"start":{"line":37,"column":6},"end":{"line":37,"column":30}},"type":"binary-expr","locations":[{"start":{"line":37,"column":6},"end":{"line":37,"column":15}},{"start":{"line":37,"column":19},"end":{"line":37,"column":30}}]},"3":{"loc":{"start":{"line":41,"column":2},"end":{"line":43,"column":3}},"type":"if","locations":[{"start":{"line":41,"column":2},"end":{"line":43,"column":3}}]},"4":{"loc":{"start":{"line":49,"column":11},"end":{"line":49,"column":40}},"type":"binary-expr","locations":[{"start":{"line":49,"column":11},"end":{"line":49,"column":24}},{"start":{"line":49,"column":28},"end":{"line":49,"column":40}}]},"5":{"loc":{"start":{"line":54,"column":2},"end":{"line":56,"column":3}},"type":"if","locations":[{"start":{"line":54,"column":2},"end":{"line":56,"column":3}}]}},"s":{"0":13,"1":13,"2":13,"3":13,"4":13,"5":13,"6":13,"7":13,"8":13,"9":22,"10":22,"11":22,"12":22,"13":1,"14":21,"15":21,"16":21,"17":21,"18":2,"19":19,"20":1,"21":18,"22":18,"23":18,"24":18,"25":1,"26":17,"27":17,"28":17,"29":17,"30":17,"31":17,"32":13},"f":{"0":22,"1":22,"2":18},"b":{"0":[1],"1":[2],"2":[21,20],"3":[1],"4":[18,18],"5":[1]}}
,"C:\\Users\\EC Santxsz\\Desktop\\Flexi Lease Auto - API\\src\\api\\services\\Users\\DeleteUserService.ts": {"path":"C:\\Users\\EC Santxsz\\Desktop\\Flexi Lease Auto - API\\src\\api\\services\\Users\\DeleteUserService.ts","statementMap":{"0":{"start":{"line":1,"column":0},"end":{"line":1,"column":48}},"1":{"start":{"line":2,"column":0},"end":{"line":2,"column":43}},"2":{"start":{"line":4,"column":0},"end":{"line":4,"column":49}},"3":{"start":{"line":11,"column":22},"end":{"line":24,"column":null}},"4":{"start":{"line":12,"column":21},"end":{"line":12,"column":42}},"5":{"start":{"line":13,"column":25},"end":{"line":13,"column":61}},"6":{"start":{"line":15,"column":21},"end":{"line":17,"column":4}},"7":{"start":{"line":19,"column":2},"end":{"line":21,"column":3}},"8":{"start":{"line":20,"column":3},"end":{"line":20,"column":49}},"9":{"start":{"line":23,"column":2},"end":{"line":23,"column":42}},"10":{"start":{"line":10,"column":0},"end":{"line":10,"column":21}}},"fnMap":{"0":{"name":"(anonymous_8)","decl":{"start":{"line":11,"column":14},"end":{"line":11,"column":21}},"loc":{"start":{"line":11,"column":21},"end":{"line":24,"column":null}}},"1":{"name":"(anonymous_9)","decl":{"start":{"line":11,"column":22},"end":{"line":11,"column":24}},"loc":{"start":{"line":11,"column":38},"end":{"line":24,"column":2}}}},"branchMap":{"0":{"loc":{"start":{"line":19,"column":2},"end":{"line":21,"column":3}},"type":"if","locations":[{"start":{"line":19,"column":2},"end":{"line":21,"column":3}}]}},"s":{"0":13,"1":13,"2":13,"3":1,"4":1,"5":1,"6":1,"7":1,"8":0,"9":1,"10":13},"f":{"0":1,"1":1},"b":{"0":[0]}}
,"C:\\Users\\EC Santxsz\\Desktop\\Flexi Lease Auto - API\\src\\api\\services\\Users\\ShowUserInfoService.ts": {"path":"C:\\Users\\EC Santxsz\\Desktop\\Flexi Lease Auto - API\\src\\api\\services\\Users\\ShowUserInfoService.ts","statementMap":{"0":{"start":{"line":1,"column":0},"end":{"line":1,"column":26}},"1":{"start":{"line":3,"column":0},"end":{"line":3,"column":48}},"2":{"start":{"line":4,"column":0},"end":{"line":4,"column":43}},"3":{"start":{"line":6,"column":0},"end":{"line":6,"column":49}},"4":{"start":{"line":13,"column":22},"end":{"line":41,"column":null}},"5":{"start":{"line":14,"column":21},"end":{"line":14,"column":42}},"6":{"start":{"line":15,"column":25},"end":{"line":15,"column":61}},"7":{"start":{"line":17,"column":19},"end":{"line":19,"column":4}},"8":{"start":{"line":21,"column":2},"end":{"line":23,"column":3}},"9":{"start":{"line":22,"column":3},"end":{"line":22,"column":46}},"10":{"start":{"line":25,"column":29},"end":{"line":38,"column":4}},"11":{"start":{"line":40,"column":2},"end":{"line":40,"column":28}},"12":{"start":{"line":12,"column":0},"end":{"line":12,"column":21}}},"fnMap":{"0":{"name":"(anonymous_8)","decl":{"start":{"line":13,"column":14},"end":{"line":13,"column":21}},"loc":{"start":{"line":13,"column":21},"end":{"line":41,"column":null}}},"1":{"name":"(anonymous_9)","decl":{"start":{"line":13,"column":22},"end":{"line":13,"column":24}},"loc":{"start":{"line":13,"column":37},"end":{"line":41,"column":2}}}},"branchMap":{"0":{"loc":{"start":{"line":21,"column":2},"end":{"line":23,"column":3}},"type":"if","locations":[{"start":{"line":21,"column":2},"end":{"line":23,"column":3}}]}},"s":{"0":13,"1":13,"2":13,"3":13,"4":1,"5":1,"6":1,"7":1,"8":1,"9":0,"10":1,"11":1,"12":13},"f":{"0":1,"1":1},"b":{"0":[0]}}
[...]
,"C:\\Users\\EC Santxsz\\Desktop\\Flexi Lease Auto - API\\src\\api\\utils\\nameValidation.ts": {"path":"C:\\Users\\EC Santxsz\\Desktop\\Flexi Lease Auto - API\\src\\api\\utils\\nameValidation.ts","statementMap":{"0":{"start":{"line":1,"column":0},"end":{"line":1,"column":24}},"1":{"start":{"line":2,"column":15},"end":{"line":2,"column":22}},"2":{"start":{"line":3,"column":1},"end":{"line":3,"column":25}}},"fnMap":{"0":{"name":"nameValidation","decl":{"start":{"line":1,"column":24},"end":{"line":1,"column":38}},"loc":{"start":{"line":1,"column":51},"end":{"line":4,"column":1}}}},"branchMap":{},"s":{"0":13,"1":19,"2":19},"f":{"0":19},"b":{}}
,"C:\\Users\\EC Santxsz\\Desktop\\Flexi Lease Auto - API\\src\\api\\utils\\userTokenGet.ts": {"path":"C:\\Users\\EC Santxsz\\Desktop\\Flexi Lease Auto - API\\src\\api\\utils\\userTokenGet.ts","statementMap":{"0":{"start":{"line":10,"column":0},"end":{"line":10,"column":30}},"1":{"start":{"line":1,"column":0},"end":{"line":1,"column":49}},"2":{"start":{"line":2,"column":0},"end":{"line":2,"column":35}},"3":{"start":{"line":10,"column":47},"end":{"line":19,"column":null}},"4":{"start":{"line":11,"column":16},"end":{"line":11,"column":25}},"5":{"start":{"line":12,"column":21},"end":{"line":12,"column":39}},"6":{"start":{"line":13,"column":1},"end":{"line":15,"column":2}},"7":{"start":{"line":14,"column":2},"end":{"line":14,"column":51}},"8":{"start":{"line":17,"column":22},"end":{"line":17,"column":84}},"9":{"start":{"line":18,"column":4},"end":{"line":18,"column":null}}},"fnMap":{"0":{"name":"getUserTokenInfo","decl":{"start":{"line":10,"column":30},"end":{"line":10,"column":46}},"loc":{"start":{"line":10,"column":46},"end":{"line":19,"column":null}}},"1":{"name":"(anonymous_9)","decl":{"start":{"line":10,"column":47},"end":{"line":10,"column":48}},"loc":{"start":{"line":10,"column":74},"end":{"line":19,"column":1}}}},"branchMap":{"0":{"loc":{"start":{"line":12,"column":21},"end":{"line":12,"column":39}},"type":"cond-expr","locations":[{"start":{"line":12,"column":24},"end":{"line":12,"column":26}},{"start":{"line":12,"column":21},"end":{"line":12,"column":39}}]},"1":{"loc":{"start":{"line":12,"column":21},"end":{"line":12,"column":26}},"type":"binary-expr","locations":[{"start":{"line":12,"column":21},"end":{"line":12,"column":26}},{"start":{"line":12,"column":21},"end":{"line":12,"column":26}}]},"2":{"loc":{"start":{"line":13,"column":1},"end":{"line":15,"column":2}},"type":"if","locations":[{"start":{"line":13,"column":1},"end":{"line":15,"column":2}}]}},"s":{"0":13,"1":13,"2":13,"3":30,"4":30,"5":30,"6":30,"7":0,"8":30,"9":30},"f":{"0":30,"1":30},"b":{"0":[0,30],"1":[30,30],"2":[0]}}
,"C:\\Users\\EC Santxsz\\Desktop\\Flexi Lease Auto - API\\src\\api\\utils\\verifyQualifyCategory.ts": {"path":"C:\\Users\\EC Santxsz\\Desktop\\Flexi Lease Auto - API\\src\\api\\utils\\verifyQualifyCategory.ts","statementMap":{"0":{"start":{"line":3,"column":0},"end":{"line":3,"column":30}},"1":{"start":{"line":1,"column":0},"end":{"line":1,"column":26}},"2":{"start":{"line":4,"column":22},"end":{"line":4,"column":38}},"3":{"start":{"line":5,"column":20},"end":{"line":5,"column":37}},"4":{"start":{"line":6,"column":21},"end":{"line":6,"column":52}},"5":{"start":{"line":7,"column":4},"end":{"line":9,"column":5}},"6":{"start":{"line":8,"column":8},"end":{"line":8,"column":20}},"7":{"start":{"line":10,"column":4},"end":{"line":10,"column":17}}},"fnMap":{"0":{"name":"calcQualified","decl":{"start":{"line":3,"column":30},"end":{"line":3,"column":43}},"loc":{"start":{"line":3,"column":59},"end":{"line":11,"column":null}}}},"branchMap":{"0":{"loc":{"start":{"line":7,"column":4},"end":{"line":9,"column":5}},"type":"if","locations":[{"start":{"line":7,"column":4},"end":{"line":9,"column":5}}]}},"s":{"0":13,"1":13,"2":18,"3":18,"4":18,"5":18,"6":3,"7":15},"f":{"0":18},"b":{"0":[3]}}
,"C:\\Users\\EC Santxsz\\Desktop\\Flexi Lease Auto - API\\src\\database\\index.ts": {"path":"C:\\Users\\EC Santxsz\\Desktop\\Flexi Lease Auto - API\\src\\database\\index.ts","statementMap":{"0":{"start":{"line":1,"column":0},"end":{"line":1,"column":26}},"1":{"start":{"line":2,"column":0},"end":{"line":2,"column":37}},"2":{"start":{"line":4,"column":13},"end":{"line":13,"column":3}},"3":{"start":{"line":15,"column":0},"end":{"line":21,"column":4}},"4":{"start":{"line":17,"column":2},"end":{"line":17,"column":30}},"5":{"start":{"line":20,"column":2},"end":{"line":20,"column":25}},"6":{"start":{"line":23,"column":29},"end":{"line":32,"column":1}},"7":{"start":{"line":24,"column":1},"end":{"line":24,"column":72}},"8":{"start":{"line":24,"column":34},"end":{"line":24,"column":72}},"9":{"start":{"line":26,"column":1},"end":{"line":31,"column":4}},"10":{"start":{"line":27,"column":2},"end":{"line":30,"column":12}},"11":{"start":{"line":28,"column":3},"end":{"line":29,"column":60}},"12":{"start":{"line":28,"column":36},"end":{"line":28,"column":59}},"13":{"start":{"line":29,"column":8},"end":{"line":29,"column":60}},"14":{"start":{"line":23,"column":13},"end":{"line":23,"column":29}}},"fnMap":{"0":{"name":"(anonymous_0)","decl":{"start":{"line":16,"column":7},"end":{"line":16,"column":10}},"loc":{"start":{"line":16,"column":12},"end":{"line":18,"column":2}}},"1":{"name":"(anonymous_1)","decl":{"start":{"line":19,"column":8},"end":{"line":19,"column":9}},"loc":{"start":{"line":19,"column":18},"end":{"line":21,"column":2}}},"2":{"name":"(anonymous_2)","decl":{"start":{"line":23,"column":29},"end":{"line":23,"column":30}},"loc":{"start":{"line":23,"column":67},"end":{"line":32,"column":1}}},"3":{"name":"(anonymous_3)","decl":{"start":{"line":26,"column":20},"end":{"line":26,"column":21}},"loc":{"start":{"line":26,"column":40},"end":{"line":31,"column":2}}},"4":{"name":"(anonymous_4)","decl":{"start":{"line":27,"column":13},"end":{"line":27,"column":16}},"loc":{"start":{"line":27,"column":18},"end":{"line":30,"column":3}}}},"branchMap":{"0":{"loc":{"start":{"line":23,"column":30},"end":{"line":23,"column":42}},"type":"default-arg","locations":[{"start":{"line":23,"column":38},"end":{"line":23,"column":42}}]},"1":{"loc":{"start":{"line":24,"column":1},"end":{"line":24,"column":72}},"type":"if","locations":[{"start":{"line":24,"column":1},"end":{"line":24,"column":72}}]},"2":{"loc":{"start":{"line":28,"column":3},"end":{"line":29,"column":60}},"type":"if","locations":[{"start":{"line":28,"column":3},"end":{"line":29,"column":60}},{"start":{"line":29,"column":8},"end":{"line":29,"column":60}}]}},"s":{"0":13,"1":13,"2":13,"3":13,"4":13,"5":0,"6":13,"7":57,"8":44,"9":13,"10":13,"11":13,"12":13,"13":0,"14":13},"f":{"0":13,"1":0,"2":57,"3":13,"4":13},"b":{"0":[57],"1":[44],"2":[13,0]}}
,"C:\\Users\\EC Santxsz\\Desktop\\Flexi Lease Auto - API\\src\\database\\entities\\Car.ts": {"path":"C:\\Users\\EC Santxsz\\Desktop\\Flexi Lease Auto - API\\src\\database\\entities\\Car.ts","statementMap":{"0":{"start":{"line":1,"column":0},"end":{"line":1,"column":null}},"1":{"start":{"line":9,"column":0},"end":{"line":9,"column":44}},"2":{"start":{"line":10,"column":0},"end":{"line":10,"column":32}},"3":{"start":{"line":13,"column":7},"end":{"line":48,"column":null}},"4":{"start":{"line":13,"column":13},"end":{"line":13,"column":16}},"5":{"start":{"line":15,"column":4},"end":{"line":15,"column":null}},"6":{"start":{"line":18,"column":4},"end":{"line":18,"column":null}},"7":{"start":{"line":21,"column":4},"end":{"line":21,"column":null}},"8":{"start":{"line":24,"column":4},"end":{"line":24,"column":null}},"9":{"start":{"line":27,"column":4},"end":{"line":27,"column":null}},"10":{"start":{"line":30,"column":4},"end":{"line":30,"column":null}},"11":{"start":{"line":33,"column":4},"end":{"line":33,"column":null}},"12":{"start":{"line":37,"column":4},"end":{"line":37,"column":null}},"13":{"start":{"line":41,"column":4},"end":{"line":41,"column":null}},"14":{"start":{"line":47,"column":4},"end":{"line":47,"column":null}},"15":{"start":{"line":43,"column":21},"end":{"line":43,"column":28}},"16":{"start":{"line":43,"column":43},"end":{"line":43,"column":54}},"17":{"start":{"line":13,"column":13},"end":{"line":48,"column":null}},"18":{"start":{"line":50,"column":0},"end":{"line":50,"column":19}}},"fnMap":{"0":{"name":"(anonymous_3)","decl":{"start":{"line":43,"column":15},"end":{"line":43,"column":18}},"loc":{"start":{"line":43,"column":21},"end":{"line":43,"column":28}}},"1":{"name":"(anonymous_4)","decl":{"start":{"line":43,"column":30},"end":{"line":43,"column":31}},"loc":{"start":{"line":43,"column":43},"end":{"line":43,"column":54}}}},"branchMap":{},"s":{"0":13,"1":13,"2":13,"3":13,"4":13,"5":13,"6":13,"7":13,"8":13,"9":13,"10":13,"11":13,"12":13,"13":13,"14":13,"15":13,"16":13,"17":13,"18":13},"f":{"0":13,"1":13},"b":{}}
,"C:\\Users\\EC Santxsz\\Desktop\\Flexi Lease Auto - API\\src\\database\\entities\\Reserve.ts": {"path":"C:\\Users\\EC Santxsz\\Desktop\\Flexi Lease Auto - API\\src\\database\\entities\\Reserve.ts","statementMap":{"0":{"start":{"line":1,"column":0},"end":{"line":1,"column":null}},"1":{"start":{"line":10,"column":0},"end":{"line":10,"column":44}},"2":{"start":{"line":11,"column":0},"end":{"line":11,"column":24}},"3":{"start":{"line":12,"column":0},"end":{"line":12,"column":26}},"4":{"start":{"line":15,"column":7},"end":{"line":49,"column":null}},"5":{"start":{"line":15,"column":13},"end":{"line":15,"column":20}},"6":{"start":{"line":17,"column":1},"end":{"line":17,"column":null}},"7":{"start":{"line":20,"column":4},"end":{"line":20,"column":null}},"8":{"start":{"line":23,"column":4},"end":{"line":23,"column":null}},"9":{"start":{"line":26,"column":4},"end":{"line":26,"column":null}},"10":{"start":{"line":33,"column":4},"end":{"line":33,"column":null}},"11":{"start":{"line":28,"column":21},"end":{"line":28,"column":24}},"12":{"start":{"line":28,"column":35},"end":{"line":28,"column":46}},"13":{"start":{"line":40,"column":4},"end":{"line":40,"column":null}},"14":{"start":{"line":35,"column":21},"end":{"line":35,"column":25}},"15":{"start":{"line":35,"column":37},"end":{"line":35,"column":49}},"16":{"start":{"line":44,"column":1},"end":{"line":44,"column":null}},"17":{"start":{"line":48,"column":1},"end":{"line":48,"column":null}},"18":{"start":{"line":15,"column":13},"end":{"line":49,"column":null}},"19":{"start":{"line":51,"column":0},"end":{"line":51,"column":23}}},"fnMap":{"0":{"name":"(anonymous_3)","decl":{"start":{"line":28,"column":15},"end":{"line":28,"column":18}},"loc":{"start":{"line":28,"column":21},"end":{"line":28,"column":24}}},"1":{"name":"(anonymous_4)","decl":{"start":{"line":28,"column":26},"end":{"line":28,"column":27}},"loc":{"start":{"line":28,"column":35},"end":{"line":28,"column":46}}},"2":{"name":"(anonymous_5)","decl":{"start":{"line":35,"column":15},"end":{"line":35,"column":18}},"loc":{"start":{"line":35,"column":21},"end":{"line":35,"column":25}}},"3":{"name":"(anonymous_6)","decl":{"start":{"line":35,"column":27},"end":{"line":35,"column":28}},"loc":{"start":{"line":35,"column":37},"end":{"line":35,"column":49}}}},"branchMap":{},"s":{"0":13,"1":13,"2":13,"3":13,"4":13,"5":13,"6":13,"7":13,"8":13,"9":13,"10":13,"11":13,"12":13,"13":13,"14":13,"15":13,"16":13,"17":13,"18":13,"19":13},"f":{"0":13,"1":13,"2":13,"3":13},"b":{}}
,"C:\\Users\\EC Santxsz\\Desktop\\Flexi Lease Auto - API\\src\\database\\entities\\User.ts": {"path":"C:\\Users\\EC Santxsz\\Desktop\\Flexi Lease Auto - API\\src\\database\\entities\\User.ts","statementMap":{"0":{"start":{"line":1,"column":0},"end":{"line":1,"column":null}},"1":{"start":{"line":9,"column":0},"end":{"line":9,"column":44}},"2":{"start":{"line":10,"column":0},"end":{"line":10,"column":32}},"3":{"start":{"line":13,"column":7},"end":{"line":69,"column":null}},"4":{"start":{"line":13,"column":13},"end":{"line":13,"column":17}},"5":{"start":{"line":15,"column":4},"end":{"line":15,"column":null}},"6":{"start":{"line":18,"column":4},"end":{"line":18,"column":null}},"7":{"start":{"line":22,"column":4},"end":{"line":22,"column":null}},"8":{"start":{"line":26,"column":4},"end":{"line":26,"column":null}},"9":{"start":{"line":29,"column":4},"end":{"line":29,"column":null}},"10":{"start":{"line":32,"column":4},"end":{"line":32,"column":null}},"11":{"start":{"line":35,"column":4},"end":{"line":35,"column":null}},"12":{"start":{"line":38,"column":4},"end":{"line":38,"column":null}},"13":{"start":{"line":41,"column":4},"end":{"line":41,"column":null}},"14":{"start":{"line":44,"column":4},"end":{"line":44,"column":null}},"15":{"start":{"line":47,"column":4},"end":{"line":47,"column":null}},"16":{"start":{"line":50,"column":4},"end":{"line":50,"column":null}},"17":{"start":{"line":53,"column":4},"end":{"line":53,"column":null}},"18":{"start":{"line":57,"column":4},"end":{"line":57,"column":null}},"19":{"start":{"line":61,"column":4},"end":{"line":61,"column":null}},"20":{"start":{"line":67,"column":4},"end":{"line":67,"column":null}},"21":{"start":{"line":63,"column":21},"end":{"line":63,"column":28}},"22":{"start":{"line":63,"column":43},"end":{"line":63,"column":55}},"23":{"start":{"line":13,"column":13},"end":{"line":69,"column":null}},"24":{"start":{"line":71,"column":0},"end":{"line":71,"column":20}}},"fnMap":{"0":{"name":"(anonymous_3)","decl":{"start":{"line":63,"column":15},"end":{"line":63,"column":18}},"loc":{"start":{"line":63,"column":21},"end":{"line":63,"column":28}}},"1":{"name":"(anonymous_4)","decl":{"start":{"line":63,"column":30},"end":{"line":63,"column":31}},"loc":{"start":{"line":63,"column":43},"end":{"line":63,"column":55}}}},"branchMap":{},"s":{"0":13,"1":13,"2":13,"3":13,"4":13,"5":13,"6":13,"7":13,"8":13,"9":13,"10":13,"11":13,"12":13,"13":13,"14":13,"15":13,"16":13,"17":13,"18":13,"19":13,"20":13,"21":13,"22":13,"23":13,"24":13},"f":{"0":13,"1":13},"b":{}}
,"C:\\Users\\EC Santxsz\\Desktop\\Flexi Lease Auto - API\\src\\database\\migrations\\1727820207184-CreateUser.ts": {"path":"C:\\Users\\EC Santxsz\\Desktop\\Flexi Lease Auto - API\\src\\database\\migrations\\1727820207184-CreateUser.ts","statementMap":{"0":{"start":{"line":1,"column":0},"end":{"line":1,"column":75}},"1":{"start":{"line":5,"column":2},"end":{"line":76,"column":4}},"2":{"start":{"line":80,"column":2},"end":{"line":80,"column":39}},"3":{"start":{"line":3,"column":0},"end":{"line":3,"column":13}}},"fnMap":{"0":{"name":"(anonymous_7)","decl":{"start":{"line":4,"column":14},"end":{"line":4,"column":16}},"loc":{"start":{"line":4,"column":41},"end":{"line":77,"column":null}}},"1":{"name":"(anonymous_9)","decl":{"start":{"line":79,"column":14},"end":{"line":79,"column":18}},"loc":{"start":{"line":79,"column":43},"end":{"line":81,"column":null}}}},"branchMap":{},"s":{"0":13,"1":0,"2":0,"3":13},"f":{"0":0,"1":0},"b":{}}
,"C:\\Users\\EC Santxsz\\Desktop\\Flexi Lease Auto - API\\src\\database\\migrations\\1727863959699-CreateCar.ts": {"path":"C:\\Users\\EC Santxsz\\Desktop\\Flexi Lease Auto - API\\src\\database\\migrations\\1727863959699-CreateCar.ts","statementMap":{"0":{"start":{"line":1,"column":0},"end":{"line":1,"column":75}},"1":{"start":{"line":6,"column":8},"end":{"line":58,"column":4}},"2":{"start":{"line":62,"column":8},"end":{"line":62,"column":null}},"3":{"start":{"line":3,"column":0},"end":{"line":3,"column":13}}},"fnMap":{"0":{"name":"(anonymous_7)","decl":{"start":{"line":5,"column":17},"end":{"line":5,"column":19}},"loc":{"start":{"line":5,"column":44},"end":{"line":59,"column":null}}},"1":{"name":"(anonymous_9)","decl":{"start":{"line":61,"column":17},"end":{"line":61,"column":21}},"loc":{"start":{"line":61,"column":46},"end":{"line":63,"column":null}}}},"branchMap":{},"s":{"0":13,"1":0,"2":0,"3":13},"f":{"0":0,"1":0},"b":{}}
,"C:\\Users\\EC Santxsz\\Desktop\\Flexi Lease Auto - API\\src\\routes\\Cars.routes.ts": {"path":"C:\\Users\\EC Santxsz\\Desktop\\Flexi Lease Auto - API\\src\\routes\\Cars.routes.ts","statementMap":{"0":{"start":{"line":1,"column":0},"end":{"line":1,"column":30}},"1":{"start":{"line":2,"column":0},"end":{"line":2,"column":48}},"2":{"start":{"line":4,"column":0},"end":{"line":4,"column":57}},"3":{"start":{"line":5,"column":0},"end":{"line":5,"column":32}},"4":{"start":{"line":6,"column":0},"end":{"line":6,"column":63}},"5":{"start":{"line":7,"column":0},"end":{"line":7,"column":59}},"6":{"start":{"line":8,"column":12},"end":{"line":8,"column":67}},"7":{"start":{"line":10,"column":18},"end":{"line":10,"column":34}},"8":{"start":{"line":12,"column":22},"end":{"line":12,"column":41}},"9":{"start":{"line":15,"column":0},"end":{"line":29,"column":2}},"10":{"start":{"line":32,"column":0},"end":{"line":48,"column":2}},"11":{"start":{"line":51,"column":0},"end":{"line":60,"column":2}},"12":{"start":{"line":63,"column":0},"end":{"line":77,"column":2}},"13":{"start":{"line":80,"column":0},"end":{"line":89,"column":2}},"14":{"start":{"line":92,"column":0},"end":{"line":109,"column":2}},"15":{"start":{"line":111,"column":0},"end":{"line":111,"column":25}}},"fnMap":{},"branchMap":{},"s":{"0":13,"1":13,"2":13,"3":13,"4":13,"5":13,"6":13,"7":13,"8":13,"9":13,"10":13,"11":13,"12":13,"13":13,"14":13,"15":13},"f":{},"b":{}}
,"C:\\Users\\EC Santxsz\\Desktop\\Flexi Lease Auto - API\\src\\routes\\Reserve.routes.ts": {"path":"C:\\Users\\EC Santxsz\\Desktop\\Flexi Lease Auto - API\\src\\routes\\Reserve.routes.ts","statementMap":{"0":{"start":{"line":1,"column":0},"end":{"line":1,"column":30}},"1":{"start":{"line":2,"column":0},"end":{"line":2,"column":48}},"2":{"start":{"line":4,"column":0},"end":{"line":4,"column":57}},"3":{"start":{"line":5,"column":0},"end":{"line":5,"column":32}},"4":{"start":{"line":6,"column":0},"end":{"line":6,"column":63}},"5":{"start":{"line":7,"column":0},"end":{"line":7,"column":67}},"6":{"start":{"line":8,"column":12},"end":{"line":8,"column":67}},"7":{"start":{"line":10,"column":22},"end":{"line":10,"column":38}},"8":{"start":{"line":12,"column":26},"end":{"line":12,"column":49}},"9":{"start":{"line":15,"column":0},"end":{"line":26,"column":2}},"10":{"start":{"line":29,"column":0},"end":{"line":43,"column":2}},"11":{"start":{"line":46,"column":0},"end":{"line":55,"column":2}},"12":{"start":{"line":58,"column":0},"end":{"line":72,"column":2}},"13":{"start":{"line":75,"column":0},"end":{"line":84,"column":2}},"14":{"start":{"line":86,"column":0},"end":{"line":86,"column":29}}},"fnMap":{},"branchMap":{},"s":{"0":13,"1":13,"2":13,"3":13,"4":13,"5":13,"6":13,"7":13,"8":13,"9":13,"10":13,"11":13,"12":13,"13":13,"14":13},"f":{},"b":{}}
,"C:\\Users\\EC Santxsz\\Desktop\\Flexi Lease Auto - API\\src\\routes\\Users.routes.ts": {"path":"C:\\Users\\EC Santxsz\\Desktop\\Flexi Lease Auto - API\\src\\routes\\Users.routes.ts","statementMap":{"0":{"start":{"line":1,"column":0},"end":{"line":1,"column":30}},"1":{"start":{"line":2,"column":0},"end":{"line":2,"column":48}},"2":{"start":{"line":4,"column":0},"end":{"line":4,"column":57}},"3":{"start":{"line":5,"column":0},"end":{"line":5,"column":32}},"4":{"start":{"line":6,"column":0},"end":{"line":6,"column":61}},"5":{"start":{"line":7,"column":0},"end":{"line":7,"column":63}},"6":{"start":{"line":8,"column":0},"end":{"line":8,"column":59}},"7":{"start":{"line":10,"column":12},"end":{"line":10,"column":67}},"8":{"start":{"line":12,"column":19},"end":{"line":12,"column":35}},"9":{"start":{"line":14,"column":23},"end":{"line":14,"column":43}},"10":{"start":{"line":17,"column":0},"end":{"line":30,"column":2}},"11":{"start":{"line":33,"column":0},"end":{"line":42,"column":2}},"12":{"start":{"line":45,"column":0},"end":{"line":63,"column":2}},"13":{"start":{"line":66,"column":0},"end":{"line":76,"column":2}},"14":{"start":{"line":79,"column":0},"end":{"line":84,"column":2}},"15":{"start":{"line":86,"column":0},"end":{"line":86,"column":26}}},"fnMap":{},"branchMap":{},"s":{"0":13,"1":13,"2":13,"3":13,"4":13,"5":13,"6":13,"7":13,"8":13,"9":13,"10":13,"11":13,"12":13,"13":13,"14":13,"15":13},"f":{},"b":{}}
}
