TN:
SF:jest.config.ts
FNF:0
FNH:0
DA:7,0
DA:8,0
DA:10,0
DA:203,0
LF:4
LH:0
BRF:0
BRH:0
end_of_record
TN:
SF:src\index.ts
FN:36,(anonymous_1)
FNF:1
FNH:1
FNDA:23,(anonymous_1)
DA:1,13
DA:2,13
DA:3,13
DA:4,13
DA:9,13
DA:10,13
DA:11,13
DA:12,13
DA:14,13
DA:15,13
DA:17,13
DA:18,13
DA:19,13
DA:21,13
DA:23,13
DA:24,13
DA:25,13
DA:27,13
DA:28,13
DA:29,13
DA:30,13
DA:32,13
DA:35,13
DA:37,23
DA:38,23
DA:45,0
DA:53,13
LF:27
LH:26
BRDA:37,0,0,23
BRF:1
BRH:1
end_of_record
TN:
SF:src\server.ts
FN:4,(anonymous_0)
FNF:1
FNH:0
FNDA:0,(anonymous_0)
DA:1,0
DA:3,0
DA:4,0
DA:5,0
LF:4
LH:0
BRDA:3,0,0,0
BRDA:3,0,1,0
BRF:2
BRH:0
end_of_record
TN:
SF:src\api\controllers\CarController.ts
FN:12,(anonymous_8)
FN:31,(anonymous_10)
FN:74,(anonymous_12)
FN:83,(anonymous_14)
FN:103,(anonymous_16)
FN:110,(anonymous_18)
FNF:6
FNH:6
FNDA:4,(anonymous_8)
FNDA:3,(anonymous_10)
FNDA:2,(anonymous_12)
FNDA:3,(anonymous_14)
FNDA:1,(anonymous_16)
FNDA:3,(anonymous_18)
DA:2,13
DA:4,13
DA:5,13
DA:6,13
DA:7,13
DA:8,13
DA:9,13
DA:11,13
DA:14,4
DA:15,4
DA:17,4
DA:19,4
DA:28,1
DA:32,3
DA:33,3
DA:35,3
DA:38,3
DA:40,3
DA:41,0
DA:43,3
DA:44,0
DA:46,3
DA:47,0
DA:49,3
DA:50,0
DA:52,3
DA:53,0
DA:55,3
DA:56,0
DA:59,3
DA:61,3
DA:62,3
DA:63,3
DA:71,3
DA:75,2
DA:76,2
DA:78,2
DA:79,2
DA:80,1
DA:85,3
DA:86,3
DA:87,3
DA:89,3
DA:90,3
DA:100,1
DA:104,1
DA:105,1
DA:106,1
DA:107,1
DA:111,3
DA:113,3
DA:114,3
DA:116,3
DA:117,3
DA:128,1
LF:55
LH:49
BRDA:40,0,0,0
BRDA:43,1,0,0
BRDA:46,2,0,0
BRDA:49,3,0,0
BRDA:52,4,0,0
BRDA:55,5,0,0
BRF:6
BRH:0
end_of_record
TN:
SF:src\api\controllers\ReserveController.ts
FN:11,(anonymous_8)
FN:25,(anonymous_10)
FN:60,(anonymous_12)
FN:70,(anonymous_14)
FN:88,(anonymous_16)
FNF:5
FNH:2
FNDA:4,(anonymous_8)
FNDA:2,(anonymous_10)
FNDA:0,(anonymous_12)
FNDA:0,(anonymous_14)
FNDA:0,(anonymous_16)
DA:2,13
DA:4,13
DA:5,13
DA:6,13
DA:7,13
DA:8,13
DA:10,13
DA:12,4
DA:13,4
DA:15,4
DA:16,4
DA:22,1
DA:26,2
DA:27,2
DA:28,2
DA:30,2
DA:32,2
DA:33,0
DA:35,2
DA:36,0
DA:38,2
DA:39,0
DA:41,2
DA:42,0
DA:45,2
DA:47,2
DA:48,2
DA:49,2
DA:57,1
DA:61,0
DA:62,0
DA:64,0
DA:65,0
DA:67,0
DA:71,0
DA:72,0
DA:74,0
DA:76,0
DA:77,0
DA:85,0
DA:89,0
DA:90,0
DA:92,0
DA:93,0
DA:94,0
LF:45
LH:25
BRDA:32,0,0,0
BRDA:35,1,0,0
BRDA:38,2,0,0
BRDA:41,3,0,0
BRF:4
BRH:0
end_of_record
TN:
SF:src\api\controllers\UserController.ts
FN:11,(anonymous_8)
FN:28,(anonymous_10)
FN:36,(anonymous_12)
FN:56,(anonymous_14)
FN:64,(anonymous_16)
FNF:5
FNH:5
FNDA:6,(anonymous_8)
FNDA:1,(anonymous_10)
FNDA:4,(anonymous_12)
FNDA:1,(anonymous_14)
FNDA:1,(anonymous_16)
DA:2,13
DA:4,13
DA:5,13
DA:6,13
DA:7,13
DA:8,13
DA:10,13
DA:12,6
DA:14,6
DA:16,6
DA:25,1
DA:29,1
DA:30,1
DA:32,1
DA:33,1
DA:37,4
DA:38,4
DA:39,4
DA:41,4
DA:42,4
DA:53,1
DA:57,1
DA:59,1
DA:60,1
DA:61,1
DA:65,1
DA:66,1
DA:67,1
DA:68,1
LF:29
LH:29
BRF:0
BRH:0
end_of_record
TN:
SF:src\api\middlewares\AppError.ts
FN:6,(anonymous_0)
FNF:1
FNH:1
FNDA:23,(anonymous_0)
DA:7,23
DA:8,23
DA:9,23
DA:10,23
DA:12,3
DA:13,3
DA:15,17
DA:16,17
DA:18,2
DA:23,13
LF:10
LH:10
BRDA:6,0,0,3
BRDA:6,1,0,23
BRDA:10,2,0,3
BRDA:10,2,1,17
BRDA:10,2,2,2
BRF:5
BRH:5
end_of_record
TN:
SF:src\api\middlewares\Authenticated.ts
FN:6,authenticateToken
FN:19,(anonymous_10)
FNF:2
FNH:2
FNDA:31,authenticateToken
FNDA:31,(anonymous_10)
DA:3,13
DA:4,13
DA:6,13
DA:11,31
DA:12,31
DA:13,31
DA:14,0
DA:16,31
DA:20,31
DA:21,1
DA:23,30
LF:11
LH:10
BRDA:12,0,0,0
BRDA:12,0,1,31
BRDA:12,1,0,31
BRDA:12,1,1,31
BRDA:13,2,0,0
BRDA:20,3,0,1
BRF:6
BRH:4
end_of_record
TN:
SF:src\api\middlewares\CheckUserAuth.ts
FN:8,checkUserAuth
FN:20,(anonymous_10)
FNF:2
FNH:2
FNDA:8,checkUserAuth
FNDA:8,(anonymous_10)
DA:2,13
DA:4,13
DA:8,13
DA:13,8
DA:14,8
DA:15,8
DA:17,8
DA:21,8
DA:22,0
DA:24,8
DA:25,8
DA:26,2
DA:30,6
LF:13
LH:12
BRDA:14,0,0,0
BRDA:14,0,1,8
BRDA:14,1,0,8
BRDA:14,1,1,8
BRDA:15,2,0,8
BRDA:15,2,1,8
BRDA:21,3,0,0
BRDA:25,4,0,2
BRF:8
BRH:6
end_of_record
TN:
SF:src\api\services\Cars\CreateCarService.ts
FN:10,(anonymous_8)
FN:10,(anonymous_9)
FN:37,(anonymous_10)
FNF:3
FNH:3
FNDA:12,(anonymous_8)
FNDA:12,(anonymous_9)
FNDA:15,(anonymous_10)
DA:1,13
DA:2,13
DA:3,13
DA:6,13
DA:7,13
DA:9,13
DA:10,12
DA:19,12
DA:20,12
DA:21,12
DA:24,12
DA:28,12
DA:32,12
DA:33,0
DA:36,12
DA:37,12
DA:38,15
DA:39,1
DA:45,14
DA:48,11
DA:49,1
DA:54,10
DA:55,1
DA:58,9
DA:67,9
DA:69,9
DA:79,9
LF:27
LH:26
BRDA:32,0,0,0
BRDA:38,1,0,1
BRDA:48,2,0,1
BRDA:48,3,0,11
BRDA:48,3,1,10
BRDA:54,4,0,1
BRF:6
BRH:5
end_of_record
TN:
SF:src\api\services\Cars\DeleteCarService.ts
FN:14,(anonymous_8)
FN:14,(anonymous_9)
FNF:2
FNH:2
FNDA:2,(anonymous_8)
FNDA:2,(anonymous_9)
DA:1,13
DA:3,13
DA:4,13
DA:5,13
DA:6,13
DA:13,13
DA:14,2
DA:15,2
DA:16,2
DA:17,2
DA:20,2
DA:24,2
DA:28,2
DA:29,0
DA:32,2
DA:36,2
DA:37,1
DA:40,1
LF:18
LH:17
BRDA:28,0,0,0
BRDA:36,1,0,1
BRF:2
BRH:1
end_of_record
TN:
SF:src\api\services\Cars\ListAllCarService.ts
FN:10,(anonymous_8)
FN:48,(anonymous_10)
FN:50,(anonymous_11)
FN:91,(anonymous_12)
FN:93,(anonymous_13)
FN:127,(anonymous_14)
FN:129,(anonymous_15)
FNF:7
FNH:3
FNDA:3,(anonymous_8)
FNDA:0,(anonymous_10)
FNDA:0,(anonymous_11)
FNDA:0,(anonymous_12)
FNDA:0,(anonymous_13)
FNDA:21,(anonymous_14)
FNDA:30,(anonymous_15)
DA:1,13
DA:3,13
DA:4,13
DA:5,13
DA:6,13
DA:7,13
DA:9,13
DA:17,3
DA:18,3
DA:19,3
DA:22,3
DA:26,3
DA:30,3
DA:31,0
DA:34,3
DA:35,0
DA:47,0
DA:48,0
DA:49,0
DA:50,0
DA:51,0
DA:54,0
DA:63,0
DA:66,0
DA:74,0
DA:77,3
DA:78,0
DA:90,0
DA:91,0
DA:92,0
DA:93,0
DA:94,0
DA:97,0
DA:106,0
DA:109,0
DA:117,0
DA:120,3
DA:126,3
DA:127,3
DA:128,21
DA:129,21
DA:130,30
DA:133,21
DA:142,21
DA:145,3
DA:153,3
LF:46
LH:25
BRDA:30,0,0,0
BRDA:34,1,0,0
BRDA:34,2,0,3
BRDA:34,2,1,3
BRDA:34,2,2,3
BRDA:77,3,0,0
BRDA:122,4,0,0
BRDA:122,4,1,3
BRDA:123,5,0,0
BRDA:123,5,1,3
BRDA:148,6,0,0
BRDA:148,6,1,3
BRDA:149,7,0,0
BRDA:149,7,1,3
BRDA:150,8,0,0
BRDA:150,8,1,3
BRF:16
BRH:8
end_of_record
TN:
SF:src\api\services\Cars\ModifyCarService.ts
FN:9,(anonymous_8)
FN:9,(anonymous_9)
FN:42,(anonymous_10)
FNF:3
FNH:3
FNDA:3,(anonymous_8)
FNDA:3,(anonymous_9)
FNDA:4,(anonymous_10)
DA:1,13
DA:2,13
DA:3,13
DA:5,13
DA:6,13
DA:8,13
DA:9,3
DA:19,3
DA:20,3
DA:21,3
DA:24,3
DA:28,3
DA:32,3
DA:33,0
DA:36,3
DA:37,3
DA:38,0
DA:41,3
DA:42,3
DA:43,4
DA:44,1
DA:50,3
DA:53,2
DA:54,1
DA:59,1
DA:60,0
DA:63,1
DA:64,1
DA:65,1
DA:66,1
DA:67,1
DA:68,1
DA:72,1
DA:74,1
DA:84,1
LF:35
LH:32
BRDA:32,0,0,0
BRDA:37,1,0,0
BRDA:42,2,0,0
BRDA:42,2,1,3
BRDA:42,3,0,3
BRDA:42,3,1,3
BRDA:43,4,0,1
BRDA:53,5,0,1
BRDA:53,6,0,2
BRDA:53,6,1,1
BRDA:59,7,0,0
BRDA:63,8,0,1
BRDA:63,8,1,0
BRDA:64,9,0,0
BRDA:64,9,1,1
BRDA:65,10,0,0
BRDA:65,10,1,1
BRDA:66,11,0,0
BRDA:66,11,1,1
BRDA:67,12,0,1
BRDA:67,12,1,0
BRDA:68,13,0,0
BRDA:68,13,1,1
BRF:23
BRH:13
end_of_record
TN:
SF:src\api\services\Cars\ShowCarService.ts
FN:6,(anonymous_8)
FN:14,(anonymous_10)
FNF:2
FNH:2
FNDA:1,(anonymous_8)
FNDA:1,(anonymous_10)
DA:1,13
DA:2,13
DA:3,13
DA:5,13
DA:7,1
DA:8,1
DA:9,1
DA:10,0
DA:13,1
DA:14,1
DA:15,1
DA:18,1
DA:28,1
LF:13
LH:12
BRDA:9,0,0,0
BRF:1
BRH:0
end_of_record
TN:
SF:src\api\services\Cars\UpdateCarService.ts
FN:7,(anonymous_8)
FN:7,(anonymous_9)
FN:25,(anonymous_10)
FNF:3
FNH:3
FNDA:3,(anonymous_8)
FNDA:3,(anonymous_9)
FNDA:2,(anonymous_10)
DA:1,13
DA:2,13
DA:3,13
DA:6,13
DA:7,3
DA:16,3
DA:17,3
DA:19,3
DA:20,3
DA:21,0
DA:24,3
DA:25,3
DA:26,2
DA:27,1
DA:32,1
DA:35,2
DA:36,1
DA:41,1
DA:42,1
DA:43,1
DA:44,1
DA:45,1
DA:46,1
DA:50,1
DA:52,1
DA:62,1
LF:26
LH:25
BRDA:20,0,0,0
BRDA:25,1,0,2
BRDA:25,1,1,1
BRDA:25,2,0,3
BRDA:25,2,1,3
BRDA:26,3,0,1
BRDA:35,4,0,1
BRDA:35,5,0,2
BRDA:35,5,1,1
BRDA:41,6,0,1
BRDA:41,6,1,0
BRDA:42,7,0,0
BRDA:42,7,1,1
BRDA:43,8,0,0
BRDA:43,8,1,1
BRDA:44,9,0,0
BRDA:44,9,1,1
BRDA:45,10,0,0
BRDA:45,10,1,1
BRDA:46,11,0,0
BRDA:46,11,1,1
BRF:21
BRH:14
end_of_record
TN:
SF:src\api\services\Reserves\CreateReserveService.ts
FN:16,(anonymous_8)
FN:16,(anonymous_9)
FNF:2
FNH:2
FNDA:4,(anonymous_8)
FNDA:4,(anonymous_9)
DA:1,13
DA:3,13
DA:4,13
DA:5,13
DA:8,13
DA:9,13
DA:10,13
DA:11,13
DA:12,13
DA:13,13
DA:15,13
DA:16,4
DA:22,4
DA:23,4
DA:24,4
DA:25,4
DA:28,4
DA:32,4
DA:35,4
DA:36,0
DA:38,4
DA:39,1
DA:42,3
DA:45,3
DA:46,1
DA:49,2
DA:59,2
DA:60,1
DA:66,1
DA:76,1
DA:77,0
DA:83,1
DA:84,1
DA:86,1
DA:88,1
DA:89,0
DA:92,1
DA:100,1
DA:102,1
DA:111,1
LF:40
LH:37
BRDA:35,0,0,0
BRDA:38,1,0,1
BRDA:38,2,0,4
BRDA:38,2,1,4
BRDA:45,3,0,1
BRDA:59,4,0,1
BRDA:76,5,0,0
BRDA:88,6,0,0
BRF:8
BRH:5
end_of_record
TN:
SF:src\api\services\Reserves\DeleteReserveService.ts
FN:14,(anonymous_8)
FN:14,(anonymous_9)
FNF:2
FNH:0
FNDA:0,(anonymous_8)
FNDA:0,(anonymous_9)
DA:1,13
DA:2,13
DA:4,13
DA:5,13
DA:6,13
DA:13,13
DA:14,0
DA:15,0
DA:16,0
DA:17,0
DA:20,0
DA:24,0
DA:28,0
DA:29,0
DA:32,0
DA:36,0
DA:37,0
DA:40,0
DA:45,0
DA:46,0
DA:49,0
DA:50,0
DA:53,0
LF:23
LH:6
BRDA:28,0,0,0
BRDA:36,1,0,0
BRDA:45,2,0,0
BRDA:45,3,0,0
BRDA:45,3,1,0
BRDA:45,4,0,0
BRDA:45,4,1,0
BRDA:49,5,0,0
BRF:8
BRH:0
end_of_record
TN:
SF:src\api\services\Reserves\ListReserveService.ts
FN:11,(anonymous_8)
FN:47,(anonymous_10)
FN:83,(anonymous_11)
FNF:3
FNH:1
FNDA:2,(anonymous_8)
FNDA:0,(anonymous_10)
FNDA:0,(anonymous_11)
DA:1,13
DA:2,13
DA:4,13
DA:5,13
DA:6,13
DA:7,13
DA:8,13
DA:10,13
DA:18,2
DA:19,2
DA:20,2
DA:23,2
DA:27,2
DA:31,2
DA:32,1
DA:35,1
DA:36,0
DA:46,0
DA:47,0
DA:48,0
DA:59,0
DA:62,0
DA:70,0
DA:73,1
DA:82,1
DA:83,1
DA:84,0
DA:95,0
DA:98,1
DA:106,1
LF:30
LH:21
BRDA:31,0,0,1
BRDA:35,1,0,0
BRDA:42,2,0,0
BRDA:42,2,1,0
BRDA:43,3,0,0
BRDA:43,3,1,0
BRDA:65,4,0,0
BRDA:65,4,1,0
BRDA:66,5,0,0
BRDA:66,5,1,0
BRDA:67,6,0,0
BRDA:67,6,1,0
BRDA:78,7,0,0
BRDA:78,7,1,1
BRDA:79,8,0,0
BRDA:79,8,1,1
BRDA:101,9,0,0
BRDA:101,9,1,1
BRDA:102,10,0,0
BRDA:102,10,1,1
BRDA:103,11,0,0
BRDA:103,11,1,1
BRF:22
BRH:6
end_of_record
TN:
SF:src\api\services\Reserves\ShowReserveService.ts
FN:8,(anonymous_8)
FNF:1
FNH:0
FNDA:0,(anonymous_8)
DA:1,13
DA:2,13
DA:3,13
DA:4,13
DA:5,13
DA:7,13
DA:9,0
DA:10,0
DA:13,0
DA:17,0
DA:21,0
DA:22,0
DA:25,0
DA:26,0
DA:29,0
DA:41,0
LF:16
LH:6
BRDA:21,0,0,0
BRDA:25,1,0,0
BRF:2
BRH:0
end_of_record
TN:
SF:src\api\services\Reserves\UpdateReserveService.ts
FN:17,(anonymous_8)
FN:17,(anonymous_9)
FNF:2
FNH:0
FNDA:0,(anonymous_8)
FNDA:0,(anonymous_9)
DA:1,13
DA:2,13
DA:3,13
DA:4,13
DA:5,13
DA:6,13
DA:16,13
DA:17,0
DA:18,0
DA:19,0
DA:20,0
DA:23,0
DA:27,0
DA:31,0
DA:32,0
DA:39,0
DA:40,0
DA:41,0
DA:59,0
DA:60,0
DA:62,0
DA:64,0
DA:70,0
LF:23
LH:7
BRDA:31,0,0,0
BRDA:40,1,0,0
BRDA:59,2,0,0
BRDA:59,2,1,0
BRDA:60,3,0,0
BRDA:60,3,1,0
BRF:6
BRH:0
end_of_record
TN:
SF:src\api\services\Users\CreateUserService.ts
FN:16,(anonymous_8)
FN:16,(anonymous_9)
FN:48,(anonymous_10)
FNF:3
FNH:3
FNDA:22,(anonymous_8)
FNDA:22,(anonymous_9)
FNDA:18,(anonymous_10)
DA:1,13
DA:2,13
DA:3,13
DA:5,13
DA:6,13
DA:10,13
DA:11,13
DA:12,13
DA:13,13
DA:15,13
DA:16,22
DA:24,22
DA:25,22
DA:27,22
DA:28,1
DA:31,21
DA:33,21
DA:36,21
DA:37,21
DA:38,2
DA:41,19
DA:42,1
DA:45,18
DA:49,18
DA:53,18
DA:54,18
DA:55,1
DA:58,17
DA:60,17
DA:62,17
DA:77,17
DA:79,17
DA:94,17
LF:33
LH:33
BRDA:27,0,0,1
BRDA:37,1,0,2
BRDA:37,2,0,21
BRDA:37,2,1,20
BRDA:41,3,0,1
BRDA:49,4,0,18
BRDA:49,4,1,18
BRDA:54,5,0,1
BRF:8
BRH:8
end_of_record
TN:
SF:src\api\services\Users\DeleteUserService.ts
FN:11,(anonymous_8)
FN:11,(anonymous_9)
FNF:2
FNH:2
FNDA:1,(anonymous_8)
FNDA:1,(anonymous_9)
DA:1,13
DA:2,13
DA:4,13
DA:10,13
DA:11,1
DA:12,1
DA:13,1
DA:15,1
DA:19,1
DA:20,0
DA:23,1
LF:11
LH:10
BRDA:19,0,0,0
BRF:1
BRH:0
end_of_record
TN:
SF:src\api\services\Users\ShowUserInfoService.ts
FN:13,(anonymous_8)
FN:13,(anonymous_9)
FNF:2
FNH:2
FNDA:1,(anonymous_8)
FNDA:1,(anonymous_9)
DA:1,13
DA:3,13
DA:4,13
DA:6,13
DA:12,13
DA:13,1
DA:14,1
DA:15,1
DA:17,1
DA:21,1
DA:22,0
DA:25,1
DA:40,1
LF:13
LH:12
BRDA:21,0,0,0
BRF:1
BRH:0
end_of_record
TN:
SF:src\api\services\Users\UpdateUserService.ts
FN:16,(anonymous_8)
FN:16,(anonymous_9)
FN:80,(anonymous_10)
FNF:3
FNH:3
FNDA:4,(anonymous_8)
FNDA:4,(anonymous_9)
FNDA:2,(anonymous_10)
DA:1,13
DA:2,13
DA:3,13
DA:5,13
DA:6,13
DA:10,13
DA:11,13
DA:12,13
DA:13,13
DA:15,13
DA:16,4
DA:26,4
DA:27,4
DA:30,4
DA:34,4
DA:35,4
DA:36,0
DA:39,4
DA:40,3
DA:41,3
DA:42,3
DA:43,0
DA:46,1
DA:47,1
DA:48,1
DA:52,3
DA:53,2
DA:57,2
DA:58,2
DA:59,0
DA:62,1
DA:65,1
DA:66,1
DA:70,2
DA:71,2
DA:72,2
DA:74,0
DA:77,2
DA:81,2
DA:85,2
DA:88,2
DA:89,1
DA:92,1
DA:94,1
DA:96,1
DA:97,1
DA:98,1
DA:99,1
DA:100,1
DA:101,1
DA:102,1
DA:103,1
DA:106,1
DA:107,1
DA:110,1
DA:111,1
DA:113,1
DA:115,1
DA:130,1
LF:59
LH:55
BRDA:35,0,0,0
BRDA:39,1,0,3
BRDA:39,1,1,1
BRDA:41,2,0,0
BRDA:41,2,1,3
BRDA:41,3,0,3
BRDA:41,3,1,3
BRDA:42,4,0,0
BRDA:42,5,0,3
BRDA:42,5,1,3
BRDA:47,6,0,1
BRDA:47,7,0,1
BRDA:47,7,1,1
BRDA:52,8,0,2
BRDA:52,8,1,1
BRDA:54,9,0,0
BRDA:54,9,1,2
BRDA:54,10,0,2
BRDA:54,10,1,2
BRDA:57,11,0,0
BRDA:57,11,1,2
BRDA:57,12,0,2
BRDA:57,12,1,2
BRDA:58,13,0,0
BRDA:58,14,0,2
BRDA:58,14,1,2
BRDA:63,15,0,0
BRDA:63,15,1,1
BRDA:63,16,0,1
BRDA:63,16,1,1
BRDA:65,17,0,1
BRDA:65,18,0,1
BRDA:65,18,1,1
BRDA:71,19,0,2
BRDA:71,19,1,0
BRDA:81,20,0,2
BRDA:81,20,1,2
BRDA:86,21,0,1
BRDA:86,21,1,1
BRDA:88,22,0,1
BRDA:96,23,0,1
BRDA:96,23,1,0
BRDA:97,24,0,1
BRDA:97,24,1,0
BRDA:98,25,0,0
BRDA:98,25,1,1
BRDA:99,26,0,0
BRDA:99,26,1,1
BRDA:100,27,0,1
BRDA:100,27,1,0
BRDA:102,28,0,0
BRDA:102,28,1,1
BRDA:103,29,0,0
BRDA:103,29,1,1
BRDA:106,30,0,0
BRDA:106,30,1,1
BRDA:107,31,0,0
BRDA:107,31,1,1
BRDA:110,32,0,0
BRDA:110,32,1,1
BRDA:111,33,0,0
BRDA:111,33,1,1
BRF:62
BRH:43
end_of_record
TN:
SF:src\api\services\Users\UserAuthService.ts
FN:11,(anonymous_8)
FN:11,(anonymous_9)
FNF:2
FNH:2
FNDA:1,(anonymous_8)
FNDA:1,(anonymous_9)
DA:1,13
DA:2,13
DA:4,13
DA:5,13
DA:7,13
DA:10,13
DA:11,1
DA:12,1
DA:14,1
DA:15,1
DA:16,0
DA:19,1
DA:23,1
DA:24,1
DA:29,1
DA:34,1
DA:37,0
LF:17
LH:15
BRDA:15,0,0,0
BRDA:23,1,0,1
BRF:2
BRH:1
end_of_record
TN:
SF:src\api\utils\cpfFunctions.ts
FN:3,cpfFormater
FNF:1
FNH:1
FNDA:22,cpfFormater
DA:1,13
DA:3,13
DA:4,22
DA:5,22
DA:6,0
DA:8,22
LF:6
LH:5
BRDA:5,0,0,0
BRF:1
BRH:0
end_of_record
TN:
SF:src\api\utils\nameValidation.ts
FN:1,nameValidation
FNF:1
FNH:1
FNDA:19,nameValidation
DA:1,13
DA:2,19
DA:3,19
LF:3
LH:3
BRF:0
BRH:0
end_of_record
TN:
SF:src\api\utils\userTokenGet.ts
FN:10,getUserTokenInfo
FN:10,(anonymous_9)
FNF:2
FNH:2
FNDA:30,getUserTokenInfo
FNDA:30,(anonymous_9)
DA:1,13
DA:2,13
DA:10,30
DA:11,30
DA:12,30
DA:13,30
DA:14,0
DA:17,30
DA:18,30
LF:9
LH:8
BRDA:12,0,0,0
BRDA:12,0,1,30
BRDA:12,1,0,30
BRDA:12,1,1,30
BRDA:13,2,0,0
BRF:5
BRH:3
end_of_record
TN:
SF:src\api\utils\verifyQualifyCategory.ts
FN:3,calcQualified
FNF:1
FNH:1
FNDA:18,calcQualified
DA:1,13
DA:3,13
DA:4,18
DA:5,18
DA:6,18
DA:7,18
DA:8,3
DA:10,15
LF:8
LH:8
BRDA:7,0,0,3
BRF:1
BRH:1
end_of_record
TN:
SF:src\database\index.ts
FN:16,(anonymous_0)
FN:19,(anonymous_1)
FN:23,(anonymous_2)
FN:26,(anonymous_3)
FN:27,(anonymous_4)
FNF:5
FNH:4
FNDA:13,(anonymous_0)
FNDA:0,(anonymous_1)
FNDA:57,(anonymous_2)
FNDA:13,(anonymous_3)
FNDA:13,(anonymous_4)
DA:1,13
DA:2,13
DA:4,13
DA:15,13
DA:17,13
DA:20,0
DA:23,13
DA:24,57
DA:26,13
DA:27,13
DA:28,13
DA:29,0
LF:12
LH:10
BRDA:23,0,0,57
BRDA:24,1,0,44
BRDA:28,2,0,13
BRDA:28,2,1,0
BRF:4
BRH:3
end_of_record
TN:
SF:src\database\entities\Car.ts
FN:43,(anonymous_3)
FN:43,(anonymous_4)
FNF:2
FNH:2
FNDA:13,(anonymous_3)
FNDA:13,(anonymous_4)
DA:1,13
DA:9,13
DA:10,13
DA:13,13
DA:15,13
DA:18,13
DA:21,13
DA:24,13
DA:27,13
DA:30,13
DA:33,13
DA:37,13
DA:41,13
DA:43,13
DA:47,13
DA:50,13
LF:16
LH:16
BRF:0
BRH:0
end_of_record
TN:
SF:src\database\entities\Reserve.ts
FN:28,(anonymous_3)
FN:28,(anonymous_4)
FN:35,(anonymous_5)
FN:35,(anonymous_6)
FNF:4
FNH:4
FNDA:13,(anonymous_3)
FNDA:13,(anonymous_4)
FNDA:13,(anonymous_5)
FNDA:13,(anonymous_6)
DA:1,13
DA:10,13
DA:11,13
DA:12,13
DA:15,13
DA:17,13
DA:20,13
DA:23,13
DA:26,13
DA:28,13
DA:33,13
DA:35,13
DA:40,13
DA:44,13
DA:48,13
DA:51,13
LF:16
LH:16
BRF:0
BRH:0
end_of_record
TN:
SF:src\database\entities\User.ts
FN:63,(anonymous_3)
FN:63,(anonymous_4)
FNF:2
FNH:2
FNDA:13,(anonymous_3)
FNDA:13,(anonymous_4)
DA:1,13
DA:9,13
DA:10,13
DA:13,13
DA:15,13
DA:18,13
DA:22,13
DA:26,13
DA:29,13
DA:32,13
DA:35,13
DA:38,13
DA:41,13
DA:44,13
DA:47,13
DA:50,13
DA:53,13
DA:57,13
DA:61,13
DA:63,13
DA:67,13
DA:71,13
LF:22
LH:22
BRF:0
BRH:0
end_of_record
TN:
SF:src\database\migrations\1727820207184-CreateUser.ts
FN:4,(anonymous_7)
FN:79,(anonymous_9)
FNF:2
FNH:0
FNDA:0,(anonymous_7)
FNDA:0,(anonymous_9)
DA:1,13
DA:3,13
DA:5,0
DA:80,0
LF:4
LH:2
BRF:0
BRH:0
end_of_record
TN:
SF:src\database\migrations\1727863959699-CreateCar.ts
FN:5,(anonymous_7)
FN:61,(anonymous_9)
FNF:2
FNH:0
FNDA:0,(anonymous_7)
FNDA:0,(anonymous_9)
DA:1,13
DA:3,13
DA:6,0
DA:62,0
LF:4
LH:2
BRF:0
BRH:0
end_of_record
TN:
SF:src\routes\Cars.routes.ts
FNF:0
FNH:0
DA:1,13
DA:2,13
DA:4,13
DA:5,13
DA:6,13
DA:7,13
DA:8,13
DA:10,13
DA:12,13
DA:15,13
DA:32,13
DA:51,13
DA:63,13
DA:80,13
DA:92,13
DA:111,13
LF:16
LH:16
BRF:0
BRH:0
end_of_record
TN:
SF:src\routes\Reserve.routes.ts
FNF:0
FNH:0
DA:1,13
DA:2,13
DA:4,13
DA:5,13
DA:6,13
DA:7,13
DA:8,13
DA:10,13
DA:12,13
DA:15,13
DA:29,13
DA:46,13
DA:58,13
DA:75,13
DA:86,13
LF:15
LH:15
BRF:0
BRH:0
end_of_record
TN:
SF:src\routes\Users.routes.ts
FNF:0
FNH:0
DA:1,13
DA:2,13
DA:4,13
DA:5,13
DA:6,13
DA:7,13
DA:8,13
DA:10,13
DA:12,13
DA:14,13
DA:17,13
DA:33,13
DA:45,13
DA:66,13
DA:79,13
DA:86,13
LF:16
LH:16
BRF:0
BRH:0
end_of_record
