TN:
SF:jest.config.ts
FNF:0
FNH:0
DA:7,0
DA:8,0
DA:10,0
DA:200,0
LF:4
LH:0
BRF:0
BRH:0
end_of_record
TN:
SF:coverage\lcov-report\block-navigation.js
FN:2,init
FN:24,toggleClass
FN:31,makeCurrent
FN:41,goToPrevious
FN:52,goToNext
FN:65,jump
FNF:6
FNH:0
FNDA:0,init
FNDA:0,toggleClass
FNDA:0,makeCurrent
FNDA:0,goToPrevious
FNDA:0,goToNext
FNDA:0,jump
DA:2,0
DA:4,0
DA:7,0
DA:10,0
DA:14,0
DA:20,0
DA:25,0
DA:28,0
DA:32,0
DA:33,0
DA:34,0
DA:42,0
DA:43,0
DA:44,0
DA:45,0
DA:46,0
DA:49,0
DA:53,0
DA:55,0
DA:59,0
DA:62,0
DA:65,0
DA:66,0
DA:71,0
DA:74,0
DA:77,0
DA:78,0
DA:82,0
DA:83,0
DA:87,0
LF:30
LH:0
BRDA:43,0,0,0
BRDA:43,0,1,0
BRDA:43,1,0,0
BRDA:43,1,1,0
BRDA:45,2,0,0
BRDA:45,2,1,0
BRDA:55,3,0,0
BRDA:55,3,1,0
BRDA:56,4,0,0
BRDA:56,4,1,0
BRDA:66,5,0,0
BRDA:66,5,1,0
BRDA:67,6,0,0
BRDA:67,6,1,0
BRDA:74,7,0,0
BRDA:74,7,1,0
BRDA:74,7,2,0
BRDA:74,7,3,0
BRDA:74,7,4,0
BRF:19
BRH:0
end_of_record
TN:
SF:coverage\lcov-report\prettify.js
FN:2,(anonymous_0)
FN:2,k
FN:2,ab
FN:2,T
FN:2,X
FN:2,(anonymous_5)
FN:2,W
FN:2,(anonymous_7)
FN:2,a
FN:2,aa
FN:2,B
FN:2,o
FN:2,g
FN:2,(anonymous_13)
FN:2,(anonymous_14)
FN:2,i
FN:2,Q
FN:2,ae
FN:2,ad
FN:2,ai
FN:2,D
FN:2,c
FN:2,q
FN:2,d
FN:2,y
FN:2,b
FN:2,Y
FN:2,(anonymous_27)
FN:2,U
FNF:29
FNH:0
FNDA:0,(anonymous_0)
FNDA:0,k
FNDA:0,ab
FNDA:0,T
FNDA:0,X
FNDA:0,(anonymous_5)
FNDA:0,W
FNDA:0,(anonymous_7)
FNDA:0,a
FNDA:0,aa
FNDA:0,B
FNDA:0,o
FNDA:0,g
FNDA:0,(anonymous_13)
FNDA:0,(anonymous_14)
FNDA:0,i
FNDA:0,Q
FNDA:0,ae
FNDA:0,ad
FNDA:0,ai
FNDA:0,D
FNDA:0,c
FNDA:0,q
FNDA:0,d
FNDA:0,y
FNDA:0,b
FNDA:0,Y
FNDA:0,(anonymous_27)
FNDA:0,U
DA:2,0
LF:1
LH:0
BRDA:2,0,0,0
BRDA:2,0,1,0
BRDA:2,1,0,0
BRDA:2,1,1,0
BRDA:2,2,0,0
BRDA:2,2,1,0
BRDA:2,3,0,0
BRDA:2,3,1,0
BRDA:2,4,0,0
BRDA:2,4,1,0
BRDA:2,5,0,0
BRDA:2,5,1,0
BRDA:2,6,0,0
BRDA:2,6,1,0
BRDA:2,7,0,0
BRDA:2,7,1,0
BRDA:2,8,0,0
BRDA:2,8,1,0
BRDA:2,9,0,0
BRDA:2,9,1,0
BRDA:2,10,0,0
BRDA:2,10,1,0
BRDA:2,11,0,0
BRDA:2,11,1,0
BRDA:2,11,2,0
BRDA:2,11,3,0
BRDA:2,12,0,0
BRDA:2,12,1,0
BRDA:2,13,0,0
BRDA:2,13,1,0
BRDA:2,14,0,0
BRDA:2,14,1,0
BRDA:2,15,0,0
BRDA:2,15,1,0
BRDA:2,16,0,0
BRDA:2,16,1,0
BRDA:2,17,0,0
BRDA:2,17,1,0
BRDA:2,18,0,0
BRDA:2,18,1,0
BRDA:2,19,0,0
BRDA:2,19,1,0
BRDA:2,20,0,0
BRDA:2,20,1,0
BRDA:2,21,0,0
BRDA:2,21,1,0
BRDA:2,22,0,0
BRDA:2,22,1,0
BRDA:2,23,0,0
BRDA:2,23,1,0
BRDA:2,24,0,0
BRDA:2,24,1,0
BRDA:2,25,0,0
BRDA:2,25,1,0
BRDA:2,26,0,0
BRDA:2,26,1,0
BRDA:2,27,0,0
BRDA:2,27,1,0
BRDA:2,28,0,0
BRDA:2,28,1,0
BRDA:2,29,0,0
BRDA:2,29,1,0
BRDA:2,30,0,0
BRDA:2,30,1,0
BRDA:2,31,0,0
BRDA:2,31,1,0
BRDA:2,32,0,0
BRDA:2,32,1,0
BRDA:2,33,0,0
BRDA:2,33,1,0
BRDA:2,34,0,0
BRDA:2,34,1,0
BRDA:2,35,0,0
BRDA:2,35,1,0
BRDA:2,36,0,0
BRDA:2,36,1,0
BRDA:2,37,0,0
BRDA:2,37,1,0
BRDA:2,38,0,0
BRDA:2,38,1,0
BRDA:2,39,0,0
BRDA:2,39,1,0
BRDA:2,40,0,0
BRDA:2,40,1,0
BRDA:2,41,0,0
BRDA:2,41,1,0
BRDA:2,42,0,0
BRDA:2,42,1,0
BRDA:2,43,0,0
BRDA:2,43,1,0
BRDA:2,44,0,0
BRDA:2,44,1,0
BRDA:2,45,0,0
BRDA:2,45,1,0
BRDA:2,46,0,0
BRDA:2,46,1,0
BRDA:2,47,0,0
BRDA:2,47,1,0
BRDA:2,48,0,0
BRDA:2,48,1,0
BRDA:2,49,0,0
BRDA:2,49,1,0
BRDA:2,50,0,0
BRDA:2,50,1,0
BRDA:2,50,2,0
BRDA:2,51,0,0
BRDA:2,51,1,0
BRDA:2,52,0,0
BRDA:2,52,1,0
BRDA:2,53,0,0
BRDA:2,53,1,0
BRDA:2,54,0,0
BRDA:2,54,1,0
BRDA:2,55,0,0
BRDA:2,55,1,0
BRDA:2,56,0,0
BRDA:2,56,1,0
BRDA:2,57,0,0
BRDA:2,57,1,0
BRDA:2,58,0,0
BRDA:2,58,1,0
BRDA:2,59,0,0
BRDA:2,59,1,0
BRDA:2,60,0,0
BRDA:2,60,1,0
BRDA:2,61,0,0
BRDA:2,61,1,0
BRDA:2,62,0,0
BRDA:2,62,1,0
BRDA:2,63,0,0
BRDA:2,63,1,0
BRDA:2,64,0,0
BRDA:2,64,1,0
BRDA:2,65,0,0
BRDA:2,65,1,0
BRDA:2,66,0,0
BRDA:2,66,1,0
BRDA:2,67,0,0
BRDA:2,67,1,0
BRDA:2,68,0,0
BRDA:2,68,1,0
BRDA:2,69,0,0
BRDA:2,69,1,0
BRDA:2,70,0,0
BRDA:2,70,1,0
BRDA:2,71,0,0
BRDA:2,71,1,0
BRDA:2,72,0,0
BRDA:2,72,1,0
BRDA:2,73,0,0
BRDA:2,73,1,0
BRDA:2,74,0,0
BRDA:2,74,1,0
BRDA:2,75,0,0
BRDA:2,75,1,0
BRDA:2,76,0,0
BRDA:2,76,1,0
BRDA:2,77,0,0
BRDA:2,77,1,0
BRDA:2,78,0,0
BRDA:2,78,1,0
BRDA:2,79,0,0
BRDA:2,79,1,0
BRDA:2,80,0,0
BRDA:2,80,1,0
BRDA:2,81,0,0
BRDA:2,81,1,0
BRDA:2,82,0,0
BRDA:2,82,1,0
BRDA:2,83,0,0
BRDA:2,83,1,0
BRDA:2,84,0,0
BRDA:2,84,1,0
BRDA:2,85,0,0
BRDA:2,85,1,0
BRDA:2,86,0,0
BRDA:2,86,1,0
BRDA:2,87,0,0
BRDA:2,87,1,0
BRDA:2,88,0,0
BRDA:2,88,1,0
BRDA:2,89,0,0
BRDA:2,89,1,0
BRDA:2,89,2,0
BRDA:2,90,0,0
BRDA:2,90,1,0
BRDA:2,91,0,0
BRDA:2,91,1,0
BRDA:2,92,0,0
BRDA:2,92,1,0
BRDA:2,93,0,0
BRDA:2,93,1,0
BRDA:2,94,0,0
BRDA:2,94,1,0
BRDA:2,95,0,0
BRDA:2,95,1,0
BRDA:2,96,0,0
BRDA:2,96,1,0
BRDA:2,97,0,0
BRDA:2,97,1,0
BRDA:2,98,0,0
BRDA:2,98,1,0
BRDA:2,99,0,0
BRDA:2,99,1,0
BRDA:2,100,0,0
BRDA:2,100,1,0
BRDA:2,101,0,0
BRDA:2,101,1,0
BRDA:2,102,0,0
BRDA:2,102,1,0
BRDA:2,103,0,0
BRDA:2,103,1,0
BRDA:2,104,0,0
BRDA:2,104,1,0
BRDA:2,105,0,0
BRDA:2,105,1,0
BRDA:2,106,0,0
BRDA:2,106,1,0
BRDA:2,107,0,0
BRDA:2,107,1,0
BRDA:2,108,0,0
BRDA:2,108,1,0
BRDA:2,109,0,0
BRDA:2,109,1,0
BRDA:2,110,0,0
BRDA:2,110,1,0
BRDA:2,111,0,0
BRDA:2,111,1,0
BRDA:2,112,0,0
BRDA:2,112,1,0
BRDA:2,113,0,0
BRDA:2,113,1,0
BRDA:2,114,0,0
BRDA:2,114,1,0
BRDA:2,115,0,0
BRDA:2,115,1,0
BRDA:2,116,0,0
BRDA:2,116,1,0
BRDA:2,117,0,0
BRDA:2,117,1,0
BRDA:2,118,0,0
BRDA:2,118,1,0
BRDA:2,119,0,0
BRDA:2,119,1,0
BRDA:2,120,0,0
BRDA:2,120,1,0
BRDA:2,121,0,0
BRDA:2,121,1,0
BRDA:2,122,0,0
BRDA:2,122,1,0
BRDA:2,123,0,0
BRDA:2,123,1,0
BRDA:2,124,0,0
BRDA:2,124,1,0
BRDA:2,125,0,0
BRDA:2,125,1,0
BRDA:2,126,0,0
BRDA:2,126,1,0
BRDA:2,127,0,0
BRDA:2,127,1,0
BRDA:2,128,0,0
BRDA:2,128,1,0
BRDA:2,128,2,0
BRDA:2,129,0,0
BRDA:2,129,1,0
BRDA:2,130,0,0
BRDA:2,130,1,0
BRDA:2,131,0,0
BRDA:2,131,1,0
BRDA:2,131,2,0
BRDA:2,131,3,0
BRDA:2,131,4,0
BRDA:2,132,0,0
BRDA:2,132,1,0
BRDA:2,133,0,0
BRDA:2,133,1,0
BRDA:2,134,0,0
BRDA:2,134,1,0
BRDA:2,135,0,0
BRDA:2,135,1,0
BRDA:2,136,0,0
BRDA:2,136,1,0
BRDA:2,137,0,0
BRDA:2,137,1,0
BRDA:2,138,0,0
BRDA:2,138,1,0
BRF:286
BRH:0
end_of_record
TN:
SF:coverage\lcov-report\sorter.js
FN:2,(anonymous_0)
FN:11,getTable
FN:15,getTableHeader
FN:19,getTableBody
FN:23,getNthColumn
FN:27,onFilterInput
FN:45,addSearchBox
FN:53,loadColumns
FN:78,loadRowData
FN:97,loadData
FN:106,sortByIndex
FN:108,(anonymous_11)
FN:120,(anonymous_12)
FN:137,removeSortIndicators
FN:145,addSortIndicators
FN:151,enableUI
FN:154,ithSorter
FN:157,(anonymous_17)
FN:184,(anonymous_18)
FNF:19
FNH:0
FNDA:0,(anonymous_0)
FNDA:0,getTable
FNDA:0,getTableHeader
FNDA:0,getTableBody
FNDA:0,getNthColumn
FNDA:0,onFilterInput
FNDA:0,addSearchBox
FNDA:0,loadColumns
FNDA:0,loadRowData
FNDA:0,loadData
FNDA:0,sortByIndex
FNDA:0,(anonymous_11)
FNDA:0,(anonymous_12)
FNDA:0,removeSortIndicators
FNDA:0,addSortIndicators
FNDA:0,enableUI
FNDA:0,ithSorter
FNDA:0,(anonymous_17)
FNDA:0,(anonymous_18)
DA:2,0
DA:5,0
DA:12,0
DA:16,0
DA:20,0
DA:24,0
DA:28,0
DA:29,0
DA:30,0
DA:31,0
DA:32,0
DA:37,0
DA:39,0
DA:46,0
DA:47,0
DA:48,0
DA:49,0
DA:54,0
DA:56,0
DA:60,0
DA:61,0
DA:62,0
DA:67,0
DA:68,0
DA:69,0
DA:70,0
DA:74,0
DA:79,0
DA:82,0
DA:85,0
DA:86,0
DA:87,0
DA:88,0
DA:89,0
DA:90,0
DA:92,0
DA:94,0
DA:98,0
DA:101,0
DA:102,0
DA:107,0
DA:108,0
DA:109,0
DA:110,0
DA:111,0
DA:113,0
DA:114,0
DA:115,0
DA:116,0
DA:119,0
DA:120,0
DA:121,0
DA:125,0
DA:126,0
DA:127,0
DA:130,0
DA:132,0
DA:133,0
DA:138,0
DA:139,0
DA:141,0
DA:142,0
DA:146,0
DA:154,0
DA:155,0
DA:157,0
DA:158,0
DA:160,0
DA:161,0
DA:163,0
DA:164,0
DA:165,0
DA:166,0
DA:167,0
DA:170,0
DA:171,0
DA:174,0
DA:175,0
DA:176,0
DA:178,0
DA:184,0
DA:185,0
DA:186,0
DA:188,0
DA:189,0
DA:190,0
DA:191,0
DA:192,0
DA:196,0
LF:89
LH:0
BRDA:32,0,0,0
BRDA:32,0,1,0
BRDA:65,1,0,0
BRDA:65,1,1,0
BRDA:68,2,0,0
BRDA:68,2,1,0
BRDA:89,3,0,0
BRDA:89,3,1,0
BRDA:111,4,0,0
BRDA:111,4,1,0
BRDA:111,5,0,0
BRDA:111,5,1,0
BRDA:119,6,0,0
BRDA:119,6,1,0
BRDA:146,7,0,0
BRDA:146,7,1,0
BRDA:160,8,0,0
BRDA:160,8,1,0
BRDA:171,9,0,0
BRDA:171,9,1,0
BRDA:175,10,0,0
BRDA:175,10,1,0
BRDA:185,11,0,0
BRDA:185,11,1,0
BRF:24
BRH:0
end_of_record
TN:
SF:src\index.ts
FN:36,(anonymous_1)
FNF:1
FNH:1
FNDA:28,(anonymous_1)
DA:1,16
DA:2,16
DA:3,16
DA:4,16
DA:9,16
DA:10,16
DA:11,16
DA:12,16
DA:14,16
DA:15,16
DA:17,16
DA:18,16
DA:19,16
DA:21,16
DA:23,16
DA:24,16
DA:25,16
DA:27,16
DA:28,16
DA:29,16
DA:30,16
DA:32,16
DA:35,16
DA:37,28
DA:38,28
DA:45,0
DA:53,16
LF:27
LH:26
BRDA:37,0,0,28
BRF:1
BRH:1
end_of_record
TN:
SF:src\server.ts
FN:4,(anonymous_0)
FNF:1
FNH:0
FNDA:0,(anonymous_0)
DA:1,0
DA:3,0
DA:4,0
DA:5,0
LF:4
LH:0
BRDA:3,0,0,0
BRDA:3,0,1,0
BRF:2
BRH:0
end_of_record
TN:
SF:src\api\controllers\CarController.ts
FN:12,(anonymous_8)
FN:31,(anonymous_10)
FN:74,(anonymous_12)
FN:83,(anonymous_14)
FN:103,(anonymous_16)
FN:110,(anonymous_18)
FNF:6
FNH:6
FNDA:4,(anonymous_8)
FNDA:3,(anonymous_10)
FNDA:2,(anonymous_12)
FNDA:3,(anonymous_14)
FNDA:1,(anonymous_16)
FNDA:3,(anonymous_18)
DA:2,16
DA:4,16
DA:5,16
DA:6,16
DA:7,16
DA:8,16
DA:9,16
DA:11,16
DA:14,4
DA:15,4
DA:17,4
DA:19,4
DA:28,1
DA:32,3
DA:33,3
DA:35,3
DA:38,3
DA:40,3
DA:41,0
DA:43,3
DA:44,0
DA:46,3
DA:47,0
DA:49,3
DA:50,0
DA:52,3
DA:53,0
DA:55,3
DA:56,0
DA:59,3
DA:61,3
DA:62,3
DA:63,3
DA:71,3
DA:75,2
DA:76,2
DA:78,2
DA:79,2
DA:80,1
DA:85,3
DA:86,3
DA:87,3
DA:89,3
DA:90,3
DA:100,1
DA:104,1
DA:105,1
DA:106,1
DA:107,1
DA:111,3
DA:113,3
DA:114,3
DA:116,3
DA:117,3
DA:128,1
LF:55
LH:49
BRDA:40,0,0,0
BRDA:43,1,0,0
BRDA:46,2,0,0
BRDA:49,3,0,0
BRDA:52,4,0,0
BRDA:55,5,0,0
BRF:6
BRH:0
end_of_record
TN:
SF:src\api\controllers\ReserveController.ts
FN:11,(anonymous_8)
FN:25,(anonymous_10)
FN:60,(anonymous_12)
FN:70,(anonymous_14)
FN:88,(anonymous_16)
FNF:5
FNH:5
FNDA:4,(anonymous_8)
FNDA:2,(anonymous_10)
FNDA:3,(anonymous_12)
FNDA:3,(anonymous_14)
FNDA:1,(anonymous_16)
DA:2,16
DA:4,16
DA:5,16
DA:6,16
DA:7,16
DA:8,16
DA:10,16
DA:12,4
DA:13,4
DA:15,4
DA:16,4
DA:22,1
DA:26,2
DA:27,2
DA:28,2
DA:30,2
DA:32,2
DA:33,0
DA:35,2
DA:36,0
DA:38,2
DA:39,0
DA:41,2
DA:42,0
DA:45,2
DA:47,2
DA:48,2
DA:49,2
DA:57,1
DA:61,3
DA:62,3
DA:64,3
DA:65,3
DA:67,1
DA:71,3
DA:72,3
DA:74,3
DA:76,3
DA:77,3
DA:85,1
DA:89,1
DA:90,1
DA:92,1
DA:93,1
DA:94,1
LF:45
LH:41
BRDA:32,0,0,0
BRDA:35,1,0,0
BRDA:38,2,0,0
BRDA:41,3,0,0
BRF:4
BRH:0
end_of_record
TN:
SF:src\api\controllers\UserController.ts
FN:11,(anonymous_8)
FN:28,(anonymous_10)
FN:36,(anonymous_12)
FN:56,(anonymous_14)
FN:64,(anonymous_16)
FNF:5
FNH:5
FNDA:6,(anonymous_8)
FNDA:1,(anonymous_10)
FNDA:4,(anonymous_12)
FNDA:1,(anonymous_14)
FNDA:1,(anonymous_16)
DA:2,16
DA:4,16
DA:5,16
DA:6,16
DA:7,16
DA:8,16
DA:10,16
DA:12,6
DA:14,6
DA:16,6
DA:25,1
DA:29,1
DA:30,1
DA:32,1
DA:33,1
DA:37,4
DA:38,4
DA:39,4
DA:41,4
DA:42,4
DA:53,1
DA:57,1
DA:59,1
DA:60,1
DA:61,1
DA:65,1
DA:66,1
DA:67,1
DA:68,1
LF:29
LH:29
BRF:0
BRH:0
end_of_record
TN:
SF:src\api\middlewares\AppError.ts
FN:6,(anonymous_0)
FNF:1
FNH:1
FNDA:28,(anonymous_0)
DA:7,28
DA:8,28
DA:9,28
DA:10,28
DA:12,5
DA:13,5
DA:15,17
DA:16,17
DA:18,4
DA:23,16
LF:10
LH:10
BRDA:6,0,0,3
BRDA:6,1,0,28
BRDA:10,2,0,5
BRDA:10,2,1,17
BRDA:10,2,2,4
BRF:5
BRH:5
end_of_record
TN:
SF:src\api\middlewares\Authenticated.ts
FN:6,authenticateToken
FN:19,(anonymous_10)
FNF:2
FNH:2
FNDA:39,authenticateToken
FNDA:39,(anonymous_10)
DA:3,16
DA:4,16
DA:6,16
DA:11,39
DA:12,39
DA:13,39
DA:14,0
DA:16,39
DA:20,39
DA:21,2
DA:23,37
LF:11
LH:10
BRDA:12,0,0,0
BRDA:12,0,1,39
BRDA:12,1,0,39
BRDA:12,1,1,39
BRDA:13,2,0,0
BRDA:20,3,0,2
BRF:6
BRH:4
end_of_record
TN:
SF:src\api\middlewares\CheckUserAuth.ts
FN:8,checkUserAuth
FN:20,(anonymous_10)
FNF:2
FNH:2
FNDA:8,checkUserAuth
FNDA:8,(anonymous_10)
DA:2,16
DA:4,16
DA:8,16
DA:13,8
DA:14,8
DA:15,8
DA:17,8
DA:21,8
DA:22,0
DA:24,8
DA:25,8
DA:26,2
DA:30,6
LF:13
LH:12
BRDA:14,0,0,0
BRDA:14,0,1,8
BRDA:14,1,0,8
BRDA:14,1,1,8
BRDA:15,2,0,8
BRDA:15,2,1,8
BRDA:21,3,0,0
BRDA:25,4,0,2
BRF:8
BRH:6
end_of_record
TN:
SF:src\api\services\Cars\CreateCarService.ts
FN:10,(anonymous_8)
FN:10,(anonymous_9)
FN:37,(anonymous_10)
FNF:3
FNH:3
FNDA:18,(anonymous_8)
FNDA:18,(anonymous_9)
FNDA:21,(anonymous_10)
DA:1,16
DA:2,16
DA:3,16
DA:6,16
DA:7,16
DA:9,16
DA:10,18
DA:19,18
DA:20,18
DA:21,18
DA:24,18
DA:28,18
DA:32,18
DA:33,0
DA:36,18
DA:37,18
DA:38,21
DA:39,1
DA:45,20
DA:48,17
DA:49,1
DA:54,16
DA:55,1
DA:58,15
DA:67,15
DA:69,15
DA:79,15
LF:27
LH:26
BRDA:32,0,0,0
BRDA:38,1,0,1
BRDA:48,2,0,1
BRDA:48,3,0,17
BRDA:48,3,1,16
BRDA:54,4,0,1
BRF:6
BRH:5
end_of_record
TN:
SF:src\api\services\Cars\DeleteCarService.ts
FN:14,(anonymous_8)
FN:14,(anonymous_9)
FNF:2
FNH:2
FNDA:2,(anonymous_8)
FNDA:2,(anonymous_9)
DA:1,16
DA:3,16
DA:4,16
DA:5,16
DA:6,16
DA:13,16
DA:14,2
DA:15,2
DA:16,2
DA:17,2
DA:20,2
DA:24,2
DA:28,2
DA:29,0
DA:32,2
DA:36,2
DA:37,1
DA:40,1
LF:18
LH:17
BRDA:28,0,0,0
BRDA:36,1,0,1
BRF:2
BRH:1
end_of_record
TN:
SF:src\api\services\Cars\ListAllCarService.ts
FN:10,(anonymous_8)
FN:48,(anonymous_10)
FN:50,(anonymous_11)
FN:91,(anonymous_12)
FN:93,(anonymous_13)
FN:127,(anonymous_14)
FN:129,(anonymous_15)
FNF:7
FNH:3
FNDA:3,(anonymous_8)
FNDA:0,(anonymous_10)
FNDA:0,(anonymous_11)
FNDA:0,(anonymous_12)
FNDA:0,(anonymous_13)
FNDA:30,(anonymous_14)
FNDA:30,(anonymous_15)
DA:1,16
DA:3,16
DA:4,16
DA:5,16
DA:6,16
DA:7,16
DA:9,16
DA:17,3
DA:18,3
DA:19,3
DA:22,3
DA:26,3
DA:30,3
DA:31,0
DA:34,3
DA:35,0
DA:47,0
DA:48,0
DA:49,0
DA:50,0
DA:51,0
DA:54,0
DA:63,0
DA:66,0
DA:74,0
DA:77,3
DA:78,0
DA:90,0
DA:91,0
DA:92,0
DA:93,0
DA:94,0
DA:97,0
DA:106,0
DA:109,0
DA:117,0
DA:120,3
DA:126,3
DA:127,3
DA:128,30
DA:129,30
DA:130,30
DA:133,30
DA:142,30
DA:145,3
DA:153,3
LF:46
LH:25
BRDA:30,0,0,0
BRDA:34,1,0,0
BRDA:34,2,0,3
BRDA:34,2,1,3
BRDA:34,2,2,3
BRDA:77,3,0,0
BRDA:122,4,0,0
BRDA:122,4,1,3
BRDA:123,5,0,0
BRDA:123,5,1,3
BRDA:148,6,0,0
BRDA:148,6,1,3
BRDA:149,7,0,0
BRDA:149,7,1,3
BRDA:150,8,0,0
BRDA:150,8,1,3
BRF:16
BRH:8
end_of_record
TN:
SF:src\api\services\Cars\ModifyCarService.ts
FN:9,(anonymous_8)
FN:9,(anonymous_9)
FN:42,(anonymous_10)
FNF:3
FNH:3
FNDA:3,(anonymous_8)
FNDA:3,(anonymous_9)
FNDA:4,(anonymous_10)
DA:1,16
DA:2,16
DA:3,16
DA:5,16
DA:6,16
DA:8,16
DA:9,3
DA:19,3
DA:20,3
DA:21,3
DA:24,3
DA:28,3
DA:32,3
DA:33,0
DA:36,3
DA:37,3
DA:38,0
DA:41,3
DA:42,3
DA:43,4
DA:44,1
DA:50,3
DA:53,2
DA:54,1
DA:59,1
DA:60,0
DA:63,1
DA:64,1
DA:65,1
DA:66,1
DA:67,1
DA:68,1
DA:72,1
DA:74,1
DA:84,1
LF:35
LH:32
BRDA:32,0,0,0
BRDA:37,1,0,0
BRDA:42,2,0,0
BRDA:42,2,1,3
BRDA:42,3,0,3
BRDA:42,3,1,3
BRDA:43,4,0,1
BRDA:53,5,0,1
BRDA:53,6,0,2
BRDA:53,6,1,1
BRDA:59,7,0,0
BRDA:63,8,0,1
BRDA:63,8,1,0
BRDA:64,9,0,0
BRDA:64,9,1,1
BRDA:65,10,0,0
BRDA:65,10,1,1
BRDA:66,11,0,0
BRDA:66,11,1,1
BRDA:67,12,0,1
BRDA:67,12,1,0
BRDA:68,13,0,0
BRDA:68,13,1,1
BRF:23
BRH:13
end_of_record
TN:
SF:src\api\services\Cars\ShowCarService.ts
FN:6,(anonymous_8)
FN:14,(anonymous_10)
FNF:2
FNH:2
FNDA:1,(anonymous_8)
FNDA:1,(anonymous_10)
DA:1,16
DA:2,16
DA:3,16
DA:5,16
DA:7,1
DA:8,1
DA:9,1
DA:10,0
DA:13,1
DA:14,1
DA:15,1
DA:18,1
DA:28,1
LF:13
LH:12
BRDA:9,0,0,0
BRF:1
BRH:0
end_of_record
TN:
SF:src\api\services\Cars\UpdateCarService.ts
FN:7,(anonymous_8)
FN:7,(anonymous_9)
FN:25,(anonymous_10)
FNF:3
FNH:3
FNDA:3,(anonymous_8)
FNDA:3,(anonymous_9)
FNDA:2,(anonymous_10)
DA:1,16
DA:2,16
DA:3,16
DA:6,16
DA:7,3
DA:16,3
DA:17,3
DA:19,3
DA:20,3
DA:21,0
DA:24,3
DA:25,3
DA:26,2
DA:27,1
DA:32,1
DA:35,2
DA:36,1
DA:41,1
DA:42,1
DA:43,1
DA:44,1
DA:45,1
DA:46,1
DA:50,1
DA:52,1
DA:62,1
LF:26
LH:25
BRDA:20,0,0,0
BRDA:25,1,0,2
BRDA:25,1,1,1
BRDA:25,2,0,3
BRDA:25,2,1,3
BRDA:26,3,0,1
BRDA:35,4,0,1
BRDA:35,5,0,2
BRDA:35,5,1,1
BRDA:41,6,0,1
BRDA:41,6,1,0
BRDA:42,7,0,0
BRDA:42,7,1,1
BRDA:43,8,0,0
BRDA:43,8,1,1
BRDA:44,9,0,0
BRDA:44,9,1,1
BRDA:45,10,0,0
BRDA:45,10,1,1
BRDA:46,11,0,0
BRDA:46,11,1,1
BRF:21
BRH:14
end_of_record
TN:
SF:src\api\services\Reserves\CreateReserveService.ts
FN:16,(anonymous_8)
FN:16,(anonymous_9)
FNF:2
FNH:2
FNDA:9,(anonymous_8)
FNDA:9,(anonymous_9)
DA:1,16
DA:3,16
DA:4,16
DA:5,16
DA:8,16
DA:9,16
DA:10,16
DA:11,16
DA:12,16
DA:13,16
DA:15,16
DA:16,9
DA:22,9
DA:23,9
DA:24,9
DA:25,9
DA:28,9
DA:32,9
DA:35,9
DA:36,0
DA:38,9
DA:39,1
DA:42,8
DA:45,8
DA:46,1
DA:49,7
DA:59,7
DA:60,1
DA:66,6
DA:76,6
DA:77,0
DA:83,6
DA:84,6
DA:86,6
DA:88,6
DA:89,0
DA:92,6
DA:100,6
DA:102,6
DA:111,6
LF:40
LH:37
BRDA:35,0,0,0
BRDA:38,1,0,1
BRDA:38,2,0,9
BRDA:38,2,1,9
BRDA:45,3,0,1
BRDA:59,4,0,1
BRDA:76,5,0,0
BRDA:88,6,0,0
BRF:8
BRH:5
end_of_record
TN:
SF:src\api\services\Reserves\DeleteReserveService.ts
FN:14,(anonymous_8)
FN:14,(anonymous_9)
FNF:2
FNH:2
FNDA:1,(anonymous_8)
FNDA:1,(anonymous_9)
DA:1,16
DA:2,16
DA:4,16
DA:5,16
DA:6,16
DA:13,16
DA:14,1
DA:15,1
DA:16,1
DA:17,1
DA:20,1
DA:24,1
DA:28,1
DA:29,0
DA:32,1
DA:36,1
DA:37,0
DA:40,1
DA:45,1
DA:46,0
DA:49,1
DA:50,0
DA:53,1
LF:23
LH:19
BRDA:28,0,0,0
BRDA:36,1,0,0
BRDA:45,2,0,0
BRDA:45,3,0,0
BRDA:45,3,1,1
BRDA:45,4,0,1
BRDA:45,4,1,1
BRDA:49,5,0,0
BRF:8
BRH:3
end_of_record
TN:
SF:src\api\services\Reserves\ListReserveService.ts
FN:11,(anonymous_8)
FN:47,(anonymous_10)
FN:83,(anonymous_11)
FNF:3
FNH:1
FNDA:2,(anonymous_8)
FNDA:0,(anonymous_10)
FNDA:0,(anonymous_11)
DA:1,16
DA:2,16
DA:4,16
DA:5,16
DA:6,16
DA:7,16
DA:8,16
DA:10,16
DA:18,2
DA:19,2
DA:20,2
DA:23,2
DA:27,2
DA:31,2
DA:32,1
DA:35,1
DA:36,0
DA:46,0
DA:47,0
DA:48,0
DA:59,0
DA:62,0
DA:70,0
DA:73,1
DA:82,1
DA:83,1
DA:84,0
DA:95,0
DA:98,1
DA:106,1
LF:30
LH:21
BRDA:31,0,0,1
BRDA:35,1,0,0
BRDA:42,2,0,0
BRDA:42,2,1,0
BRDA:43,3,0,0
BRDA:43,3,1,0
BRDA:65,4,0,0
BRDA:65,4,1,0
BRDA:66,5,0,0
BRDA:66,5,1,0
BRDA:67,6,0,0
BRDA:67,6,1,0
BRDA:78,7,0,0
BRDA:78,7,1,1
BRDA:79,8,0,0
BRDA:79,8,1,1
BRDA:101,9,0,0
BRDA:101,9,1,1
BRDA:102,10,0,0
BRDA:102,10,1,1
BRDA:103,11,0,0
BRDA:103,11,1,1
BRF:22
BRH:6
end_of_record
TN:
SF:src\api\services\Reserves\ShowReserveService.ts
FN:8,(anonymous_8)
FNF:1
FNH:1
FNDA:3,(anonymous_8)
DA:1,16
DA:2,16
DA:3,16
DA:4,16
DA:5,16
DA:7,16
DA:9,3
DA:10,3
DA:13,3
DA:17,3
DA:21,3
DA:22,1
DA:25,2
DA:26,1
DA:29,1
DA:41,1
LF:16
LH:16
BRDA:21,0,0,1
BRDA:25,1,0,1
BRF:2
BRH:2
end_of_record
TN:
SF:src\api\services\Reserves\UpdateReserveService.ts
FN:19,(anonymous_8)
FN:19,(anonymous_9)
FNF:2
FNH:2
FNDA:3,(anonymous_8)
FNDA:3,(anonymous_9)
DA:1,16
DA:2,16
DA:3,16
DA:4,16
DA:5,16
DA:6,16
DA:7,16
DA:8,16
DA:18,16
DA:19,3
DA:20,3
DA:21,3
DA:22,3
DA:23,3
DA:25,3
DA:30,3
DA:31,0
DA:34,3
DA:35,0
DA:36,0
DA:37,0
DA:41,3
DA:45,3
DA:46,1
DA:49,2
DA:52,2
DA:53,0
DA:55,2
DA:56,0
DA:59,2
DA:62,2
DA:63,1
DA:66,1
DA:76,1
DA:77,0
DA:83,1
DA:93,1
DA:94,0
DA:100,1
DA:101,1
DA:103,1
DA:105,1
DA:106,0
DA:109,1
DA:112,1
DA:115,1
DA:116,1
DA:118,1
DA:120,1
DA:129,1
LF:50
LH:41
BRDA:30,0,0,0
BRDA:34,1,0,0
BRDA:34,2,0,3
BRDA:34,2,1,3
BRDA:34,2,2,3
BRDA:35,3,0,0
BRDA:35,3,1,0
BRDA:35,4,0,0
BRDA:35,4,1,0
BRDA:36,5,0,0
BRDA:36,5,1,0
BRDA:36,6,0,0
BRDA:36,6,1,0
BRDA:37,7,0,0
BRDA:37,7,1,0
BRDA:37,8,0,0
BRDA:37,8,1,0
BRDA:45,9,0,1
BRDA:52,10,0,0
BRDA:55,11,0,0
BRDA:55,12,0,2
BRDA:55,12,1,2
BRDA:62,13,0,1
BRDA:76,14,0,0
BRDA:93,15,0,0
BRDA:105,16,0,0
BRDA:109,17,0,1
BRDA:109,17,1,0
BRDA:111,18,0,0
BRDA:111,18,1,0
BRDA:111,19,0,0
BRDA:111,19,1,0
BRDA:112,20,0,1
BRDA:112,20,1,0
BRDA:114,21,0,0
BRDA:114,21,1,0
BRDA:114,22,0,0
BRDA:114,22,1,0
BRDA:115,23,0,1
BRDA:115,23,1,0
BRDA:115,24,0,0
BRDA:115,24,1,0
BRDA:115,25,0,0
BRDA:115,25,1,0
BRF:44
BRH:10
end_of_record
TN:
SF:src\api\services\Users\CreateUserService.ts
FN:16,(anonymous_8)
FN:16,(anonymous_9)
FN:48,(anonymous_10)
FNF:3
FNH:3
FNDA:28,(anonymous_8)
FNDA:28,(anonymous_9)
FNDA:24,(anonymous_10)
DA:1,16
DA:2,16
DA:3,16
DA:5,16
DA:6,16
DA:10,16
DA:11,16
DA:12,16
DA:13,16
DA:15,16
DA:16,28
DA:24,28
DA:25,28
DA:27,28
DA:28,1
DA:31,27
DA:33,27
DA:36,27
DA:37,27
DA:38,2
DA:41,25
DA:42,1
DA:45,24
DA:49,24
DA:53,24
DA:54,24
DA:55,1
DA:58,23
DA:60,23
DA:62,23
DA:77,23
DA:79,23
DA:94,23
LF:33
LH:33
BRDA:27,0,0,1
BRDA:37,1,0,2
BRDA:37,2,0,27
BRDA:37,2,1,26
BRDA:41,3,0,1
BRDA:49,4,0,24
BRDA:49,4,1,24
BRDA:54,5,0,1
BRF:8
BRH:8
end_of_record
TN:
SF:src\api\services\Users\DeleteUserService.ts
FN:11,(anonymous_8)
FN:11,(anonymous_9)
FNF:2
FNH:2
FNDA:1,(anonymous_8)
FNDA:1,(anonymous_9)
DA:1,16
DA:2,16
DA:4,16
DA:10,16
DA:11,1
DA:12,1
DA:13,1
DA:15,1
DA:19,1
DA:20,0
DA:23,1
LF:11
LH:10
BRDA:19,0,0,0
BRF:1
BRH:0
end_of_record
TN:
SF:src\api\services\Users\ShowUserInfoService.ts
FN:13,(anonymous_8)
FN:13,(anonymous_9)
FNF:2
FNH:2
FNDA:1,(anonymous_8)
FNDA:1,(anonymous_9)
DA:1,16
DA:3,16
DA:4,16
DA:6,16
DA:12,16
DA:13,1
DA:14,1
DA:15,1
DA:17,1
DA:21,1
DA:22,0
DA:25,1
DA:40,1
LF:13
LH:12
BRDA:21,0,0,0
BRF:1
BRH:0
end_of_record
TN:
SF:src\api\services\Users\UpdateUserService.ts
FN:16,(anonymous_8)
FN:16,(anonymous_9)
FN:80,(anonymous_10)
FNF:3
FNH:3
FNDA:4,(anonymous_8)
FNDA:4,(anonymous_9)
FNDA:2,(anonymous_10)
DA:1,16
DA:2,16
DA:3,16
DA:5,16
DA:6,16
DA:10,16
DA:11,16
DA:12,16
DA:13,16
DA:15,16
DA:16,4
DA:26,4
DA:27,4
DA:30,4
DA:34,4
DA:35,4
DA:36,0
DA:39,4
DA:40,3
DA:41,3
DA:42,3
DA:43,0
DA:46,1
DA:47,1
DA:48,1
DA:52,3
DA:53,2
DA:57,2
DA:58,2
DA:59,0
DA:62,1
DA:65,1
DA:66,1
DA:70,2
DA:71,2
DA:72,2
DA:74,0
DA:77,2
DA:81,2
DA:85,2
DA:88,2
DA:89,1
DA:92,1
DA:94,1
DA:96,1
DA:97,1
DA:98,1
DA:99,1
DA:100,1
DA:101,1
DA:102,1
DA:103,1
DA:106,1
DA:107,1
DA:110,1
DA:111,1
DA:113,1
DA:115,1
DA:130,1
LF:59
LH:55
BRDA:35,0,0,0
BRDA:39,1,0,3
BRDA:39,1,1,1
BRDA:41,2,0,0
BRDA:41,2,1,3
BRDA:41,3,0,3
BRDA:41,3,1,3
BRDA:42,4,0,0
BRDA:42,5,0,3
BRDA:42,5,1,3
BRDA:47,6,0,1
BRDA:47,7,0,1
BRDA:47,7,1,1
BRDA:52,8,0,2
BRDA:52,8,1,1
BRDA:54,9,0,0
BRDA:54,9,1,2
BRDA:54,10,0,2
BRDA:54,10,1,2
BRDA:57,11,0,0
BRDA:57,11,1,2
BRDA:57,12,0,2
BRDA:57,12,1,2
BRDA:58,13,0,0
BRDA:58,14,0,2
BRDA:58,14,1,2
BRDA:63,15,0,0
BRDA:63,15,1,1
BRDA:63,16,0,1
BRDA:63,16,1,1
BRDA:65,17,0,1
BRDA:65,18,0,1
BRDA:65,18,1,1
BRDA:71,19,0,2
BRDA:71,19,1,0
BRDA:81,20,0,2
BRDA:81,20,1,2
BRDA:86,21,0,1
BRDA:86,21,1,1
BRDA:88,22,0,1
BRDA:96,23,0,1
BRDA:96,23,1,0
BRDA:97,24,0,1
BRDA:97,24,1,0
BRDA:98,25,0,0
BRDA:98,25,1,1
BRDA:99,26,0,0
BRDA:99,26,1,1
BRDA:100,27,0,1
BRDA:100,27,1,0
BRDA:102,28,0,0
BRDA:102,28,1,1
BRDA:103,29,0,0
BRDA:103,29,1,1
BRDA:106,30,0,0
BRDA:106,30,1,1
BRDA:107,31,0,0
BRDA:107,31,1,1
BRDA:110,32,0,0
BRDA:110,32,1,1
BRDA:111,33,0,0
BRDA:111,33,1,1
BRF:62
BRH:43
end_of_record
TN:
SF:src\api\services\Users\UserAuthService.ts
FN:11,(anonymous_8)
FN:11,(anonymous_9)
FNF:2
FNH:2
FNDA:1,(anonymous_8)
FNDA:1,(anonymous_9)
DA:1,16
DA:2,16
DA:4,16
DA:5,16
DA:7,16
DA:10,16
DA:11,1
DA:12,1
DA:14,1
DA:15,1
DA:16,0
DA:19,1
DA:23,1
DA:24,1
DA:29,1
DA:34,1
DA:37,0
LF:17
LH:15
BRDA:15,0,0,0
BRDA:23,1,0,1
BRF:2
BRH:1
end_of_record
TN:
SF:src\api\utils\cpfFunctions.ts
FN:3,cpfFormater
FNF:1
FNH:1
FNDA:28,cpfFormater
DA:1,16
DA:3,16
DA:4,28
DA:5,28
DA:6,0
DA:8,28
LF:6
LH:5
BRDA:5,0,0,0
BRF:1
BRH:0
end_of_record
TN:
SF:src\api\utils\nameValidation.ts
FN:1,nameValidation
FNF:1
FNH:1
FNDA:25,nameValidation
DA:1,16
DA:2,25
DA:3,25
LF:3
LH:3
BRF:0
BRH:0
end_of_record
TN:
SF:src\api\utils\userTokenGet.ts
FN:10,getUserTokenInfo
FN:10,(anonymous_9)
FNF:2
FNH:2
FNDA:48,getUserTokenInfo
FNDA:48,(anonymous_9)
DA:1,16
DA:2,16
DA:10,48
DA:11,48
DA:12,48
DA:13,48
DA:14,0
DA:17,48
DA:18,48
LF:9
LH:8
BRDA:12,0,0,0
BRDA:12,0,1,48
BRDA:12,1,0,48
BRDA:12,1,1,48
BRDA:13,2,0,0
BRF:5
BRH:3
end_of_record
TN:
SF:src\api\utils\verifyQualifyCategory.ts
FN:3,calcQualified
FNF:1
FNH:1
FNDA:24,calcQualified
DA:1,16
DA:3,16
DA:4,24
DA:5,24
DA:6,24
DA:7,24
DA:8,8
DA:10,16
LF:8
LH:8
BRDA:7,0,0,8
BRF:1
BRH:1
end_of_record
TN:
SF:src\database\index.ts
FN:16,(anonymous_0)
FN:19,(anonymous_1)
FN:23,(anonymous_2)
FN:26,(anonymous_3)
FN:27,(anonymous_4)
FNF:5
FNH:4
FNDA:16,(anonymous_0)
FNDA:0,(anonymous_1)
FNDA:81,(anonymous_2)
FNDA:16,(anonymous_3)
FNDA:16,(anonymous_4)
DA:1,16
DA:2,16
DA:4,16
DA:15,16
DA:17,16
DA:20,0
DA:23,16
DA:24,81
DA:26,16
DA:27,16
DA:28,16
DA:29,0
LF:12
LH:10
BRDA:23,0,0,81
BRDA:24,1,0,65
BRDA:28,2,0,16
BRDA:28,2,1,0
BRF:4
BRH:3
end_of_record
TN:
SF:src\database\entities\Car.ts
FN:43,(anonymous_3)
FN:43,(anonymous_4)
FNF:2
FNH:2
FNDA:16,(anonymous_3)
FNDA:16,(anonymous_4)
DA:1,16
DA:9,16
DA:10,16
DA:13,16
DA:15,16
DA:18,16
DA:21,16
DA:24,16
DA:27,16
DA:30,16
DA:33,16
DA:37,16
DA:41,16
DA:43,16
DA:47,16
DA:50,16
LF:16
LH:16
BRF:0
BRH:0
end_of_record
TN:
SF:src\database\entities\Reserve.ts
FN:28,(anonymous_3)
FN:28,(anonymous_4)
FN:35,(anonymous_5)
FN:35,(anonymous_6)
FNF:4
FNH:4
FNDA:16,(anonymous_3)
FNDA:16,(anonymous_4)
FNDA:16,(anonymous_5)
FNDA:16,(anonymous_6)
DA:1,16
DA:10,16
DA:11,16
DA:12,16
DA:15,16
DA:17,16
DA:20,16
DA:23,16
DA:26,16
DA:28,16
DA:33,16
DA:35,16
DA:40,16
DA:44,16
DA:48,16
DA:51,16
LF:16
LH:16
BRF:0
BRH:0
end_of_record
TN:
SF:src\database\entities\User.ts
FN:63,(anonymous_3)
FN:63,(anonymous_4)
FNF:2
FNH:2
FNDA:16,(anonymous_3)
FNDA:16,(anonymous_4)
DA:1,16
DA:9,16
DA:10,16
DA:13,16
DA:15,16
DA:18,16
DA:22,16
DA:26,16
DA:29,16
DA:32,16
DA:35,16
DA:38,16
DA:41,16
DA:44,16
DA:47,16
DA:50,16
DA:53,16
DA:57,16
DA:61,16
DA:63,16
DA:67,16
DA:71,16
LF:22
LH:22
BRF:0
BRH:0
end_of_record
TN:
SF:src\database\migrations\1727820207184-CreateUser.ts
FN:4,(anonymous_7)
FN:79,(anonymous_9)
FNF:2
FNH:0
FNDA:0,(anonymous_7)
FNDA:0,(anonymous_9)
DA:1,16
DA:3,16
DA:5,0
DA:80,0
LF:4
LH:2
BRF:0
BRH:0
end_of_record
TN:
SF:src\database\migrations\1727863959699-CreateCar.ts
FN:5,(anonymous_7)
FN:61,(anonymous_9)
FNF:2
FNH:0
FNDA:0,(anonymous_7)
FNDA:0,(anonymous_9)
DA:1,16
DA:3,16
DA:6,0
DA:62,0
LF:4
LH:2
BRF:0
BRH:0
end_of_record
TN:
SF:src\routes\Cars.routes.ts
FNF:0
FNH:0
DA:1,16
DA:2,16
DA:4,16
DA:5,16
DA:6,16
DA:7,16
DA:8,16
DA:10,16
DA:12,16
DA:15,16
DA:32,16
DA:51,16
DA:63,16
DA:80,16
DA:92,16
DA:111,16
LF:16
LH:16
BRF:0
BRH:0
end_of_record
TN:
SF:src\routes\Reserve.routes.ts
FNF:0
FNH:0
DA:1,16
DA:2,16
DA:4,16
DA:5,16
DA:6,16
DA:7,16
DA:8,16
DA:10,16
DA:12,16
DA:15,16
DA:29,16
DA:46,16
DA:58,16
DA:75,16
DA:86,16
LF:15
LH:15
BRF:0
BRH:0
end_of_record
TN:
SF:src\routes\Users.routes.ts
FNF:0
FNH:0
DA:1,16
DA:2,16
DA:4,16
DA:5,16
DA:6,16
DA:7,16
DA:8,16
DA:10,16
DA:12,16
DA:14,16
DA:17,16
DA:33,16
DA:45,16
DA:66,16
DA:79,16
DA:86,16
LF:16
LH:16
BRF:0
BRH:0
end_of_record
